<?xml version="1.0" encoding="UTF-8"?>
<robot generator="Robot 7.4.2 (Python 3.14.5 on win32)" generated="2026-06-08T11:47:39.327361" rpa="false" schemaversion="5">
<suite id="s1" name="Calculator Win11Calc" source="c:\Users\DudeQ\Documents\Programming\Python\Robot_framework\Testowanie_oprogramowania\Zadanie_2\Kalkulator_2\calculator_win11calc.robot">
<test id="s1-t1" name="Addition In Calculator" line="24">
<kw name="Open Calculator">
<kw name="Launch Application" owner="FlaUILibrary">
<msg time="2026-06-08T11:47:40.572435" level="INFO">${pid} = 21828</msg>
<var>${pid}</var>
<arg>${CALCULATOR_EXE}</arg>
<doc>Launches an application.</doc>
<status status="PASS" start="2026-06-08T11:47:40.386723" elapsed="0.185802"/>
</kw>
<kw name="Set Test Variable" owner="BuiltIn">
<msg time="2026-06-08T11:47:40.573562" level="INFO">${CALCULATOR_PID} = 21828</msg>
<arg>${CALCULATOR_PID}</arg>
<arg>${pid}</arg>
<doc>Makes a variable available everywhere within the scope of the current test.</doc>
<status status="PASS" start="2026-06-08T11:47:40.572841" elapsed="0.000807"/>
</kw>
<kw name="Wait Until Element Exist" owner="FlaUILibrary">
<arg>${CALCULATOR_WINDOW}</arg>
<doc>Waits until element exist or timeout was reached. If timeout was reached an FlaUIError occurred.</doc>
<status status="PASS" start="2026-06-08T11:47:40.573869" elapsed="0.062348"/>
</kw>
<status status="PASS" start="2026-06-08T11:47:40.385830" elapsed="0.250656"/>
</kw>
<kw name="Click Button By Automation Id">
<kw name="Click" owner="FlaUILibrary">
<arg>${CALCULATOR_WINDOW}//Button[@AutomationId="${automation_id}"]</arg>
<doc>Left click to element by an XPath.</doc>
<status status="PASS" start="2026-06-08T11:47:40.637859" elapsed="0.247532"/>
</kw>
<arg>${BUTTON_CLEAR}</arg>
<status status="PASS" start="2026-06-08T11:47:40.637217" elapsed="0.248381"/>
</kw>
<kw name="Click Button By Automation Id">
<kw name="Click" owner="FlaUILibrary">
<arg>${CALCULATOR_WINDOW}//Button[@AutomationId="${automation_id}"]</arg>
<doc>Left click to element by an XPath.</doc>
<status status="PASS" start="2026-06-08T11:47:40.886792" elapsed="0.284465"/>
</kw>
<arg>${BUTTON_DIGIT_5}</arg>
<status status="PASS" start="2026-06-08T11:47:40.886258" elapsed="0.285188"/>
</kw>
<kw name="Click Button By Automation Id">
<kw name="Click" owner="FlaUILibrary">
<arg>${CALCULATOR_WINDOW}//Button[@AutomationId="${automation_id}"]</arg>
<doc>Left click to element by an XPath.</doc>
<status status="PASS" start="2026-06-08T11:47:41.172475" elapsed="0.225033"/>
</kw>
<arg>${BUTTON_ADD}</arg>
<status status="PASS" start="2026-06-08T11:47:41.172061" elapsed="0.225661"/>
</kw>
<kw name="Click Button By Automation Id">
<kw name="Click" owner="FlaUILibrary">
<msg time="2026-06-08T11:47:42.761105" level="INFO">test_desktop-9vuiqs3_addition_in_calculator_1780912062644.jpg</msg>
<msg time="2026-06-08T11:47:42.761466" level="INFO" html="true">&lt;/td&gt;&lt;/tr&gt;&lt;tr&gt;&lt;td colspan="3"&gt;&lt;a href="test_desktop-9vuiqs3_addition_in_calculator_1780912062644.jpg"&gt;&lt;img src="test_desktop-9vuiqs3_addition_in_calculator_1780912062644.jpg" width="800px"&gt;&lt;/a&gt;</msg>
<msg time="2026-06-08T11:47:42.762578" level="FAIL">FlaUiError: Element from XPath '/Window[contains(@Name, "alculator") or contains(@Name, "alkulator")]//Button[@AutomationId="num7Button"]' could not be found</msg>
<arg>${CALCULATOR_WINDOW}//Button[@AutomationId="${automation_id}"]</arg>
<doc>Left click to element by an XPath.</doc>
<status status="FAIL" start="2026-06-08T11:47:41.398868" elapsed="1.367930">FlaUiError: Element from XPath '/Window[contains(@Name, "alculator") or contains(@Name, "alkulator")]//Button[@AutomationId="num7Button"]' could not be found</status>
</kw>
<arg>${BUTTON_DIGIT_7}</arg>
<status status="FAIL" start="2026-06-08T11:47:41.398358" elapsed="1.368746">FlaUiError: Element from XPath '/Window[contains(@Name, "alculator") or contains(@Name, "alkulator")]//Button[@AutomationId="num7Button"]' could not be found</status>
</kw>
<kw name="Click Button By Automation Id">
<arg>${BUTTON_EQUAL}</arg>
<status status="NOT RUN" start="2026-06-08T11:47:42.768012" elapsed="0.000108"/>
</kw>
<kw name="Result Should Be">
<arg>12</arg>
<status status="NOT RUN" start="2026-06-08T11:47:42.768827" elapsed="0.000101"/>
</kw>
<kw name="Close Calculator" type="TEARDOWN">
<kw name="Run Keyword If" owner="BuiltIn">
<kw name="Close Application" owner="FlaUILibrary">
<arg>${CALCULATOR_PID}</arg>
<doc>Closes the attached application.</doc>
<status status="PASS" start="2026-06-08T11:47:42.771536" elapsed="0.000735"/>
</kw>
<arg>'${CALCULATOR_PID}' != '${EMPTY}'</arg>
<arg>Close Application</arg>
<arg>${CALCULATOR_PID}</arg>
<doc>Runs the given keyword with the given arguments, if ``condition`` is true.</doc>
<status status="PASS" start="2026-06-08T11:47:42.770226" elapsed="0.002158"/>
</kw>
<kw name="Set Test Variable" owner="BuiltIn">
<msg time="2026-06-08T11:47:42.773481" level="INFO">${CALCULATOR_PID} = </msg>
<arg>${CALCULATOR_PID}</arg>
<arg>${EMPTY}</arg>
<doc>Makes a variable available everywhere within the scope of the current test.</doc>
<status status="PASS" start="2026-06-08T11:47:42.772552" elapsed="0.001034"/>
</kw>
<status status="PASS" start="2026-06-08T11:47:42.769760" elapsed="0.003971"/>
</kw>
<status status="FAIL" start="2026-06-08T11:47:40.384667" elapsed="2.389428">FlaUiError: Element from XPath '/Window[contains(@Name, "alculator") or contains(@Name, "alkulator")]//Button[@AutomationId="num7Button"]' could not be found</status>
</test>
<test id="s1-t2" name="Subtraction In Calculator" line="34">
<kw name="Open Calculator">
<kw name="Launch Application" owner="FlaUILibrary">
<msg time="2026-06-08T11:47:42.822277" level="INFO">${pid} = 7728</msg>
<var>${pid}</var>
<arg>${CALCULATOR_EXE}</arg>
<doc>Launches an application.</doc>
<status status="PASS" start="2026-06-08T11:47:42.777493" elapsed="0.044883"/>
</kw>
<kw name="Set Test Variable" owner="BuiltIn">
<msg time="2026-06-08T11:47:42.823757" level="INFO">${CALCULATOR_PID} = 7728</msg>
<arg>${CALCULATOR_PID}</arg>
<arg>${pid}</arg>
<doc>Makes a variable available everywhere within the scope of the current test.</doc>
<status status="PASS" start="2026-06-08T11:47:42.822755" elapsed="0.001080"/>
</kw>
<kw name="Wait Until Element Exist" owner="FlaUILibrary">
<arg>${CALCULATOR_WINDOW}</arg>
<doc>Waits until element exist or timeout was reached. If timeout was reached an FlaUIError occurred.</doc>
<status status="PASS" start="2026-06-08T11:47:42.824025" elapsed="0.026996"/>
</kw>
<status status="PASS" start="2026-06-08T11:47:42.776919" elapsed="0.074401"/>
</kw>
<kw name="Click Button By Automation Id">
<kw name="Click" owner="FlaUILibrary">
<arg>${CALCULATOR_WINDOW}//Button[@AutomationId="${automation_id}"]</arg>
<doc>Left click to element by an XPath.</doc>
<status status="PASS" start="2026-06-08T11:47:42.852673" elapsed="1.297229"/>
</kw>
<arg>${BUTTON_CLEAR}</arg>
<status status="PASS" start="2026-06-08T11:47:42.852044" elapsed="1.298137"/>
</kw>
<kw name="Click Button By Automation Id">
<kw name="Click" owner="FlaUILibrary">
<arg>${CALCULATOR_WINDOW}//Button[@AutomationId="${automation_id}"]</arg>
<doc>Left click to element by an XPath.</doc>
<status status="PASS" start="2026-06-08T11:47:44.151836" elapsed="0.190681"/>
</kw>
<arg>${BUTTON_DIGIT_7}</arg>
<status status="PASS" start="2026-06-08T11:47:44.151342" elapsed="0.191410"/>
</kw>
<kw name="Click Button By Automation Id">
<kw name="Click" owner="FlaUILibrary">
<arg>${CALCULATOR_WINDOW}//Button[@AutomationId="${automation_id}"]</arg>
<doc>Left click to element by an XPath.</doc>
<status status="PASS" start="2026-06-08T11:47:44.344054" elapsed="0.174172"/>
</kw>
<arg>${BUTTON_SUBTRACT}</arg>
<status status="PASS" start="2026-06-08T11:47:44.343536" elapsed="0.174979"/>
</kw>
<kw name="Click Button By Automation Id">
<kw name="Click" owner="FlaUILibrary">
<arg>${CALCULATOR_WINDOW}//Button[@AutomationId="${automation_id}"]</arg>
<doc>Left click to element by an XPath.</doc>
<status status="PASS" start="2026-06-08T11:47:44.519697" elapsed="0.172457"/>
</kw>
<arg>${BUTTON_DIGIT_5}</arg>
<status status="PASS" start="2026-06-08T11:47:44.519238" elapsed="0.173207"/>
</kw>
<kw name="Click Button By Automation Id">
<kw name="Click" owner="FlaUILibrary">
<arg>${CALCULATOR_WINDOW}//Button[@AutomationId="${automation_id}"]</arg>
<doc>Left click to element by an XPath.</doc>
<status status="PASS" start="2026-06-08T11:47:44.693859" elapsed="0.172921"/>
</kw>
<arg>${BUTTON_EQUAL}</arg>
<status status="PASS" start="2026-06-08T11:47:44.693161" elapsed="0.173908"/>
</kw>
<kw name="Result Should Be">
<kw name="Get Name From Element" owner="FlaUILibrary">
<msg time="2026-06-08T11:47:44.895322" level="INFO">${result} = Display is 2</msg>
<var>${result}</var>
<arg>${DISPLAY_VALUE}</arg>
<doc>Return name value from element.</doc>
<status status="PASS" start="2026-06-08T11:47:44.868339" elapsed="0.027069"/>
</kw>
<kw name="Should Contain" owner="BuiltIn">
<arg>${result}</arg>
<arg>${expected}</arg>
<doc>Fails if ``container`` does not contain ``item`` one or more times.</doc>
<status status="PASS" start="2026-06-08T11:47:44.895665" elapsed="0.000829"/>
</kw>
<arg>2</arg>
<status status="PASS" start="2026-06-08T11:47:44.867780" elapsed="0.028832"/>
</kw>
<kw name="Close Calculator" type="TEARDOWN">
<kw name="Run Keyword If" owner="BuiltIn">
<kw name="Close Application" owner="FlaUILibrary">
<arg>${CALCULATOR_PID}</arg>
<doc>Closes the attached application.</doc>
<status status="PASS" start="2026-06-08T11:47:44.898797" elapsed="0.000393"/>
</kw>
<arg>'${CALCULATOR_PID}' != '${EMPTY}'</arg>
<arg>Close Application</arg>
<arg>${CALCULATOR_PID}</arg>
<doc>Runs the given keyword with the given arguments, if ``condition`` is true.</doc>
<status status="PASS" start="2026-06-08T11:47:44.897657" elapsed="0.001625"/>
</kw>
<kw name="Set Test Variable" owner="BuiltIn">
<msg time="2026-06-08T11:47:44.900107" level="INFO">${CALCULATOR_PID} = </msg>
<arg>${CALCULATOR_PID}</arg>
<arg>${EMPTY}</arg>
<doc>Makes a variable available everywhere within the scope of the current test.</doc>
<status status="PASS" start="2026-06-08T11:47:44.899414" elapsed="0.000754"/>
</kw>
<status status="PASS" start="2026-06-08T11:47:44.897290" elapsed="0.002961"/>
</kw>
<status status="PASS" start="2026-06-08T11:47:42.775850" elapsed="2.124826"/>
</test>
<test id="s1-t3" name="Multiplication In Calculator" line="43">
<kw name="Open Calculator">
<kw name="Launch Application" owner="FlaUILibrary">
<msg time="2026-06-08T11:47:44.985918" level="INFO">${pid} = 20000</msg>
<var>${pid}</var>
<arg>${CALCULATOR_EXE}</arg>
<doc>Launches an application.</doc>
<status status="PASS" start="2026-06-08T11:47:44.902641" elapsed="0.083408"/>
</kw>
<kw name="Set Test Variable" owner="BuiltIn">
<msg time="2026-06-08T11:47:44.987518" level="INFO">${CALCULATOR_PID} = 20000</msg>
<arg>${CALCULATOR_PID}</arg>
<arg>${pid}</arg>
<doc>Makes a variable available everywhere within the scope of the current test.</doc>
<status status="PASS" start="2026-06-08T11:47:44.986635" elapsed="0.000995"/>
</kw>
<kw name="Wait Until Element Exist" owner="FlaUILibrary">
<arg>${CALCULATOR_WINDOW}</arg>
<doc>Waits until element exist or timeout was reached. If timeout was reached an FlaUIError occurred.</doc>
<status status="PASS" start="2026-06-08T11:47:44.987991" elapsed="0.019333"/>
</kw>
<status status="PASS" start="2026-06-08T11:47:44.902338" elapsed="0.105204"/>
</kw>
<kw name="Click Button By Automation Id">
<kw name="Click" owner="FlaUILibrary">
<arg>${CALCULATOR_WINDOW}//Button[@AutomationId="${automation_id}"]</arg>
<doc>Left click to element by an XPath.</doc>
<status status="PASS" start="2026-06-08T11:47:45.008952" elapsed="0.189517"/>
</kw>
<arg>${BUTTON_CLEAR}</arg>
<status status="PASS" start="2026-06-08T11:47:45.008353" elapsed="0.190518"/>
</kw>
<kw name="Click Button By Automation Id">
<kw name="Click" owner="FlaUILibrary">
<arg>${CALCULATOR_WINDOW}//Button[@AutomationId="${automation_id}"]</arg>
<doc>Left click to element by an XPath.</doc>
<status status="PASS" start="2026-06-08T11:47:45.200799" elapsed="0.251528"/>
</kw>
<arg>${BUTTON_DIGIT_7}</arg>
<status status="PASS" start="2026-06-08T11:47:45.200011" elapsed="0.252543"/>
</kw>
<kw name="Click Button By Automation Id">
<kw name="Click" owner="FlaUILibrary">
<arg>${CALCULATOR_WINDOW}//Button[@AutomationId="${automation_id}"]</arg>
<doc>Left click to element by an XPath.</doc>
<status status="PASS" start="2026-06-08T11:47:45.453775" elapsed="0.157309"/>
</kw>
<arg>${BUTTON_MULTIPLY}</arg>
<status status="PASS" start="2026-06-08T11:47:45.453289" elapsed="0.157989"/>
</kw>
<kw name="Click Button By Automation Id">
<kw name="Click" owner="FlaUILibrary">
<arg>${CALCULATOR_WINDOW}//Button[@AutomationId="${automation_id}"]</arg>
<doc>Left click to element by an XPath.</doc>
<status status="PASS" start="2026-06-08T11:47:45.612396" elapsed="0.205340"/>
</kw>
<arg>${BUTTON_DIGIT_5}</arg>
<status status="PASS" start="2026-06-08T11:47:45.611883" elapsed="0.206121"/>
</kw>
<kw name="Click Button By Automation Id">
<kw name="Click" owner="FlaUILibrary">
<arg>${CALCULATOR_WINDOW}//Button[@AutomationId="${automation_id}"]</arg>
<doc>Left click to element by an XPath.</doc>
<status status="PASS" start="2026-06-08T11:47:45.819136" elapsed="0.191305"/>
</kw>
<arg>${BUTTON_EQUAL}</arg>
<status status="PASS" start="2026-06-08T11:47:45.818639" elapsed="0.191978"/>
</kw>
<kw name="Result Should Be">
<kw name="Get Name From Element" owner="FlaUILibrary">
<msg time="2026-06-08T11:47:46.039778" level="INFO">${result} = Display is 35</msg>
<var>${result}</var>
<arg>${DISPLAY_VALUE}</arg>
<doc>Return name value from element.</doc>
<status status="PASS" start="2026-06-08T11:47:46.011591" elapsed="0.028262"/>
</kw>
<kw name="Should Contain" owner="BuiltIn">
<arg>${result}</arg>
<arg>${expected}</arg>
<doc>Fails if ``container`` does not contain ``item`` one or more times.</doc>
<status status="PASS" start="2026-06-08T11:47:46.040076" elapsed="0.000606"/>
</kw>
<arg>35</arg>
<status status="PASS" start="2026-06-08T11:47:46.011208" elapsed="0.029585"/>
</kw>
<kw name="Close Calculator" type="TEARDOWN">
<kw name="Run Keyword If" owner="BuiltIn">
<kw name="Close Application" owner="FlaUILibrary">
<arg>${CALCULATOR_PID}</arg>
<doc>Closes the attached application.</doc>
<status status="PASS" start="2026-06-08T11:47:46.042796" elapsed="0.000378"/>
</kw>
<arg>'${CALCULATOR_PID}' != '${EMPTY}'</arg>
<arg>Close Application</arg>
<arg>${CALCULATOR_PID}</arg>
<doc>Runs the given keyword with the given arguments, if ``condition`` is true.</doc>
<status status="PASS" start="2026-06-08T11:47:46.041826" elapsed="0.001442"/>
</kw>
<kw name="Set Test Variable" owner="BuiltIn">
<msg time="2026-06-08T11:47:46.044105" level="INFO">${CALCULATOR_PID} = </msg>
<arg>${CALCULATOR_PID}</arg>
<arg>${EMPTY}</arg>
<doc>Makes a variable available everywhere within the scope of the current test.</doc>
<status status="PASS" start="2026-06-08T11:47:46.043414" elapsed="0.000747"/>
</kw>
<status status="PASS" start="2026-06-08T11:47:46.041480" elapsed="0.002764"/>
</kw>
<status status="PASS" start="2026-06-08T11:47:44.901650" elapsed="1.142978"/>
</test>
<test id="s1-t4" name="Division In Calculator" line="52">
<kw name="Open Calculator">
<kw name="Launch Application" owner="FlaUILibrary">
<msg time="2026-06-08T11:47:46.083094" level="INFO">${pid} = 20780</msg>
<var>${pid}</var>
<arg>${CALCULATOR_EXE}</arg>
<doc>Launches an application.</doc>
<status status="PASS" start="2026-06-08T11:47:46.046777" elapsed="0.036408"/>
</kw>
<kw name="Set Test Variable" owner="BuiltIn">
<msg time="2026-06-08T11:47:46.083932" level="INFO">${CALCULATOR_PID} = 20780</msg>
<arg>${CALCULATOR_PID}</arg>
<arg>${pid}</arg>
<doc>Makes a variable available everywhere within the scope of the current test.</doc>
<status status="PASS" start="2026-06-08T11:47:46.083424" elapsed="0.000575"/>
</kw>
<kw name="Wait Until Element Exist" owner="FlaUILibrary">
<arg>${CALCULATOR_WINDOW}</arg>
<doc>Waits until element exist or timeout was reached. If timeout was reached an FlaUIError occurred.</doc>
<status status="PASS" start="2026-06-08T11:47:46.084162" elapsed="0.009434"/>
</kw>
<status status="PASS" start="2026-06-08T11:47:46.046373" elapsed="0.047428"/>
</kw>
<kw name="Click Button By Automation Id">
<kw name="Click" owner="FlaUILibrary">
<arg>${CALCULATOR_WINDOW}//Button[@AutomationId="${automation_id}"]</arg>
<doc>Left click to element by an XPath.</doc>
<status status="PASS" start="2026-06-08T11:47:46.094825" elapsed="0.167727"/>
</kw>
<arg>${BUTTON_CLEAR}</arg>
<status status="PASS" start="2026-06-08T11:47:46.094419" elapsed="0.168317"/>
</kw>
<kw name="Click Button By Automation Id">
<kw name="Click" owner="FlaUILibrary">
<arg>${CALCULATOR_WINDOW}//Button[@AutomationId="${automation_id}"]</arg>
<doc>Left click to element by an XPath.</doc>
<status status="PASS" start="2026-06-08T11:47:46.263895" elapsed="0.219958"/>
</kw>
<arg>${BUTTON_DIGIT_9}</arg>
<status status="PASS" start="2026-06-08T11:47:46.263422" elapsed="0.220614"/>
</kw>
<kw name="Click Button By Automation Id">
<kw name="Click" owner="FlaUILibrary">
<arg>${CALCULATOR_WINDOW}//Button[@AutomationId="${automation_id}"]</arg>
<doc>Left click to element by an XPath.</doc>
<status status="PASS" start="2026-06-08T11:47:46.485043" elapsed="0.172349"/>
</kw>
<arg>${BUTTON_DIVIDE}</arg>
<status status="PASS" start="2026-06-08T11:47:46.484644" elapsed="0.172957"/>
</kw>
<kw name="Click Button By Automation Id">
<kw name="Click" owner="FlaUILibrary">
<arg>${CALCULATOR_WINDOW}//Button[@AutomationId="${automation_id}"]</arg>
<doc>Left click to element by an XPath.</doc>
<status status="PASS" start="2026-06-08T11:47:46.658602" elapsed="0.205385"/>
</kw>
<arg>${BUTTON_DIGIT_3}</arg>
<status status="PASS" start="2026-06-08T11:47:46.658175" elapsed="0.206084"/>
</kw>
<kw name="Click Button By Automation Id">
<kw name="Click" owner="FlaUILibrary">
<arg>${CALCULATOR_WINDOW}//Button[@AutomationId="${automation_id}"]</arg>
<doc>Left click to element by an XPath.</doc>
<status status="PASS" start="2026-06-08T11:47:46.865539" elapsed="0.188478"/>
</kw>
<arg>${BUTTON_EQUAL}</arg>
<status status="PASS" start="2026-06-08T11:47:46.865017" elapsed="0.189227"/>
</kw>
<kw name="Result Should Be">
<kw name="Get Name From Element" owner="FlaUILibrary">
<msg time="2026-06-08T11:47:47.086001" level="INFO">${result} = Display is 3</msg>
<var>${result}</var>
<arg>${DISPLAY_VALUE}</arg>
<doc>Return name value from element.</doc>
<status status="PASS" start="2026-06-08T11:47:47.055432" elapsed="0.030703"/>
</kw>
<kw name="Should Contain" owner="BuiltIn">
<arg>${result}</arg>
<arg>${expected}</arg>
<doc>Fails if ``container`` does not contain ``item`` one or more times.</doc>
<status status="PASS" start="2026-06-08T11:47:47.086464" elapsed="0.000588"/>
</kw>
<arg>3</arg>
<status status="PASS" start="2026-06-08T11:47:47.054962" elapsed="0.032201"/>
</kw>
<kw name="Close Calculator" type="TEARDOWN">
<kw name="Run Keyword If" owner="BuiltIn">
<kw name="Close Application" owner="FlaUILibrary">
<arg>${CALCULATOR_PID}</arg>
<doc>Closes the attached application.</doc>
<status status="PASS" start="2026-06-08T11:47:47.089931" elapsed="0.000428"/>
</kw>
<arg>'${CALCULATOR_PID}' != '${EMPTY}'</arg>
<arg>Close Application</arg>
<arg>${CALCULATOR_PID}</arg>
<doc>Runs the given keyword with the given arguments, if ``condition`` is true.</doc>
<status status="PASS" start="2026-06-08T11:47:47.088184" elapsed="0.002328"/>
</kw>
<kw name="Set Test Variable" owner="BuiltIn">
<msg time="2026-06-08T11:47:47.091486" level="INFO">${CALCULATOR_PID} = </msg>
<arg>${CALCULATOR_PID}</arg>
<arg>${EMPTY}</arg>
<doc>Makes a variable available everywhere within the scope of the current test.</doc>
<status status="PASS" start="2026-06-08T11:47:47.090718" elapsed="0.000830"/>
</kw>
<status status="PASS" start="2026-06-08T11:47:47.087807" elapsed="0.003832"/>
</kw>
<status status="PASS" start="2026-06-08T11:47:46.045617" elapsed="1.046401"/>
</test>
<test id="s1-t5" name="Negation In Calculator" line="61">
<kw name="Open Calculator">
<kw name="Launch Application" owner="FlaUILibrary">
<msg time="2026-06-08T11:47:47.131541" level="INFO">${pid} = 12960</msg>
<var>${pid}</var>
<arg>${CALCULATOR_EXE}</arg>
<doc>Launches an application.</doc>
<status status="PASS" start="2026-06-08T11:47:47.094428" elapsed="0.037211"/>
</kw>
<kw name="Set Test Variable" owner="BuiltIn">
<msg time="2026-06-08T11:47:47.132558" level="INFO">${CALCULATOR_PID} = 12960</msg>
<arg>${CALCULATOR_PID}</arg>
<arg>${pid}</arg>
<doc>Makes a variable available everywhere within the scope of the current test.</doc>
<status status="PASS" start="2026-06-08T11:47:47.131951" elapsed="0.000668"/>
</kw>
<kw name="Wait Until Element Exist" owner="FlaUILibrary">
<arg>${CALCULATOR_WINDOW}</arg>
<doc>Waits until element exist or timeout was reached. If timeout was reached an FlaUIError occurred.</doc>
<status status="PASS" start="2026-06-08T11:47:47.132838" elapsed="0.010021"/>
</kw>
<status status="PASS" start="2026-06-08T11:47:47.094137" elapsed="0.048989"/>
</kw>
<kw name="Click Button By Automation Id">
<kw name="Click" owner="FlaUILibrary">
<arg>${CALCULATOR_WINDOW}//Button[@AutomationId="${automation_id}"]</arg>
<doc>Left click to element by an XPath.</doc>
<status status="PASS" start="2026-06-08T11:47:47.144358" elapsed="0.179774"/>
</kw>
<arg>${BUTTON_CLEAR}</arg>
<status status="PASS" start="2026-06-08T11:47:47.143858" elapsed="0.180559"/>
</kw>
<kw name="Click Button By Automation Id">
<kw name="Click" owner="FlaUILibrary">
<arg>${CALCULATOR_WINDOW}//Button[@AutomationId="${automation_id}"]</arg>
<doc>Left click to element by an XPath.</doc>
<status status="PASS" start="2026-06-08T11:47:47.325583" elapsed="0.205598"/>
</kw>
<arg>${BUTTON_DIGIT_5}</arg>
<status status="PASS" start="2026-06-08T11:47:47.325121" elapsed="0.206271"/>
</kw>
<kw name="Click Button By Automation Id">
<kw name="Click" owner="FlaUILibrary">
<arg>${CALCULATOR_WINDOW}//Button[@AutomationId="${automation_id}"]</arg>
<doc>Left click to element by an XPath.</doc>
<status status="PASS" start="2026-06-08T11:47:47.532723" elapsed="0.204147"/>
</kw>
<arg>${BUTTON_NEGATE}</arg>
<status status="PASS" start="2026-06-08T11:47:47.532226" elapsed="0.204839"/>
</kw>
<kw name="Click Button By Automation Id">
<kw name="Click" owner="FlaUILibrary">
<arg>${CALCULATOR_WINDOW}//Button[@AutomationId="${automation_id}"]</arg>
<doc>Left click to element by an XPath.</doc>
<status status="PASS" start="2026-06-08T11:47:47.738330" elapsed="0.204832"/>
</kw>
<arg>${BUTTON_ADD}</arg>
<status status="PASS" start="2026-06-08T11:47:47.737808" elapsed="0.205547"/>
</kw>
<kw name="Click Button By Automation Id">
<kw name="Click" owner="FlaUILibrary">
<arg>${CALCULATOR_WINDOW}//Button[@AutomationId="${automation_id}"]</arg>
<doc>Left click to element by an XPath.</doc>
<status status="PASS" start="2026-06-08T11:47:47.944784" elapsed="0.189590"/>
</kw>
<arg>${BUTTON_DIGIT_7}</arg>
<status status="PASS" start="2026-06-08T11:47:47.944222" elapsed="0.190361"/>
</kw>
<kw name="Click Button By Automation Id">
<kw name="Click" owner="FlaUILibrary">
<arg>${CALCULATOR_WINDOW}//Button[@AutomationId="${automation_id}"]</arg>
<doc>Left click to element by an XPath.</doc>
<status status="PASS" start="2026-06-08T11:47:48.135751" elapsed="0.172306"/>
</kw>
<arg>${BUTTON_EQUAL}</arg>
<status status="PASS" start="2026-06-08T11:47:48.135270" elapsed="0.173123"/>
</kw>
<kw name="Result Should Be">
<kw name="Get Name From Element" owner="FlaUILibrary">
<msg time="2026-06-08T11:47:48.343992" level="INFO">${result} = Display is 2</msg>
<var>${result}</var>
<arg>${DISPLAY_VALUE}</arg>
<doc>Return name value from element.</doc>
<status status="PASS" start="2026-06-08T11:47:48.310078" elapsed="0.034018"/>
</kw>
<kw name="Should Contain" owner="BuiltIn">
<arg>${result}</arg>
<arg>${expected}</arg>
<doc>Fails if ``container`` does not contain ``item`` one or more times.</doc>
<status status="PASS" start="2026-06-08T11:47:48.344377" elapsed="0.000590"/>
</kw>
<arg>2</arg>
<status status="PASS" start="2026-06-08T11:47:48.309391" elapsed="0.035686"/>
</kw>
<kw name="Close Calculator" type="TEARDOWN">
<kw name="Run Keyword If" owner="BuiltIn">
<kw name="Close Application" owner="FlaUILibrary">
<arg>${CALCULATOR_PID}</arg>
<doc>Closes the attached application.</doc>
<status status="PASS" start="2026-06-08T11:47:48.347176" elapsed="0.000443"/>
</kw>
<arg>'${CALCULATOR_PID}' != '${EMPTY}'</arg>
<arg>Close Application</arg>
<arg>${CALCULATOR_PID}</arg>
<doc>Runs the given keyword with the given arguments, if ``condition`` is true.</doc>
<status status="PASS" start="2026-06-08T11:47:48.346233" elapsed="0.001484"/>
</kw>
<kw name="Set Test Variable" owner="BuiltIn">
<msg time="2026-06-08T11:47:48.348574" level="INFO">${CALCULATOR_PID} = </msg>
<arg>${CALCULATOR_PID}</arg>
<arg>${EMPTY}</arg>
<doc>Makes a variable available everywhere within the scope of the current test.</doc>
<status status="PASS" start="2026-06-08T11:47:48.347854" elapsed="0.000781"/>
</kw>
<status status="PASS" start="2026-06-08T11:47:48.345871" elapsed="0.002854"/>
</kw>
<status status="PASS" start="2026-06-08T11:47:47.093438" elapsed="1.255897"/>
</test>
<status status="FAIL" start="2026-06-08T11:47:39.329588" elapsed="9.021225"/>
</suite>
<statistics>
<total>
<stat pass="4" fail="1" skip="0">All Tests</stat>
</total>
<tag>
</tag>
<suite>
<stat name="Calculator Win11Calc" id="s1" pass="4" fail="1" skip="0">Calculator Win11Calc</stat>
</suite>
</statistics>
<errors>
</errors>
</robot>
