<?xml version="1.0" encoding="UTF-8"?>
<robot generator="Robot 7.4.2 (Python 3.14.5 on win32)" generated="2026-06-08T11:48:34.359715" rpa="false" schemaversion="5">
<suite id="s1" name="Calculator Win32Calc" source="c:\Users\DudeQ\Documents\Programming\Python\Robot_framework\Testowanie_oprogramowania\Zadanie_2\Kalkulator_1\calculator_win32calc.robot">
<test id="s1-t1" name="Addition In Calculator" line="24">
<kw name="Open Calculator">
<kw name="Launch Application" owner="FlaUILibrary">
<msg time="2026-06-08T11:48:35.506490" level="INFO">${pid} = 1880</msg>
<var>${pid}</var>
<arg>${CALCULATOR_EXE}</arg>
<doc>Launches an application.</doc>
<status status="PASS" start="2026-06-08T11:48:35.360957" elapsed="0.145682"/>
</kw>
<kw name="Set Test Variable" owner="BuiltIn">
<msg time="2026-06-08T11:48:35.508034" level="INFO">${CALCULATOR_PID} = 1880</msg>
<arg>${CALCULATOR_PID}</arg>
<arg>${pid}</arg>
<doc>Makes a variable available everywhere within the scope of the current test.</doc>
<status status="PASS" start="2026-06-08T11:48:35.507088" elapsed="0.001065"/>
</kw>
<kw name="Wait Until Element Exist" owner="FlaUILibrary">
<arg>${CALCULATOR_WINDOW}</arg>
<doc>Waits until element exist or timeout was reached. If timeout was reached an FlaUIError occurred.</doc>
<status status="PASS" start="2026-06-08T11:48:35.508433" elapsed="1.202211"/>
</kw>
<status status="PASS" start="2026-06-08T11:48:35.359566" elapsed="1.351333"/>
</kw>
<kw name="Click Button By Automation Id">
<kw name="Click" owner="FlaUILibrary">
<arg>${CALCULATOR_WINDOW}//Button[@AutomationId="${automation_id}"]</arg>
<doc>Left click to element by an XPath.</doc>
<status status="PASS" start="2026-06-08T11:48:36.712248" elapsed="0.209178"/>
</kw>
<arg>${BUTTON_CLEAR}</arg>
<status status="PASS" start="2026-06-08T11:48:36.711681" elapsed="0.210031"/>
</kw>
<kw name="Click Button By Automation Id">
<kw name="Click" owner="FlaUILibrary">
<arg>${CALCULATOR_WINDOW}//Button[@AutomationId="${automation_id}"]</arg>
<doc>Left click to element by an XPath.</doc>
<status status="PASS" start="2026-06-08T11:48:36.923178" elapsed="0.170834"/>
</kw>
<arg>${BUTTON_DIGIT_5}</arg>
<status status="PASS" start="2026-06-08T11:48:36.922598" elapsed="0.171741"/>
</kw>
<kw name="Click Button By Automation Id">
<kw name="Click" owner="FlaUILibrary">
<arg>${CALCULATOR_WINDOW}//Button[@AutomationId="${automation_id}"]</arg>
<doc>Left click to element by an XPath.</doc>
<status status="PASS" start="2026-06-08T11:48:37.095772" elapsed="0.224222"/>
</kw>
<arg>${BUTTON_ADD}</arg>
<status status="PASS" start="2026-06-08T11:48:37.095244" elapsed="0.224997"/>
</kw>
<kw name="Click Button By Automation Id">
<kw name="Click" owner="FlaUILibrary">
<arg>${CALCULATOR_WINDOW}//Button[@AutomationId="${automation_id}"]</arg>
<doc>Left click to element by an XPath.</doc>
<status status="PASS" start="2026-06-08T11:48:37.321715" elapsed="0.167499"/>
</kw>
<arg>${BUTTON_DIGIT_7}</arg>
<status status="PASS" start="2026-06-08T11:48:37.320984" elapsed="0.168594"/>
</kw>
<kw name="Click Button By Automation Id">
<kw name="Click" owner="FlaUILibrary">
<arg>${CALCULATOR_WINDOW}//Button[@AutomationId="${automation_id}"]</arg>
<doc>Left click to element by an XPath.</doc>
<status status="PASS" start="2026-06-08T11:48:37.490958" elapsed="0.240999"/>
</kw>
<arg>${BUTTON_EQUAL}</arg>
<status status="PASS" start="2026-06-08T11:48:37.490375" elapsed="0.242023"/>
</kw>
<kw name="Result Should Be">
<kw name="Get Name From Element" owner="FlaUILibrary">
<msg time="2026-06-08T11:48:37.765034" level="INFO">${result} = 12</msg>
<var>${result}</var>
<arg>${DISPLAY_VALUE}</arg>
<doc>Return name value from element.</doc>
<status status="PASS" start="2026-06-08T11:48:37.733986" elapsed="0.031139"/>
</kw>
<kw name="Should Be Equal As Strings" owner="BuiltIn">
<arg>${result}</arg>
<arg>${expected}</arg>
<doc>Fails if objects are unequal after converting them to strings.</doc>
<status status="PASS" start="2026-06-08T11:48:37.765405" elapsed="0.000628"/>
</kw>
<arg>12</arg>
<status status="PASS" start="2026-06-08T11:48:37.733474" elapsed="0.032673"/>
</kw>
<kw name="Close Calculator" type="TEARDOWN">
<kw name="Run Keyword If" owner="BuiltIn">
<kw name="Close Application" owner="FlaUILibrary">
<arg>${CALCULATOR_PID}</arg>
<doc>Closes the attached application.</doc>
<status status="PASS" start="2026-06-08T11:48:37.768568" elapsed="0.030450"/>
</kw>
<arg>'${CALCULATOR_PID}' != '${EMPTY}'</arg>
<arg>Close Application</arg>
<arg>${CALCULATOR_PID}</arg>
<doc>Runs the given keyword with the given arguments, if ``condition`` is true.</doc>
<status status="PASS" start="2026-06-08T11:48:37.767416" elapsed="0.032351"/>
</kw>
<kw name="Set Test Variable" owner="BuiltIn">
<msg time="2026-06-08T11:48:37.802229" level="INFO">${CALCULATOR_PID} = </msg>
<arg>${CALCULATOR_PID}</arg>
<arg>${EMPTY}</arg>
<doc>Makes a variable available everywhere within the scope of the current test.</doc>
<status status="PASS" start="2026-06-08T11:48:37.800450" elapsed="0.001914"/>
</kw>
<status status="PASS" start="2026-06-08T11:48:37.766987" elapsed="0.035571"/>
</kw>
<status status="PASS" start="2026-06-08T11:48:35.358191" elapsed="2.444981"/>
</test>
<test id="s1-t2" name="Subtraction In Calculator" line="34">
<kw name="Open Calculator">
<kw name="Launch Application" owner="FlaUILibrary">
<msg time="2026-06-08T11:48:37.870958" level="INFO">${pid} = 18956</msg>
<var>${pid}</var>
<arg>${CALCULATOR_EXE}</arg>
<doc>Launches an application.</doc>
<status status="PASS" start="2026-06-08T11:48:37.808199" elapsed="0.062900"/>
</kw>
<kw name="Set Test Variable" owner="BuiltIn">
<msg time="2026-06-08T11:48:37.872484" level="INFO">${CALCULATOR_PID} = 18956</msg>
<arg>${CALCULATOR_PID}</arg>
<arg>${pid}</arg>
<doc>Makes a variable available everywhere within the scope of the current test.</doc>
<status status="PASS" start="2026-06-08T11:48:37.871630" elapsed="0.000964"/>
</kw>
<kw name="Wait Until Element Exist" owner="FlaUILibrary">
<arg>${CALCULATOR_WINDOW}</arg>
<doc>Waits until element exist or timeout was reached. If timeout was reached an FlaUIError occurred.</doc>
<status status="PASS" start="2026-06-08T11:48:37.872919" elapsed="1.201922"/>
</kw>
<status status="PASS" start="2026-06-08T11:48:37.807136" elapsed="1.267943"/>
</kw>
<kw name="Click Button By Automation Id">
<kw name="Click" owner="FlaUILibrary">
<arg>${CALCULATOR_WINDOW}//Button[@AutomationId="${automation_id}"]</arg>
<doc>Left click to element by an XPath.</doc>
<status status="PASS" start="2026-06-08T11:48:39.076331" elapsed="0.208265"/>
</kw>
<arg>${BUTTON_CLEAR}</arg>
<status status="PASS" start="2026-06-08T11:48:39.075815" elapsed="0.209177"/>
</kw>
<kw name="Click Button By Automation Id">
<kw name="Click" owner="FlaUILibrary">
<arg>${CALCULATOR_WINDOW}//Button[@AutomationId="${automation_id}"]</arg>
<doc>Left click to element by an XPath.</doc>
<status status="PASS" start="2026-06-08T11:48:39.286755" elapsed="0.157070"/>
</kw>
<arg>${BUTTON_DIGIT_7}</arg>
<status status="PASS" start="2026-06-08T11:48:39.286003" elapsed="0.158169"/>
</kw>
<kw name="Click Button By Automation Id">
<kw name="Click" owner="FlaUILibrary">
<arg>${CALCULATOR_WINDOW}//Button[@AutomationId="${automation_id}"]</arg>
<doc>Left click to element by an XPath.</doc>
<status status="PASS" start="2026-06-08T11:48:39.445966" elapsed="0.219295"/>
</kw>
<arg>${BUTTON_SUBTRACT}</arg>
<status status="PASS" start="2026-06-08T11:48:39.445307" elapsed="0.220192"/>
</kw>
<kw name="Click Button By Automation Id">
<kw name="Click" owner="FlaUILibrary">
<arg>${CALCULATOR_WINDOW}//Button[@AutomationId="${automation_id}"]</arg>
<doc>Left click to element by an XPath.</doc>
<status status="PASS" start="2026-06-08T11:48:39.667046" elapsed="0.188940"/>
</kw>
<arg>${BUTTON_DIGIT_5}</arg>
<status status="PASS" start="2026-06-08T11:48:39.666365" elapsed="0.189863"/>
</kw>
<kw name="Click Button By Automation Id">
<kw name="Click" owner="FlaUILibrary">
<arg>${CALCULATOR_WINDOW}//Button[@AutomationId="${automation_id}"]</arg>
<doc>Left click to element by an XPath.</doc>
<status status="PASS" start="2026-06-08T11:48:39.857419" elapsed="0.245878"/>
</kw>
<arg>${BUTTON_EQUAL}</arg>
<status status="PASS" start="2026-06-08T11:48:39.856924" elapsed="0.246789"/>
</kw>
<kw name="Result Should Be">
<kw name="Get Name From Element" owner="FlaUILibrary">
<msg time="2026-06-08T11:48:40.134062" level="INFO">${result} = 2</msg>
<var>${result}</var>
<arg>${DISPLAY_VALUE}</arg>
<doc>Return name value from element.</doc>
<status status="PASS" start="2026-06-08T11:48:40.105170" elapsed="0.028989"/>
</kw>
<kw name="Should Be Equal As Strings" owner="BuiltIn">
<arg>${result}</arg>
<arg>${expected}</arg>
<doc>Fails if objects are unequal after converting them to strings.</doc>
<status status="PASS" start="2026-06-08T11:48:40.134692" elapsed="0.000692"/>
</kw>
<arg>2</arg>
<status status="PASS" start="2026-06-08T11:48:40.104693" elapsed="0.030814"/>
</kw>
<kw name="Close Calculator" type="TEARDOWN">
<kw name="Run Keyword If" owner="BuiltIn">
<kw name="Close Application" owner="FlaUILibrary">
<arg>${CALCULATOR_PID}</arg>
<doc>Closes the attached application.</doc>
<status status="PASS" start="2026-06-08T11:48:40.137827" elapsed="0.045568"/>
</kw>
<arg>'${CALCULATOR_PID}' != '${EMPTY}'</arg>
<arg>Close Application</arg>
<arg>${CALCULATOR_PID}</arg>
<doc>Runs the given keyword with the given arguments, if ``condition`` is true.</doc>
<status status="PASS" start="2026-06-08T11:48:40.136705" elapsed="0.047279"/>
</kw>
<kw name="Set Test Variable" owner="BuiltIn">
<msg time="2026-06-08T11:48:40.186126" level="INFO">${CALCULATOR_PID} = </msg>
<arg>${CALCULATOR_PID}</arg>
<arg>${EMPTY}</arg>
<doc>Makes a variable available everywhere within the scope of the current test.</doc>
<status status="PASS" start="2026-06-08T11:48:40.184385" elapsed="0.001871"/>
</kw>
<status status="PASS" start="2026-06-08T11:48:40.136279" elapsed="0.050153"/>
</kw>
<status status="PASS" start="2026-06-08T11:48:37.805333" elapsed="2.381571"/>
</test>
<test id="s1-t3" name="Multiplication In Calculator" line="44">
<kw name="Open Calculator">
<kw name="Launch Application" owner="FlaUILibrary">
<msg time="2026-06-08T11:48:40.270018" level="INFO">${pid} = 19336</msg>
<var>${pid}</var>
<arg>${CALCULATOR_EXE}</arg>
<doc>Launches an application.</doc>
<status status="PASS" start="2026-06-08T11:48:40.203814" elapsed="0.066350"/>
</kw>
<kw name="Set Test Variable" owner="BuiltIn">
<msg time="2026-06-08T11:48:40.272360" level="INFO">${CALCULATOR_PID} = 19336</msg>
<arg>${CALCULATOR_PID}</arg>
<arg>${pid}</arg>
<doc>Makes a variable available everywhere within the scope of the current test.</doc>
<status status="PASS" start="2026-06-08T11:48:40.270636" elapsed="0.001895"/>
</kw>
<kw name="Wait Until Element Exist" owner="FlaUILibrary">
<arg>${CALCULATOR_WINDOW}</arg>
<doc>Waits until element exist or timeout was reached. If timeout was reached an FlaUIError occurred.</doc>
<status status="PASS" start="2026-06-08T11:48:40.273038" elapsed="1.190299"/>
</kw>
<status status="PASS" start="2026-06-08T11:48:40.202703" elapsed="1.260855"/>
</kw>
<kw name="Click Button By Automation Id">
<kw name="Click" owner="FlaUILibrary">
<arg>${CALCULATOR_WINDOW}//Button[@AutomationId="${automation_id}"]</arg>
<doc>Left click to element by an XPath.</doc>
<status status="PASS" start="2026-06-08T11:48:41.464790" elapsed="0.201340"/>
</kw>
<arg>${BUTTON_CLEAR}</arg>
<status status="PASS" start="2026-06-08T11:48:41.464274" elapsed="0.202195"/>
</kw>
<kw name="Click Button By Automation Id">
<kw name="Click" owner="FlaUILibrary">
<arg>${CALCULATOR_WINDOW}//Button[@AutomationId="${automation_id}"]</arg>
<doc>Left click to element by an XPath.</doc>
<status status="PASS" start="2026-06-08T11:48:41.667835" elapsed="0.159360"/>
</kw>
<arg>${BUTTON_DIGIT_7}</arg>
<status status="PASS" start="2026-06-08T11:48:41.667328" elapsed="0.160094"/>
</kw>
<kw name="Click Button By Automation Id">
<kw name="Click" owner="FlaUILibrary">
<arg>${CALCULATOR_WINDOW}//Button[@AutomationId="${automation_id}"]</arg>
<doc>Left click to element by an XPath.</doc>
<status status="PASS" start="2026-06-08T11:48:41.828639" elapsed="0.218679"/>
</kw>
<arg>${BUTTON_MULTIPLY}</arg>
<status status="PASS" start="2026-06-08T11:48:41.828149" elapsed="0.219406"/>
</kw>
<kw name="Click Button By Automation Id">
<kw name="Click" owner="FlaUILibrary">
<arg>${CALCULATOR_WINDOW}//Button[@AutomationId="${automation_id}"]</arg>
<doc>Left click to element by an XPath.</doc>
<status status="PASS" start="2026-06-08T11:48:42.048902" elapsed="0.183455"/>
</kw>
<arg>${BUTTON_DIGIT_5}</arg>
<status status="PASS" start="2026-06-08T11:48:42.048396" elapsed="0.184310"/>
</kw>
<kw name="Click Button By Automation Id">
<kw name="Click" owner="FlaUILibrary">
<arg>${CALCULATOR_WINDOW}//Button[@AutomationId="${automation_id}"]</arg>
<doc>Left click to element by an XPath.</doc>
<status status="PASS" start="2026-06-08T11:48:42.235091" elapsed="0.262511"/>
</kw>
<arg>${BUTTON_EQUAL}</arg>
<status status="PASS" start="2026-06-08T11:48:42.234341" elapsed="0.263519"/>
</kw>
<kw name="Result Should Be">
<kw name="Get Name From Element" owner="FlaUILibrary">
<msg time="2026-06-08T11:48:42.530566" level="INFO">${result} = 35</msg>
<var>${result}</var>
<arg>${DISPLAY_VALUE}</arg>
<doc>Return name value from element.</doc>
<status status="PASS" start="2026-06-08T11:48:42.499060" elapsed="0.031604"/>
</kw>
<kw name="Should Be Equal As Strings" owner="BuiltIn">
<arg>${result}</arg>
<arg>${expected}</arg>
<doc>Fails if objects are unequal after converting them to strings.</doc>
<status status="PASS" start="2026-06-08T11:48:42.530971" elapsed="0.000638"/>
</kw>
<arg>35</arg>
<status status="PASS" start="2026-06-08T11:48:42.498581" elapsed="0.033147"/>
</kw>
<kw name="Close Calculator" type="TEARDOWN">
<kw name="Run Keyword If" owner="BuiltIn">
<kw name="Close Application" owner="FlaUILibrary">
<arg>${CALCULATOR_PID}</arg>
<doc>Closes the attached application.</doc>
<status status="PASS" start="2026-06-08T11:48:42.534409" elapsed="0.022485"/>
</kw>
<arg>'${CALCULATOR_PID}' != '${EMPTY}'</arg>
<arg>Close Application</arg>
<arg>${CALCULATOR_PID}</arg>
<doc>Runs the given keyword with the given arguments, if ``condition`` is true.</doc>
<status status="PASS" start="2026-06-08T11:48:42.533112" elapsed="0.024199"/>
</kw>
<kw name="Set Test Variable" owner="BuiltIn">
<msg time="2026-06-08T11:48:42.559745" level="INFO">${CALCULATOR_PID} = </msg>
<arg>${CALCULATOR_PID}</arg>
<arg>${EMPTY}</arg>
<doc>Makes a variable available everywhere within the scope of the current test.</doc>
<status status="PASS" start="2026-06-08T11:48:42.557757" elapsed="0.002142"/>
</kw>
<status status="PASS" start="2026-06-08T11:48:42.532623" elapsed="0.027488"/>
</kw>
<status status="PASS" start="2026-06-08T11:48:40.200478" elapsed="2.360363"/>
</test>
<test id="s1-t4" name="Division In Calculator" line="54">
<kw name="Open Calculator">
<kw name="Launch Application" owner="FlaUILibrary">
<msg time="2026-06-08T11:48:42.629534" level="INFO">${pid} = 9916</msg>
<var>${pid}</var>
<arg>${CALCULATOR_EXE}</arg>
<doc>Launches an application.</doc>
<status status="PASS" start="2026-06-08T11:48:42.565610" elapsed="0.064033"/>
</kw>
<kw name="Set Test Variable" owner="BuiltIn">
<msg time="2026-06-08T11:48:42.630723" level="INFO">${CALCULATOR_PID} = 9916</msg>
<arg>${CALCULATOR_PID}</arg>
<arg>${pid}</arg>
<doc>Makes a variable available everywhere within the scope of the current test.</doc>
<status status="PASS" start="2026-06-08T11:48:42.629990" elapsed="0.000819"/>
</kw>
<kw name="Wait Until Element Exist" owner="FlaUILibrary">
<arg>${CALCULATOR_WINDOW}</arg>
<doc>Waits until element exist or timeout was reached. If timeout was reached an FlaUIError occurred.</doc>
<status status="PASS" start="2026-06-08T11:48:42.631078" elapsed="1.189609"/>
</kw>
<status status="PASS" start="2026-06-08T11:48:42.565053" elapsed="1.255865"/>
</kw>
<kw name="Click Button By Automation Id">
<kw name="Click" owner="FlaUILibrary">
<arg>${CALCULATOR_WINDOW}//Button[@AutomationId="${automation_id}"]</arg>
<doc>Left click to element by an XPath.</doc>
<status status="PASS" start="2026-06-08T11:48:43.822637" elapsed="0.192931"/>
</kw>
<arg>${BUTTON_CLEAR}</arg>
<status status="PASS" start="2026-06-08T11:48:43.821735" elapsed="0.194074"/>
</kw>
<kw name="Click Button By Automation Id">
<kw name="Click" owner="FlaUILibrary">
<arg>${CALCULATOR_WINDOW}//Button[@AutomationId="${automation_id}"]</arg>
<doc>Left click to element by an XPath.</doc>
<status status="PASS" start="2026-06-08T11:48:44.016999" elapsed="0.205957"/>
</kw>
<arg>${BUTTON_DIGIT_9}</arg>
<status status="PASS" start="2026-06-08T11:48:44.016492" elapsed="0.206763"/>
</kw>
<kw name="Click Button By Automation Id">
<kw name="Click" owner="FlaUILibrary">
<arg>${CALCULATOR_WINDOW}//Button[@AutomationId="${automation_id}"]</arg>
<doc>Left click to element by an XPath.</doc>
<status status="PASS" start="2026-06-08T11:48:44.224623" elapsed="0.212025"/>
</kw>
<arg>${BUTTON_DIVIDE}</arg>
<status status="PASS" start="2026-06-08T11:48:44.223989" elapsed="0.212982"/>
</kw>
<kw name="Click Button By Automation Id">
<kw name="Click" owner="FlaUILibrary">
<arg>${CALCULATOR_WINDOW}//Button[@AutomationId="${automation_id}"]</arg>
<doc>Left click to element by an XPath.</doc>
<status status="PASS" start="2026-06-08T11:48:44.438390" elapsed="0.187047"/>
</kw>
<arg>${BUTTON_DIGIT_3}</arg>
<status status="PASS" start="2026-06-08T11:48:44.437887" elapsed="0.188000"/>
</kw>
<kw name="Click Button By Automation Id">
<kw name="Click" owner="FlaUILibrary">
<arg>${CALCULATOR_WINDOW}//Button[@AutomationId="${automation_id}"]</arg>
<doc>Left click to element by an XPath.</doc>
<status status="PASS" start="2026-06-08T11:48:44.627299" elapsed="0.242885"/>
</kw>
<arg>${BUTTON_EQUAL}</arg>
<status status="PASS" start="2026-06-08T11:48:44.626776" elapsed="0.243714"/>
</kw>
<kw name="Result Should Be">
<kw name="Get Name From Element" owner="FlaUILibrary">
<msg time="2026-06-08T11:48:44.902244" level="INFO">${result} = 3</msg>
<var>${result}</var>
<arg>${DISPLAY_VALUE}</arg>
<doc>Return name value from element.</doc>
<status status="PASS" start="2026-06-08T11:48:44.871775" elapsed="0.030562"/>
</kw>
<kw name="Should Be Equal As Strings" owner="BuiltIn">
<arg>${result}</arg>
<arg>${expected}</arg>
<doc>Fails if objects are unequal after converting them to strings.</doc>
<status status="PASS" start="2026-06-08T11:48:44.902634" elapsed="0.000645"/>
</kw>
<arg>3</arg>
<status status="PASS" start="2026-06-08T11:48:44.871199" elapsed="0.032199"/>
</kw>
<kw name="Close Calculator" type="TEARDOWN">
<kw name="Run Keyword If" owner="BuiltIn">
<kw name="Close Application" owner="FlaUILibrary">
<arg>${CALCULATOR_PID}</arg>
<doc>Closes the attached application.</doc>
<status status="PASS" start="2026-06-08T11:48:44.906334" elapsed="0.031163"/>
</kw>
<arg>'${CALCULATOR_PID}' != '${EMPTY}'</arg>
<arg>Close Application</arg>
<arg>${CALCULATOR_PID}</arg>
<doc>Runs the given keyword with the given arguments, if ``condition`` is true.</doc>
<status status="PASS" start="2026-06-08T11:48:44.905265" elapsed="0.032535"/>
</kw>
<kw name="Set Test Variable" owner="BuiltIn">
<msg time="2026-06-08T11:48:44.942751" level="INFO">${CALCULATOR_PID} = </msg>
<arg>${CALCULATOR_PID}</arg>
<arg>${EMPTY}</arg>
<doc>Makes a variable available everywhere within the scope of the current test.</doc>
<status status="PASS" start="2026-06-08T11:48:44.939005" elapsed="0.003972"/>
</kw>
<status status="PASS" start="2026-06-08T11:48:44.904773" elapsed="0.038551"/>
</kw>
<status status="PASS" start="2026-06-08T11:48:42.563918" elapsed="2.381432"/>
</test>
<test id="s1-t5" name="Negation In Calculator" line="64">
<kw name="Open Calculator">
<kw name="Launch Application" owner="FlaUILibrary">
<msg time="2026-06-08T11:48:45.020516" level="INFO">${pid} = 21456</msg>
<var>${pid}</var>
<arg>${CALCULATOR_EXE}</arg>
<doc>Launches an application.</doc>
<status status="PASS" start="2026-06-08T11:48:44.953094" elapsed="0.067644"/>
</kw>
<kw name="Set Test Variable" owner="BuiltIn">
<msg time="2026-06-08T11:48:45.022238" level="INFO">${CALCULATOR_PID} = 21456</msg>
<arg>${CALCULATOR_PID}</arg>
<arg>${pid}</arg>
<doc>Makes a variable available everywhere within the scope of the current test.</doc>
<status status="PASS" start="2026-06-08T11:48:45.021455" elapsed="0.000899"/>
</kw>
<kw name="Wait Until Element Exist" owner="FlaUILibrary">
<arg>${CALCULATOR_WINDOW}</arg>
<doc>Waits until element exist or timeout was reached. If timeout was reached an FlaUIError occurred.</doc>
<status status="PASS" start="2026-06-08T11:48:45.022684" elapsed="1.185122"/>
</kw>
<status status="PASS" start="2026-06-08T11:48:44.952195" elapsed="1.255923"/>
</kw>
<kw name="Click Button By Automation Id">
<kw name="Click" owner="FlaUILibrary">
<arg>${CALCULATOR_WINDOW}//Button[@AutomationId="${automation_id}"]</arg>
<doc>Left click to element by an XPath.</doc>
<status status="PASS" start="2026-06-08T11:48:46.209535" elapsed="0.193298"/>
</kw>
<arg>${BUTTON_CLEAR}</arg>
<status status="PASS" start="2026-06-08T11:48:46.208955" elapsed="0.194255"/>
</kw>
<kw name="Click Button By Automation Id">
<kw name="Click" owner="FlaUILibrary">
<arg>${CALCULATOR_WINDOW}//Button[@AutomationId="${automation_id}"]</arg>
<doc>Left click to element by an XPath.</doc>
<status status="PASS" start="2026-06-08T11:48:46.404712" elapsed="0.218360"/>
</kw>
<arg>${BUTTON_DIGIT_5}</arg>
<status status="PASS" start="2026-06-08T11:48:46.404086" elapsed="0.219410"/>
</kw>
<kw name="Click Button By Automation Id">
<kw name="Click" owner="FlaUILibrary">
<arg>${CALCULATOR_WINDOW}//Button[@AutomationId="${automation_id}"]</arg>
<doc>Left click to element by an XPath.</doc>
<status status="PASS" start="2026-06-08T11:48:46.624970" elapsed="0.211324"/>
</kw>
<arg>${BUTTON_NEGATE}</arg>
<status status="PASS" start="2026-06-08T11:48:46.624440" elapsed="0.212294"/>
</kw>
<kw name="Click Button By Automation Id">
<kw name="Click" owner="FlaUILibrary">
<arg>${CALCULATOR_WINDOW}//Button[@AutomationId="${automation_id}"]</arg>
<doc>Left click to element by an XPath.</doc>
<status status="PASS" start="2026-06-08T11:48:46.838107" elapsed="0.229669"/>
</kw>
<arg>${BUTTON_ADD}</arg>
<status status="PASS" start="2026-06-08T11:48:46.837589" elapsed="0.230572"/>
</kw>
<kw name="Click Button By Automation Id">
<kw name="Click" owner="FlaUILibrary">
<arg>${CALCULATOR_WINDOW}//Button[@AutomationId="${automation_id}"]</arg>
<doc>Left click to element by an XPath.</doc>
<status status="PASS" start="2026-06-08T11:48:47.069537" elapsed="0.157036"/>
</kw>
<arg>${BUTTON_DIGIT_7}</arg>
<status status="PASS" start="2026-06-08T11:48:47.069042" elapsed="0.157931"/>
</kw>
<kw name="Click Button By Automation Id">
<kw name="Click" owner="FlaUILibrary">
<arg>${CALCULATOR_WINDOW}//Button[@AutomationId="${automation_id}"]</arg>
<doc>Left click to element by an XPath.</doc>
<status status="PASS" start="2026-06-08T11:48:47.228404" elapsed="0.237184"/>
</kw>
<arg>${BUTTON_EQUAL}</arg>
<status status="PASS" start="2026-06-08T11:48:47.227884" elapsed="0.238047"/>
</kw>
<kw name="Result Should Be">
<kw name="Get Name From Element" owner="FlaUILibrary">
<msg time="2026-06-08T11:48:47.496048" level="INFO">${result} = 2</msg>
<var>${result}</var>
<arg>${DISPLAY_VALUE}</arg>
<doc>Return name value from element.</doc>
<status status="PASS" start="2026-06-08T11:48:47.467338" elapsed="0.028841"/>
</kw>
<kw name="Should Be Equal As Strings" owner="BuiltIn">
<arg>${result}</arg>
<arg>${expected}</arg>
<doc>Fails if objects are unequal after converting them to strings.</doc>
<status status="PASS" start="2026-06-08T11:48:47.496598" elapsed="0.000664"/>
</kw>
<arg>2</arg>
<status status="PASS" start="2026-06-08T11:48:47.466892" elapsed="0.030490"/>
</kw>
<kw name="Close Calculator" type="TEARDOWN">
<kw name="Run Keyword If" owner="BuiltIn">
<kw name="Close Application" owner="FlaUILibrary">
<arg>${CALCULATOR_PID}</arg>
<doc>Closes the attached application.</doc>
<status status="PASS" start="2026-06-08T11:48:47.499631" elapsed="0.027792"/>
</kw>
<arg>'${CALCULATOR_PID}' != '${EMPTY}'</arg>
<arg>Close Application</arg>
<arg>${CALCULATOR_PID}</arg>
<doc>Runs the given keyword with the given arguments, if ``condition`` is true.</doc>
<status status="PASS" start="2026-06-08T11:48:47.498504" elapsed="0.029626"/>
</kw>
<kw name="Set Test Variable" owner="BuiltIn">
<msg time="2026-06-08T11:48:47.530434" level="INFO">${CALCULATOR_PID} = </msg>
<arg>${CALCULATOR_PID}</arg>
<arg>${EMPTY}</arg>
<doc>Makes a variable available everywhere within the scope of the current test.</doc>
<status status="PASS" start="2026-06-08T11:48:47.528541" elapsed="0.002056"/>
</kw>
<status status="PASS" start="2026-06-08T11:48:47.498082" elapsed="0.032699"/>
</kw>
<status status="PASS" start="2026-06-08T11:48:44.950423" elapsed="2.581259"/>
</test>
<status status="PASS" start="2026-06-08T11:48:34.361911" elapsed="13.171497"/>
</suite>
<statistics>
<total>
<stat pass="5" fail="0" skip="0">All Tests</stat>
</total>
<tag>
</tag>
<suite>
<stat name="Calculator Win32Calc" id="s1" pass="5" fail="0" skip="0">Calculator Win32Calc</stat>
</suite>
</statistics>
<errors>
</errors>
</robot>
