TN:
SF:/mnt/shared/Programming/cpp/Testowanie_oprogramowania/RDY/MockImmediateSpeedSource.hpp
FNL:0,7,7
FNA:0,3,_ZN24MockImmediateSpeedSourceC2Ed
FNL:1,8,8
FNA:1,6,_ZN24MockImmediateSpeedSource8setSpeedEd
FNL:2,9,9
FNA:2,6,_ZN24MockImmediateSpeedSource8getSpeedEv
FNF:3
FNH:3
DA:7,3
DA:8,6
DA:9,6
LF:3
LH:3
end_of_record
TN:
SF:/mnt/shared/Programming/cpp/Testowanie_oprogramowania/RDY/MockSpeedSource.hpp
FNL:0,11,24
FNA:0,15,_ZN15MockSpeedSource8setSpeedEd
FNL:1,25,37
FNA:1,21,_ZN15MockSpeedSource8getSpeedEv
FNL:2,9,9
FNA:2,9,_ZN15MockSpeedSourceC2Ev
FNF:3
FNH:3
BRDA:14,0,0,3
BRDA:14,0,1,12
BRDA:27,0,0,15
BRDA:27,0,1,6
BRDA:30,0,0,15
BRDA:30,e0,1,0
BRDA:30,0,2,15
BRDA:30,e0,3,0
BRDA:30,0,4,0
BRDA:30,0,5,15
BRF:10
BRH:7
DA:9,9
DA:11,15
DA:13,15
DA:14,15
DA:16,3
DA:17,3
DA:21,12
DA:22,12
DA:24,15
DA:25,21
DA:27,21
DA:29,15
DA:30,15
DA:32,0
DA:33,0
DA:36,21
LF:16
LH:14
end_of_record
TN:
SF:/mnt/shared/Programming/cpp/Testowanie_oprogramowania/RDY/MockUnits.hpp
FNL:0,13,16
FNA:0,3,_ZN9MockUnits12setSpeedUnitE9SpeedUnit
FNL:1,7,7
FNA:1,12,_ZN9MockUnitsC2E9SpeedUnit
FNL:2,8,8
FNA:2,0,_ZNK9MockUnits12getSpeedUnitEv
FNL:3,9,12
FNA:3,27,_ZNK9MockUnits13getMultiplierEv
FNF:4
FNH:3
BRDA:11,0,0,24
BRDA:11,0,1,3
BRF:2
BRH:2
DA:7,12
DA:8,0
DA:9,27
DA:11,27
DA:13,3
DA:15,3
DA:16,3
LF:7
LH:6
end_of_record
TN:
SF:/mnt/shared/Programming/cpp/Testowanie_oprogramowania/RDY/SpeedFormatter.cpp
FNL:0,3,3
FNA:0,21,_ZN14SpeedFormatterC2EP20SpeedSourceInterfaceP14UnitsInterfacej
FNL:1,4,12
FNA:1,45,_ZN14SpeedFormatter17getFormattedSpeedEv
FNF:2
FNH:2
DA:3,21
DA:4,45
DA:7,45
DA:9,45
DA:11,45
LF:5
LH:5
end_of_record
TN:
SF:/mnt/shared/Programming/cpp/Testowanie_oprogramowania/RDY/SpeedSource.cpp
FNL:0,27,40
FNA:0,0,_ZN11SpeedSource8getSpeedEv
FNL:1,4,7
FNA:1,0,_ZN11SpeedSourceC2Ev
FNL:2,9,26
FNA:2,0,_ZN11SpeedSource8setSpeedEd
FNF:3
FNH:0
BRDA:12,0,0,-
BRDA:12,0,1,-
BRDA:19,0,0,-
BRDA:19,0,1,-
BRDA:19,0,2,-
BRDA:19,0,3,-
BRDA:19,0,4,-
BRDA:19,0,5,-
BRDA:29,0,0,-
BRDA:29,0,1,-
BRDA:32,0,0,-
BRDA:32,e0,1,-
BRDA:32,0,2,-
BRDA:32,e0,3,-
BRDA:33,0,0,-
BRDA:33,0,1,-
BRF:16
BRH:0
DA:4,0
DA:6,0
DA:7,0
DA:9,0
DA:11,0
DA:12,0
DA:14,0
DA:15,0
DA:19,0
DA:21,0
DA:22,0
DA:23,0
DA:26,0
DA:27,0
DA:29,0
DA:31,0
DA:32,0
DA:33,0
DA:35,0
DA:36,0
DA:39,0
LF:21
LH:0
end_of_record
TN:
SF:/mnt/shared/Programming/cpp/Testowanie_oprogramowania/RDY/SpeedSourceInterface.hpp
FNL:0,5,5
FNA:0,0,_ZN20SpeedSourceInterfaceD0Ev
FNA:0,21,_ZN20SpeedSourceInterfaceD2Ev
FNF:1
FNH:1
DA:5,21
LF:1
LH:1
end_of_record
