TN:
SF:/mnt/shared/Programming/cpp/Testowanie_oprogramowania/RDY/SpeedFormatter.cpp
FNL:0,16,22
FNA:0,16,_ZN14SpeedFormatter17getFormattedSpeedEv
FNL:1,24,63
FNA:1,16,_ZN14SpeedFormatter14filterRawSpeedEd
FNL:2,4,14
FNA:2,7,_ZN14SpeedFormatterC2EP20SpeedSourceInterfaceP14UnitsInterfacej
FNF:3
FNH:3
BRDA:26,0,0,7
BRDA:26,0,1,9
BRDA:35,0,0,1
BRDA:35,0,1,8
BRDA:42,0,0,3
BRDA:42,0,1,5
BRDA:49,0,0,1
BRDA:49,0,1,4
BRDA:49,0,2,0
BRDA:49,0,3,1
BRDA:49,0,4,4
BRDA:49,0,5,1
BRDA:57,0,0,1
BRDA:57,e0,1,0
BRDA:57,0,2,1
BRDA:57,e0,3,0
BRDA:57,0,4,1
BRDA:57,0,5,0
BRF:18
BRH:14
DA:4,7
DA:5,7
DA:6,7
DA:7,7
DA:8,7
DA:9,7
DA:10,7
DA:11,7
DA:12,7
DA:13,7
DA:14,7
DA:16,16
DA:18,16
DA:19,16
DA:20,16
DA:21,16
DA:24,16
DA:26,16
DA:28,7
DA:29,7
DA:30,7
DA:31,7
DA:34,9
DA:35,9
DA:37,1
DA:38,1
DA:39,1
DA:42,8
DA:44,3
DA:45,3
DA:48,5
DA:49,5
DA:51,4
DA:52,4
DA:53,4
DA:54,4
DA:57,1
DA:59,1
DA:60,1
DA:62,1
LF:40
LH:40
end_of_record
TN:
SF:/mnt/shared/Programming/cpp/Testowanie_oprogramowania/RDY/SpeedSource.cpp
FNL:0,11,14
FNA:0,1,_ZN11SpeedSource8getSpeedEv
FNL:1,2,4
FNA:1,1,_ZN11SpeedSourceC2Ev
FNL:2,6,9
FNA:2,1,_ZN11SpeedSource8setSpeedEd
FNF:3
FNH:3
DA:2,1
DA:3,1
DA:4,1
DA:6,1
DA:8,1
DA:9,1
DA:11,1
DA:13,1
LF:8
LH:8
end_of_record
TN:
SF:/mnt/shared/Programming/cpp/Testowanie_oprogramowania/RDY/SpeedSourceInterface.hpp
FNL:0,5,5
FNA:0,0,_ZN20SpeedSourceInterfaceD0Ev
FNA:0,8,_ZN20SpeedSourceInterfaceD2Ev
FNF:1
FNH:1
DA:5,8
LF:1
LH:1
end_of_record
