TN:
SF:/mnt/shared/Programming/cpp/Testowanie_oprogramowania/RDY/MockImmediateSpeedSource.hpp
FNL:0,7,7
FNA:0,3,_ZN24MockImmediateSpeedSourceC2Ed
FNL:1,8,8
FNA:1,6,_ZN24MockImmediateSpeedSource8setSpeedEd
FNL:2,9,9
FNA:2,6,_ZN24MockImmediateSpeedSource8getSpeedEv
FNF:3
FNH:3
DA:7,3
DA:8,6
DA:9,6
LF:3
LH:3
end_of_record
TN:
SF:/mnt/shared/Programming/cpp/Testowanie_oprogramowania/RDY/MockSpeedSource.hpp
FNL:0,11,24
FNA:0,15,_ZN15MockSpeedSource8setSpeedEd
FNL:1,25,37
FNA:1,21,_ZN15MockSpeedSource8getSpeedEv
FNL:2,9,9
FNA:2,9,_ZN15MockSpeedSourceC2Ev
FNF:3
FNH:3
BRDA:14,0,0,3
BRDA:14,0,1,12
BRDA:27,0,0,15
BRDA:27,0,1,6
BRDA:30,0,0,15
BRDA:30,e0,1,0
BRDA:30,0,2,15
BRDA:30,e0,3,0
BRDA:30,0,4,0
BRDA:30,0,5,15
BRF:10
BRH:7
DA:9,9
DA:11,15
DA:13,15
DA:14,15
DA:16,3
DA:17,3
DA:21,12
DA:22,12
DA:24,15
DA:25,21
DA:27,21
DA:29,15
DA:30,15
DA:32,0
DA:33,0
DA:36,21
LF:16
LH:14
end_of_record
TN:
SF:/mnt/shared/Programming/cpp/Testowanie_oprogramowania/RDY/MockUnits.hpp
FNL:0,13,16
FNA:0,3,_ZN9MockUnits12setSpeedUnitE9SpeedUnit
FNL:1,7,7
FNA:1,12,_ZN9MockUnitsC2E9SpeedUnit
FNL:2,8,8
FNA:2,0,_ZNK9MockUnits12getSpeedUnitEv
FNL:3,9,12
FNA:3,27,_ZNK9MockUnits13getMultiplierEv
FNF:4
FNH:3
BRDA:11,0,0,24
BRDA:11,0,1,3
BRF:2
BRH:2
DA:7,12
DA:8,0
DA:9,27
DA:11,27
DA:13,3
DA:15,3
DA:16,3
LF:7
LH:6
end_of_record
TN:
SF:/mnt/shared/Programming/cpp/Testowanie_oprogramowania/RDY/SpeedFormatter.cpp
FNL:0,3,3
FNA:0,21,_ZN14SpeedFormatterC2EP20SpeedSourceInterfaceP14UnitsInterfacej
FNL:1,4,12
FNA:1,45,_ZN14SpeedFormatter17getFormattedSpeedEv
FNF:2
FNH:2
DA:3,21
DA:4,45
DA:7,45
DA:9,45
DA:11,45
LF:5
LH:5
end_of_record
TN:
SF:/mnt/shared/Programming/cpp/Testowanie_oprogramowania/RDY/SpeedSource.cpp
FNL:0,27,40
FNA:0,0,_ZN11SpeedSource8getSpeedEv
FNL:1,4,7
FNA:1,0,_ZN11SpeedSourceC2Ev
FNL:2,9,26
FNA:2,0,_ZN11SpeedSource8setSpeedEd
FNF:3
FNH:0
BRDA:12,0,0,-
BRDA:12,0,1,-
BRDA:19,0,0,-
BRDA:19,0,1,-
BRDA:19,0,2,-
BRDA:19,0,3,-
BRDA:19,0,4,-
BRDA:19,0,5,-
BRDA:29,0,0,-
BRDA:29,0,1,-
BRDA:32,0,0,-
BRDA:32,e0,1,-
BRDA:32,0,2,-
BRDA:32,e0,3,-
BRDA:33,0,0,-
BRDA:33,0,1,-
BRF:16
BRH:0
DA:4,0
DA:6,0
DA:7,0
DA:9,0
DA:11,0
DA:12,0
DA:14,0
DA:15,0
DA:19,0
DA:21,0
DA:22,0
DA:23,0
DA:26,0
DA:27,0
DA:29,0
DA:31,0
DA:32,0
DA:33,0
DA:35,0
DA:36,0
DA:39,0
LF:21
LH:0
end_of_record
TN:
SF:/mnt/shared/Programming/cpp/Testowanie_oprogramowania/RDY/SpeedSource.hpp
FNF:0
FNH:0
LF:0
LH:0
end_of_record
TN:
SF:/mnt/shared/Programming/cpp/Testowanie_oprogramowania/RDY/SpeedSourceInterface.hpp
FNL:0,5,5
FNA:0,0,_ZN20SpeedSourceInterfaceD0Ev
FNA:0,21,_ZN20SpeedSourceInterfaceD2Ev
FNF:1
FNH:1
DA:5,21
LF:1
LH:1
end_of_record
TN:
SF:/mnt/shared/Programming/cpp/Testowanie_oprogramowania/RDY/UnitsInterface.hpp
FNF:0
FNH:0
LF:0
LH:0
end_of_record
TN:
SF:/mnt/shared/Programming/cpp/Testowanie_oprogramowania/RDY/test.cpp
FNL:0,11,20
FNA:0,3,_ZN52SpeedFormatterTest_ShouldRoundSpeedCorrectly_R1_Test8TestBodyEv
FNA:0,3,_ZN52SpeedFormatterTest_ShouldRoundSpeedCorrectly_R1_TestC2Ev
FNA:0,3,_ZN52SpeedFormatterTest_ShouldRoundSpeedCorrectly_R1_TestD0Ev
FNA:0,3,_ZN52SpeedFormatterTest_ShouldRoundSpeedCorrectly_R1_TestD2Ev
FNL:1,22,31
FNA:1,3,_ZN47SpeedFormatterTest_ShouldUseCurrentUnit_R2_Test8TestBodyEv
FNA:1,3,_ZN47SpeedFormatterTest_ShouldUseCurrentUnit_R2_TestC2Ev
FNA:1,3,_ZN47SpeedFormatterTest_ShouldUseCurrentUnit_R2_TestD0Ev
FNA:1,3,_ZN47SpeedFormatterTest_ShouldUseCurrentUnit_R2_TestD2Ev
FNL:2,33,44
FNA:2,3,_ZN57SpeedSourceTest_ShouldHandleSmallChangesWithDelay_R3_Test8TestBodyEv
FNA:2,3,_ZN57SpeedSourceTest_ShouldHandleSmallChangesWithDelay_R3_TestC2Ev
FNA:2,3,_ZN57SpeedSourceTest_ShouldHandleSmallChangesWithDelay_R3_TestD0Ev
FNA:2,3,_ZN57SpeedSourceTest_ShouldHandleSmallChangesWithDelay_R3_TestD2Ev
FNL:3,46,55
FNA:3,3,_ZN61SpeedSourceTest_ShouldUpdateImmedaitelyForBingChanges_R3_Test8TestBodyEv
FNA:3,3,_ZN61SpeedSourceTest_ShouldUpdateImmedaitelyForBingChanges_R3_TestC2Ev
FNA:3,3,_ZN61SpeedSourceTest_ShouldUpdateImmedaitelyForBingChanges_R3_TestD0Ev
FNA:3,3,_ZN61SpeedSourceTest_ShouldUpdateImmedaitelyForBingChanges_R3_TestD2Ev
FNF:4
FNH:4
BRDA:16,0,0,3
BRDA:16,e0,1,0
BRDA:17,0,0,3
BRDA:17,e0,1,0
BRDA:17,0,2,3
BRDA:17,e0,3,0
BRDA:17,0,4,0
BRDA:17,0,5,3
BRDA:17,0,6,0
BRDA:17,e0,7,0
BRDA:17,0,8,0
BRDA:17,e0,9,0
BRDA:17,0,10,0
BRDA:17,e0,11,0
BRDA:19,0,0,3
BRDA:19,e0,1,0
BRDA:19,0,2,3
BRDA:19,e0,3,0
BRDA:19,0,4,0
BRDA:19,0,5,3
BRDA:19,0,6,0
BRDA:19,e0,7,0
BRDA:19,0,8,0
BRDA:19,e0,9,0
BRDA:19,0,10,0
BRDA:19,e0,11,0
BRDA:25,0,0,3
BRDA:25,e0,1,0
BRDA:27,0,0,3
BRDA:27,e0,1,0
BRDA:28,0,0,3
BRDA:28,e0,1,0
BRDA:28,0,2,3
BRDA:28,e0,3,0
BRDA:28,0,4,0
BRDA:28,0,5,3
BRDA:28,0,6,0
BRDA:28,e0,7,0
BRDA:28,0,8,0
BRDA:28,e0,9,0
BRDA:28,0,10,0
BRDA:28,e0,11,0
BRDA:30,0,0,3
BRDA:30,e0,1,0
BRDA:30,0,2,3
BRDA:30,e0,3,0
BRDA:30,0,4,0
BRDA:30,0,5,3
BRDA:30,0,6,0
BRDA:30,e0,7,0
BRDA:30,0,8,0
BRDA:30,e0,9,0
BRDA:30,0,10,0
BRDA:30,e0,11,0
BRDA:36,0,0,3
BRDA:36,e0,1,0
BRDA:38,0,0,3
BRDA:38,e0,1,0
BRDA:39,0,0,3
BRDA:39,e0,1,0
BRDA:39,0,2,3
BRDA:39,e0,3,0
BRDA:39,0,4,0
BRDA:39,0,5,3
BRDA:39,0,6,0
BRDA:39,e0,7,0
BRDA:39,0,8,0
BRDA:39,e0,9,0
BRDA:39,0,10,0
BRDA:39,e0,11,0
BRDA:41,0,0,3
BRDA:41,e0,1,0
BRDA:41,0,2,3
BRDA:41,e0,3,0
BRDA:41,0,4,0
BRDA:41,0,5,3
BRDA:41,0,6,0
BRDA:41,e0,7,0
BRDA:41,0,8,0
BRDA:41,e0,9,0
BRDA:41,0,10,0
BRDA:41,e0,11,0
BRDA:42,0,0,3
BRDA:42,e0,1,0
BRDA:43,0,0,3
BRDA:43,e0,1,0
BRDA:43,0,2,3
BRDA:43,e0,3,0
BRDA:43,0,4,0
BRDA:43,0,5,3
BRDA:43,0,6,0
BRDA:43,e0,7,0
BRDA:43,0,8,0
BRDA:43,e0,9,0
BRDA:43,0,10,0
BRDA:43,e0,11,0
BRDA:49,0,0,3
BRDA:49,e0,1,0
BRDA:51,0,0,3
BRDA:51,e0,1,0
BRDA:52,0,0,3
BRDA:52,e0,1,0
BRDA:52,0,2,3
BRDA:52,e0,3,0
BRDA:52,0,4,0
BRDA:52,0,5,3
BRDA:52,0,6,0
BRDA:52,e0,7,0
BRDA:52,0,8,0
BRDA:52,e0,9,0
BRDA:52,0,10,0
BRDA:52,e0,11,0
BRDA:54,0,0,3
BRDA:54,e0,1,0
BRDA:54,0,2,3
BRDA:54,e0,3,0
BRDA:54,0,4,0
BRDA:54,0,5,3
BRDA:54,0,6,0
BRDA:54,e0,7,0
BRDA:54,0,8,0
BRDA:54,e0,9,0
BRDA:54,0,10,0
BRDA:54,e0,11,0
BRF:124
BRH:35
DA:11,12
DA:13,3
DA:14,3
DA:15,3
DA:16,3
DA:17,3
DA:18,3
DA:19,3
DA:20,3
DA:22,12
DA:24,3
DA:25,3
DA:26,3
DA:27,3
DA:28,3
DA:29,3
DA:30,3
DA:31,3
DA:33,12
DA:35,3
DA:36,3
DA:37,3
DA:38,3
DA:39,3
DA:40,3
DA:41,3
DA:42,3
DA:43,3
DA:44,3
DA:46,12
DA:48,3
DA:49,3
DA:50,3
DA:51,3
DA:52,3
DA:53,3
DA:54,3
DA:55,3
LF:38
LH:38
end_of_record
TN:
SF:/mnt/shared/Programming/cpp/Testowanie_oprogramowania/RDY/test_gmock.cpp
FNL:0,10,10
FNA:0,0,_ZNK10MockUnitsG12getSpeedUnitEv
FNL:1,11,11
FNA:1,18,_ZNK10MockUnitsG13getMultiplierEv
FNA:1,9,_ZNK10MockUnitsG19gmock_getMultiplierEv
FNL:2,16,16
FNA:2,0,_ZN16MockSpeedSourceG8setSpeedEd
FNL:3,17,17
FNA:3,18,_ZN16MockSpeedSourceG14gmock_getSpeedEv
FNA:3,18,_ZN16MockSpeedSourceG8getSpeedEv
FNL:4,20,30
FNA:4,3,_ZN53SpeedFormatterGmock_ShouldRoundSpeedCorrectly_R1_Test8TestBodyEv
FNA:4,3,_ZN53SpeedFormatterGmock_ShouldRoundSpeedCorrectly_R1_TestC2Ev
FNA:4,3,_ZN53SpeedFormatterGmock_ShouldRoundSpeedCorrectly_R1_TestD0Ev
FNA:4,3,_ZN53SpeedFormatterGmock_ShouldRoundSpeedCorrectly_R1_TestD2Ev
FNL:5,32,40
FNA:5,3,_ZN48SpeedFormatterGmock_ShouldUseCurrentUnit_R2_Test8TestBodyEv
FNA:5,3,_ZN48SpeedFormatterGmock_ShouldUseCurrentUnit_R2_TestC2Ev
FNA:5,3,_ZN48SpeedFormatterGmock_ShouldUseCurrentUnit_R2_TestD0Ev
FNA:5,3,_ZN48SpeedFormatterGmock_ShouldUseCurrentUnit_R2_TestD2Ev
FNL:6,42,55
FNA:6,3,_ZN47SpeedSourceGmock_HysteresisLikeSequence_R3_Test8TestBodyEv
FNA:6,3,_ZN47SpeedSourceGmock_HysteresisLikeSequence_R3_TestC2Ev
FNA:6,3,_ZN47SpeedSourceGmock_HysteresisLikeSequence_R3_TestD0Ev
FNA:6,3,_ZN47SpeedSourceGmock_HysteresisLikeSequence_R3_TestD2Ev
FNF:7
FNH:5
BRDA:22,0,0,3
BRDA:22,e0,1,0
BRDA:23,0,0,3
BRDA:23,e0,1,0
BRDA:24,0,0,3
BRDA:24,e0,1,0
BRDA:24,0,2,3
BRDA:24,e0,3,0
BRDA:24,0,4,3
BRDA:24,e0,5,0
BRDA:24,0,6,3
BRDA:24,e0,7,0
BRDA:24,0,8,3
BRDA:24,e0,9,0
BRDA:24,0,10,3
BRDA:24,e0,11,0
BRDA:25,0,0,3
BRDA:25,e0,1,0
BRDA:25,0,2,3
BRDA:25,e0,3,0
BRDA:25,0,4,3
BRDA:25,e0,5,0
BRDA:25,0,6,3
BRDA:25,e0,7,0
BRDA:25,0,8,3
BRDA:25,e0,9,0
BRDA:25,0,10,3
BRDA:25,e0,11,0
BRDA:26,0,0,3
BRDA:26,e0,1,0
BRDA:27,0,0,3
BRDA:27,e0,1,0
BRDA:27,0,2,3
BRDA:27,e0,3,0
BRDA:27,0,4,0
BRDA:27,0,5,3
BRDA:27,0,6,0
BRDA:27,e0,7,0
BRDA:27,0,8,0
BRDA:27,e0,9,0
BRDA:27,0,10,0
BRDA:27,e0,11,0
BRDA:28,0,0,3
BRDA:28,e0,1,0
BRDA:28,0,2,3
BRDA:28,e0,3,0
BRDA:28,0,4,3
BRDA:28,e0,5,0
BRDA:28,0,6,3
BRDA:28,e0,7,0
BRDA:28,0,8,3
BRDA:28,e0,9,0
BRDA:28,0,10,3
BRDA:28,e0,11,0
BRDA:29,0,0,3
BRDA:29,e0,1,0
BRDA:29,0,2,3
BRDA:29,e0,3,0
BRDA:29,0,4,0
BRDA:29,0,5,3
BRDA:29,0,6,0
BRDA:29,e0,7,0
BRDA:29,0,8,0
BRDA:29,e0,9,0
BRDA:29,0,10,0
BRDA:29,e0,11,0
BRDA:34,0,0,3
BRDA:34,e0,1,0
BRDA:35,0,0,3
BRDA:35,e0,1,0
BRDA:36,0,0,3
BRDA:36,e0,1,0
BRDA:36,0,2,3
BRDA:36,e0,3,0
BRDA:36,0,4,3
BRDA:36,e0,5,0
BRDA:36,0,6,3
BRDA:36,e0,7,0
BRDA:36,0,8,3
BRDA:36,e0,9,0
BRDA:36,0,10,3
BRDA:36,e0,11,0
BRDA:37,0,0,3
BRDA:37,e0,1,0
BRDA:37,0,2,3
BRDA:37,e0,3,0
BRDA:37,0,4,3
BRDA:37,e0,5,0
BRDA:37,0,6,3
BRDA:37,e0,7,0
BRDA:37,0,8,3
BRDA:37,e0,9,0
BRDA:37,0,10,3
BRDA:37,e0,11,0
BRDA:38,0,0,3
BRDA:38,e0,1,0
BRDA:39,0,0,3
BRDA:39,e0,1,0
BRDA:39,0,2,3
BRDA:39,e0,3,0
BRDA:39,0,4,0
BRDA:39,0,5,3
BRDA:39,0,6,0
BRDA:39,e0,7,0
BRDA:39,0,8,0
BRDA:39,e0,9,0
BRDA:39,0,10,0
BRDA:39,e0,11,0
BRDA:44,0,0,3
BRDA:44,e0,1,0
BRDA:45,0,0,3
BRDA:45,e0,1,0
BRDA:46,0,0,3
BRDA:46,e0,1,0
BRDA:46,0,2,3
BRDA:46,e0,3,0
BRDA:46,0,4,3
BRDA:46,e0,5,0
BRDA:46,0,6,3
BRDA:46,e0,7,0
BRDA:46,0,8,3
BRDA:46,e0,9,0
BRDA:46,0,10,3
BRDA:46,e0,11,0
BRDA:47,0,0,3
BRDA:47,e0,1,0
BRDA:48,0,0,3
BRDA:48,e0,1,0
BRDA:48,0,2,3
BRDA:48,e0,3,0
BRDA:48,0,4,3
BRDA:48,e0,5,0
BRDA:48,0,6,3
BRDA:48,e0,7,0
BRDA:48,0,8,3
BRDA:48,e0,9,0
BRDA:48,0,10,3
BRDA:48,e0,11,0
BRDA:49,0,0,3
BRDA:49,e0,1,0
BRDA:49,0,2,3
BRDA:49,e0,3,0
BRDA:49,0,4,3
BRDA:49,e0,5,0
BRDA:49,0,6,3
BRDA:49,e0,7,0
BRDA:49,0,8,3
BRDA:49,e0,9,0
BRDA:49,0,10,3
BRDA:49,e0,11,0
BRDA:50,0,0,3
BRDA:50,e0,1,0
BRDA:50,0,2,3
BRDA:50,e0,3,0
BRDA:50,0,4,3
BRDA:50,e0,5,0
BRDA:50,0,6,3
BRDA:50,e0,7,0
BRDA:50,0,8,3
BRDA:50,e0,9,0
BRDA:50,0,10,3
BRDA:50,e0,11,0
BRDA:51,0,0,3
BRDA:51,e0,1,0
BRDA:52,0,0,3
BRDA:52,e0,1,0
BRDA:52,0,2,3
BRDA:52,e0,3,0
BRDA:52,0,4,0
BRDA:52,0,5,3
BRDA:52,0,6,0
BRDA:52,e0,7,0
BRDA:52,0,8,0
BRDA:52,e0,9,0
BRDA:52,0,10,0
BRDA:52,e0,11,0
BRDA:53,0,0,3
BRDA:53,e0,1,0
BRDA:53,0,2,3
BRDA:53,e0,3,0
BRDA:53,0,4,0
BRDA:53,0,5,3
BRDA:53,0,6,0
BRDA:53,e0,7,0
BRDA:53,0,8,0
BRDA:53,e0,9,0
BRDA:53,0,10,0
BRDA:53,e0,11,0
BRDA:54,0,0,3
BRDA:54,e0,1,0
BRDA:54,0,2,3
BRDA:54,e0,3,0
BRDA:54,0,4,0
BRDA:54,0,5,3
BRDA:54,0,6,0
BRDA:54,e0,7,0
BRDA:54,0,8,0
BRDA:54,e0,9,0
BRDA:54,0,10,0
BRDA:54,e0,11,0
BRF:200
BRH:82
DA:10,0
DA:11,27
DA:16,0
DA:17,36
DA:20,12
DA:22,3
DA:23,3
DA:24,3
DA:25,3
DA:26,3
DA:27,3
DA:28,3
DA:29,3
DA:30,3
DA:32,12
DA:34,3
DA:35,3
DA:36,3
DA:37,3
DA:38,3
DA:39,3
DA:40,3
DA:42,12
DA:44,3
DA:45,3
DA:46,3
DA:47,3
DA:48,3
DA:49,3
DA:50,3
DA:51,3
DA:52,3
DA:53,3
DA:54,3
DA:55,3
LF:35
LH:33
end_of_record
TN:
SF:/usr/include/c++/16.1.1/bits/alloc_traits.h
FNF:0
FNH:0
DA:638,261
DA:689,189
DA:714,57
DA:720,57
DA:740,12
DA:752,1506
DA:766,27
DA:845,36
DA:859,36
DA:925,36
DA:1085,36
DA:1086,36
LF:12
LH:12
end_of_record
TN:
SF:/usr/include/c++/16.1.1/bits/allocated_ptr.h
FNL:0,101,104
FNA:0,18,_ZSt18__allocate_guardedISaISt23_Sp_counted_ptr_inplaceIN7testing10OnceActionIFdvEEESaIvELN9__gnu_cxx12_Lock_policyE2EEEESt15__allocated_ptrIT_ERSB_
FNA:0,18,_ZSt18__allocate_guardedISaISt23_Sp_counted_ptr_inplaceIN7testing8internal12ReturnActionIdE4ImplIdEESaIvELN9__gnu_cxx12_Lock_policyE2EEEESt15__allocated_ptrIT_ERSD_
FNL:1,54,56
FNA:1,36,_ZNSt15__allocated_ptrISaISt23_Sp_counted_ptr_inplaceIN7testing10OnceActionIFdvEEESaIvELN9__gnu_cxx12_Lock_policyE2EEEEC2ERS9_PS8_
FNA:1,36,_ZNSt15__allocated_ptrISaISt23_Sp_counted_ptr_inplaceIN7testing8internal12ReturnActionIdE4ImplIdEESaIvELN9__gnu_cxx12_Lock_policyE2EEEEC2ERSB_PSA_
FNL:2,72,76
FNA:2,36,_ZNSt15__allocated_ptrISaISt23_Sp_counted_ptr_inplaceIN7testing10OnceActionIFdvEEESaIvELN9__gnu_cxx12_Lock_policyE2EEEED2Ev
FNA:2,36,_ZNSt15__allocated_ptrISaISt23_Sp_counted_ptr_inplaceIN7testing8internal12ReturnActionIdE4ImplIdEESaIvELN9__gnu_cxx12_Lock_policyE2EEEED2Ev
FNL:3,80,84
FNA:3,18,_ZNSt15__allocated_ptrISaISt23_Sp_counted_ptr_inplaceIN7testing10OnceActionIFdvEEESaIvELN9__gnu_cxx12_Lock_policyE2EEEEaSEDn
FNA:3,18,_ZNSt15__allocated_ptrISaISt23_Sp_counted_ptr_inplaceIN7testing8internal12ReturnActionIdE4ImplIdEESaIvELN9__gnu_cxx12_Lock_policyE2EEEEaSEDn
FNL:4,89,89
FNA:4,18,_ZNKSt15__allocated_ptrISaISt23_Sp_counted_ptr_inplaceIN7testing10OnceActionIFdvEEESaIvELN9__gnu_cxx12_Lock_policyE2EEEE3getEv
FNA:4,18,_ZNKSt15__allocated_ptrISaISt23_Sp_counted_ptr_inplaceIN7testing8internal12ReturnActionIdE4ImplIdEESaIvELN9__gnu_cxx12_Lock_policyE2EEEE3getEv
FNF:5
FNH:5
BRDA:74,0,0,36
BRDA:74,0,1,36
BRF:2
BRH:2
DA:54,72
DA:55,72
DA:56,72
DA:72,72
DA:74,72
DA:75,36
DA:76,72
DA:80,36
DA:82,36
DA:83,36
DA:89,72
DA:101,36
DA:103,36
LF:13
LH:13
end_of_record
TN:
SF:/usr/include/c++/16.1.1/bits/allocator.h
FNF:0
FNH:0
DA:168,162
DA:173,378
DA:183,72
DA:189,252
DA:231,36
LF:5
LH:5
end_of_record
TN:
SF:/usr/include/c++/16.1.1/bits/atomic_base.h
FNF:0
FNH:0
DA:648,0
DA:658,0
LF:2
LH:0
end_of_record
TN:
SF:/usr/include/c++/16.1.1/bits/basic_string.h
FNL:0,1187,1193
FNA:0,777,_ZNKSt7__cxx1112basic_stringIcSt11char_traitsIcESaIcEE4sizeEv
FNL:1,1199,1200
FNA:1,264,_ZNKSt7__cxx1112basic_stringIcSt11char_traitsIcESaIcEE6lengthEv
FNL:2,1205,1211
FNA:2,1416,_ZNKSt7__cxx1112basic_stringIcSt11char_traitsIcESaIcEE8max_sizeEv
FNL:3,1301,1308
FNA:3,243,_ZNKSt7__cxx1112basic_stringIcSt11char_traitsIcESaIcEE8capacityEv
FNL:4,1355,1356
FNA:4,36,_ZNKSt7__cxx1112basic_stringIcSt11char_traitsIcESaIcEE5emptyEv
FNL:5,139,152
FNA:5,180,_ZNSt7__cxx1112basic_stringIcSt11char_traitsIcESaIcEE11_S_allocateERS3_m
FNL:6,1559,1560
FNA:6,0,_ZNSt7__cxx1112basic_stringIcSt11char_traitsIcESaIcEE6appendERKS4_
FNL:7,1590,1595
FNA:7,54,_ZNSt7__cxx1112basic_stringIcSt11char_traitsIcESaIcEE6appendEPKcm
FNL:8,1604,1610
FNA:8,108,_ZNSt7__cxx1112basic_stringIcSt11char_traitsIcESaIcEE6appendEPKc
FNL:9,203,204
FNA:9,195,_ZNSt7__cxx1112basic_stringIcSt11char_traitsIcESaIcEE12_Alloc_hiderC2EPcRKS3_
FNL:10,207,208
FNA:10,129,_ZNSt7__cxx1112basic_stringIcSt11char_traitsIcESaIcEE12_Alloc_hiderC2EPcOS3_
FNL:11,2172,2174
FNA:11,0,_ZNSt7__cxx1112basic_stringIcSt11char_traitsIcESaIcEE6insertEmRKS4_
FNL:12,2240,2245
FNA:12,0,_ZNSt7__cxx1112basic_stringIcSt11char_traitsIcESaIcEE6insertEmPKc
FNL:13,227,228
FNA:13,438,_ZNSt7__cxx1112basic_stringIcSt11char_traitsIcESaIcEE7_M_dataEPc
FNL:14,232,233
FNA:14,615,_ZNSt7__cxx1112basic_stringIcSt11char_traitsIcESaIcEE9_M_lengthEm
FNL:15,237,238
FNA:15,1956,_ZNKSt7__cxx1112basic_stringIcSt11char_traitsIcESaIcEE7_M_dataEv
FNL:16,242,249
FNA:16,453,_ZNSt7__cxx1112basic_stringIcSt11char_traitsIcESaIcEE13_M_local_dataEv
FNL:17,2482,2488
FNA:17,0,_ZNSt7__cxx1112basic_stringIcSt11char_traitsIcESaIcEE7replaceEmmPKcm
FNL:18,253,260
FNA:18,777,_ZNKSt7__cxx1112basic_stringIcSt11char_traitsIcESaIcEE13_M_local_dataEv
FNL:19,264,265
FNA:19,309,_ZNSt7__cxx1112basic_stringIcSt11char_traitsIcESaIcEE11_M_capacityEm
FNL:20,269,273
FNA:20,486,_ZNSt7__cxx1112basic_stringIcSt11char_traitsIcESaIcEE13_M_set_lengthEm
FNL:21,277,286
FNA:21,777,_ZNKSt7__cxx1112basic_stringIcSt11char_traitsIcESaIcEE11_M_is_localEv
FNL:22,2897,2898
FNA:22,63,_ZNKSt7__cxx1112basic_stringIcSt11char_traitsIcESaIcEE5c_strEv
FNL:23,2931,2932
FNA:23,27,_ZNKSt7__cxx1112basic_stringIcSt11char_traitsIcESaIcEE13get_allocatorEv
FNL:24,295,299
FNA:24,405,_ZNSt7__cxx1112basic_stringIcSt11char_traitsIcESaIcEE10_M_disposeEv
FNL:25,303,304
FNA:25,144,_ZNSt7__cxx1112basic_stringIcSt11char_traitsIcESaIcEE10_M_destroyEm
FNL:26,363,364
FNA:26,453,_ZNSt7__cxx1112basic_stringIcSt11char_traitsIcESaIcEE16_M_get_allocatorEv
FNL:27,368,369
FNA:27,1443,_ZNKSt7__cxx1112basic_stringIcSt11char_traitsIcESaIcEE16_M_get_allocatorEv
FNL:28,3868,3881
FNA:28,27,_ZSt12__str_concatINSt7__cxx1112basic_stringIcSt11char_traitsIcESaIcEEEET_PKNS6_10value_typeENS6_9size_typeES9_SA_RKNS6_14allocator_typeE
FNL:29,3947,3955
FNA:29,27,_ZStplIcSt11char_traitsIcESaIcEENSt7__cxx1112basic_stringIT_T0_T1_EERKS8_PKS5_
FNL:30,3991,4011
FNA:30,0,_ZStplIcSt11char_traitsIcESaIcEENSt7__cxx1112basic_stringIT_T0_T1_EEOS8_S9_
FNL:31,4016,4018
FNA:31,0,_ZStplIcSt11char_traitsIcESaIcEENSt7__cxx1112basic_stringIT_T0_T1_EEPKS5_OS8_
FNL:32,4030,4032
FNA:32,108,_ZStplIcSt11char_traitsIcESaIcEENSt7__cxx1112basic_stringIT_T0_T1_EEOS8_PKS5_
FNL:33,413,420
FNA:33,0,_ZNKSt7__cxx1112basic_stringIcSt11char_traitsIcESaIcEE8_M_checkEmPKc
FNL:34,424,428
FNA:34,162,_ZNKSt7__cxx1112basic_stringIcSt11char_traitsIcESaIcEE15_M_check_lengthEmmPKc
FNL:35,434,438
FNA:35,0,_ZNKSt7__cxx1112basic_stringIcSt11char_traitsIcESaIcEE8_M_limitEmm
FNL:36,442,446
FNA:36,0,_ZNKSt7__cxx1112basic_stringIcSt11char_traitsIcESaIcEE11_M_disjunctEPKc
FNL:37,452,458
FNA:37,411,_ZNSt7__cxx1112basic_stringIcSt11char_traitsIcESaIcEE7_S_copyEPcPKcm
FNL:38,462,468
FNA:38,0,_ZNSt7__cxx1112basic_stringIcSt11char_traitsIcESaIcEE7_S_moveEPcPKcm
FNL:39,487,510
FNA:39,168,_ZNSt7__cxx1112basic_stringIcSt11char_traitsIcESaIcEE13_S_copy_charsIPKcEEvPcT_S9_
FNL:40,605,610
FNA:40,27,_ZNSt7__cxx1112basic_stringIcSt11char_traitsIcESaIcEEC2ERKS3_
FNL:41,730,739
FNA:41,168,_ZNSt7__cxx1112basic_stringIcSt11char_traitsIcESaIcEEC2IS3_EEPKcRKS3_
FNL:42,766,787
FNA:42,129,_ZNSt7__cxx1112basic_stringIcSt11char_traitsIcESaIcEEC2EOS4_
FNL:43,919,920
FNA:43,324,_ZNSt7__cxx1112basic_stringIcSt11char_traitsIcESaIcEED2Ev
FNF:44
FNH:34
BRDA:279,0,0,342
BRDA:279,0,1,435
BRDA:281,0,0,0
BRDA:281,0,1,342
BRDA:297,0,0,144
BRDA:297,0,1,261
BRDA:415,0,0,-
BRDA:415,0,1,-
BRDA:426,0,0,0
BRDA:426,0,1,162
BRDA:437,0,0,-
BRDA:437,0,1,-
BRDA:445,0,0,-
BRDA:445,0,1,-
BRDA:445,0,2,-
BRDA:445,0,3,-
BRDA:454,0,0,54
BRDA:454,0,1,357
BRDA:464,0,0,-
BRDA:464,0,1,-
BRDA:734,0,0,0
BRDA:734,0,1,168
BRDA:737,0,0,168
BRDA:737,e0,1,0
BRDA:738,0,0,168
BRDA:738,e0,1,0
BRDA:769,0,0,0
BRDA:769,0,1,129
BRDA:1190,0,0,0
BRDA:1190,0,1,777
BRDA:1303,0,0,81
BRDA:1303,0,1,162
BRDA:1305,0,0,243
BRDA:1305,0,1,0
BRDA:1305,0,2,0
BRDA:1305,0,3,243
BRDA:1305,0,4,0
BRDA:1305,0,5,243
BRDA:3877,0,0,27
BRDA:3877,e0,1,0
BRDA:3878,0,0,27
BRDA:3878,e0,1,0
BRDA:3879,0,0,27
BRDA:3879,e0,1,0
BRDA:3954,0,0,27
BRDA:3954,e0,1,0
BRDA:3954,0,2,27
BRDA:3954,e0,3,0
BRDA:4003,0,0,-
BRDA:4003,0,1,-
BRDA:4006,0,0,-
BRDA:4006,0,1,-
BRDA:4006,0,2,-
BRDA:4006,0,3,-
BRDA:4006,0,4,-
BRDA:4006,0,5,-
BRF:56
BRH:23
DA:139,180
DA:141,180
DA:151,180
DA:203,195
DA:204,195
DA:207,129
DA:208,129
DA:227,438
DA:228,438
DA:232,615
DA:233,615
DA:237,1956
DA:238,1956
DA:242,453
DA:245,453
DA:253,777
DA:256,777
DA:264,309
DA:265,309
DA:269,486
DA:271,486
DA:272,486
DA:273,486
DA:277,777
DA:279,777
DA:281,342
DA:282,0
DA:283,342
DA:285,435
DA:295,405
DA:297,405
DA:298,144
DA:299,405
DA:303,144
DA:304,144
DA:363,453
DA:364,453
DA:368,1443
DA:369,1443
DA:382,96
DA:392,129
DA:413,0
DA:415,0
DA:416,0
DA:418,0
DA:419,0
DA:424,162
DA:426,162
DA:427,0
DA:428,162
DA:434,0
DA:436,0
DA:437,0
DA:442,0
DA:444,0
DA:445,0
DA:452,411
DA:454,411
DA:455,54
DA:457,357
DA:458,411
DA:462,0
DA:464,0
DA:465,0
DA:467,0
DA:468,0
DA:487,168
DA:493,336
DA:510,168
DA:605,27
DA:606,27
DA:609,27
DA:610,27
DA:730,168
DA:731,168
DA:734,168
DA:735,0
DA:737,168
DA:738,168
DA:739,168
DA:766,129
DA:767,258
DA:769,129
DA:772,0
DA:773,0
DA:777,129
DA:778,129
DA:784,129
DA:785,129
DA:786,129
DA:787,129
DA:919,324
DA:920,324
DA:1187,777
DA:1189,777
DA:1190,777
DA:1191,0
DA:1192,777
DA:1199,264
DA:1200,264
DA:1205,1416
DA:1207,1416
DA:1209,1416
DA:1210,1416
DA:1301,243
DA:1303,243
DA:1305,243
DA:1306,0
DA:1307,243
DA:1355,36
DA:1356,36
DA:1559,0
DA:1560,0
DA:1590,54
DA:1593,54
DA:1594,54
DA:1604,108
DA:1607,108
DA:1608,108
DA:1609,108
DA:2172,0
DA:2173,0
DA:2174,0
DA:2240,0
DA:2243,0
DA:2244,0
DA:2482,0
DA:2486,0
DA:2487,0
DA:2897,63
DA:2898,63
DA:2931,27
DA:2932,54
DA:3868,27
DA:3876,27
DA:3877,27
DA:3878,27
DA:3879,27
DA:3880,27
DA:3881,0
DA:3947,27
DA:3954,54
DA:3991,0
DA:3998,0
DA:4000,0
DA:4003,0
DA:4005,0
DA:4006,0
DA:4007,0
DA:4009,0
DA:4016,0
DA:4018,0
DA:4030,108
DA:4032,216
LF:154
LH:109
end_of_record
TN:
SF:/usr/include/c++/16.1.1/bits/basic_string.tcc
FNL:0,143,165
FNA:0,180,_ZNSt7__cxx1112basic_stringIcSt11char_traitsIcESaIcEE9_M_createERmm
FNL:1,227,258
FNA:1,168,_ZNSt7__cxx1112basic_stringIcSt11char_traitsIcESaIcEE12_M_constructIPKcEEvT_S8_St20forward_iterator_tag
FNL:2,245,245
FNA:2,168,_ZZNSt7__cxx1112basic_stringIcSt11char_traitsIcESaIcEE12_M_constructIPKcEEvT_S8_St20forward_iterator_tagEN6_GuardC2EPS4_
FNL:3,248,248
FNA:3,168,_ZZNSt7__cxx1112basic_stringIcSt11char_traitsIcESaIcEE12_M_constructIPKcEEvT_S8_St20forward_iterator_tagEN6_GuardD2Ev
FNL:4,367,383
FNA:4,27,_ZNSt7__cxx1112basic_stringIcSt11char_traitsIcESaIcEE7reserveEm
FNL:5,388,408
FNA:5,54,_ZNSt7__cxx1112basic_stringIcSt11char_traitsIcESaIcEE9_M_mutateEmmPKcm
FNL:6,476,491
FNA:6,162,_ZNSt7__cxx1112basic_stringIcSt11char_traitsIcESaIcEE9_M_appendEPKcm
FNL:7,542,569
FNA:7,0,_ZNSt7__cxx1112basic_stringIcSt11char_traitsIcESaIcEE15_M_replace_coldEPcmPKcmm
FNL:8,574,615
FNA:8,0,_ZNSt7__cxx1112basic_stringIcSt11char_traitsIcESaIcEE10_M_replaceEmmPKcm
FNF:9
FNH:7
BRDA:148,0,0,0
BRDA:148,0,1,180
BRDA:154,0,0,180
BRDA:154,0,1,0
BRDA:154,0,2,54
BRDA:154,0,3,126
BRDA:158,0,0,0
BRDA:158,0,1,54
BRDA:233,0,0,99
BRDA:233,0,1,69
BRDA:235,0,0,99
BRDA:235,e0,1,0
BRDA:248,0,0,0
BRDA:248,0,1,168
BRDA:257,0,0,168
BRDA:257,e0,1,0
BRDA:375,0,0,0
BRDA:375,0,1,27
BRDA:395,0,0,54
BRDA:395,e0,1,0
BRDA:397,0,0,54
BRDA:397,0,1,0
BRDA:399,0,0,54
BRDA:399,0,1,0
BRDA:399,0,2,54
BRDA:399,0,3,0
BRDA:401,0,0,0
BRDA:401,0,1,54
BRDA:405,0,0,54
BRDA:405,e0,1,0
BRDA:481,0,0,108
BRDA:481,0,1,54
BRDA:483,0,0,108
BRDA:483,0,1,0
BRDA:547,0,0,-
BRDA:547,0,1,-
BRDA:547,0,2,-
BRDA:547,0,3,-
BRDA:549,0,0,-
BRDA:549,0,1,-
BRDA:549,0,2,-
BRDA:549,0,3,-
BRDA:551,0,0,-
BRDA:551,0,1,-
BRDA:553,0,0,-
BRDA:553,0,1,-
BRDA:555,0,0,-
BRDA:555,0,1,-
BRDA:583,0,0,-
BRDA:583,0,1,-
BRDA:600,0,0,-
BRDA:600,0,1,-
BRDA:602,0,0,-
BRDA:602,0,1,-
BRDA:602,0,2,-
BRDA:602,0,3,-
BRDA:604,0,0,-
BRDA:604,0,1,-
BRF:58
BRH:20
DA:143,180
DA:148,180
DA:149,0
DA:154,180
DA:156,54
DA:158,54
DA:159,0
DA:164,180
DA:227,168
DA:231,168
DA:233,168
DA:235,99
DA:236,99
DA:245,168
DA:248,168
DA:251,168
DA:253,168
DA:255,168
DA:257,168
DA:258,168
DA:367,27
DA:370,27
DA:375,27
DA:376,0
DA:378,27
DA:379,27
DA:380,27
DA:381,27
DA:382,27
DA:388,54
DA:392,54
DA:394,54
DA:395,54
DA:397,54
DA:398,54
DA:399,54
DA:400,54
DA:401,54
DA:402,0
DA:403,0
DA:405,54
DA:406,54
DA:407,54
DA:408,54
DA:476,162
DA:479,162
DA:481,162
DA:483,108
DA:484,108
DA:487,54
DA:489,162
DA:490,162
DA:542,0
DA:547,0
DA:548,0
DA:549,0
DA:550,0
DA:551,0
DA:553,0
DA:554,0
DA:555,0
DA:559,0
DA:560,0
DA:564,0
DA:565,0
DA:566,0
DA:569,0
DA:574,0
DA:578,0
DA:580,0
DA:581,0
DA:583,0
DA:585,0
DA:587,0
DA:600,0
DA:602,0
DA:603,0
DA:604,0
DA:605,0
DA:608,0
DA:611,0
DA:613,0
DA:614,0
LF:83
LH:47
end_of_record
TN:
SF:/usr/include/c++/16.1.1/bits/char_traits.h
FNL:0,348,356
FNA:0,540,_ZNSt11char_traitsIcE6assignERcRKc
FNL:1,390,397
FNA:1,303,_ZNSt11char_traitsIcE6lengthEPKc
FNL:2,412,421
FNA:2,0,_ZNSt11char_traitsIcE4moveEPcPKcm
FNL:3,424,433
FNA:3,357,_ZNSt11char_traitsIcE4copyEPcPKcm
FNF:4
FNH:3
BRDA:414,0,0,-
BRDA:414,0,1,-
BRDA:426,0,0,36
BRDA:426,0,1,321
BRF:4
BRH:2
DA:348,540
DA:355,540
DA:356,540
DA:390,303
DA:396,303
DA:412,0
DA:414,0
DA:415,0
DA:420,0
DA:424,357
DA:426,357
DA:427,36
DA:432,321
LF:13
LH:9
end_of_record
TN:
SF:/usr/include/c++/16.1.1/bits/chrono.h
FNL:0,1145,1147
FNA:0,15,_ZNSt6chronomiINS_3_V212steady_clockENS_8durationIlSt5ratioILl1ELl1000000000EEEES6_EENSt11common_typeIJT0_T1_EE4typeERKNS_10time_pointIT_S8_EERKNSC_ISD_S9_EE
FNL:1,1532,1572
FNA:1,3,_ZNSt6chrono21__to_timeout_timespecIlSt5ratioILl1ELl1EEEE8timespecRKNS_8durationIT_T0_EE
FNL:2,214,219
FNA:2,15,_ZNSt6chrono20__duration_cast_implINS_8durationIlSt5ratioILl1ELl1EEEES2_ILl1ELl1000000000EElLb1ELb0EE6__castIlS5_EES4_RKNS1_IT_T0_EE
FNL:3,227,232
FNA:3,3,_ZNSt6chrono20__duration_cast_implINS_8durationIlSt5ratioILl1ELl1000000000EEEES2_ILl1000000000ELl1EElLb0ELb1EE6__castIlS2_ILl1ELl1EEEES4_RKNS1_IT_T0_EE
FNL:4,279,297
FNA:4,3,_ZNSt6chrono13duration_castINS_8durationIlSt5ratioILl1ELl1000000000EEEElS2_ILl1ELl1EEEENSt9enable_ifIXsrNS_13__is_durationIT_EE5valueES8_E4typeERKNS1_IT0_T1_EE
FNA:4,15,_ZNSt6chrono13duration_castINS_8durationIlSt5ratioILl1ELl1EEEElS2_ILl1ELl1000000000EEEENSt9enable_ifIXsrNS_13__is_durationIT_EE5valueES8_E4typeERKNS1_IT0_T1_EE
FNA:4,3,_ZNSt6chrono13duration_castINS_8durationIlSt5ratioILl1ELl1EEEElS3_EENSt9enable_ifIXsrNS_13__is_durationIT_EE5valueES7_E4typeERKNS1_IT0_T1_EE
FNL:5,502,503
FNA:5,15,_ZNSt6chrono15duration_valuesIlE4zeroEv
FNL:6,577,578
FNA:6,27,_ZNSt6chrono8durationIlSt5ratioILl1ELl1000000000EEEC2IlvEERKT_
FNA:6,3,_ZNSt6chrono8durationIlSt5ratioILl1ELl1EEEC2IivEERKT_
FNA:6,24,_ZNSt6chrono8durationIlSt5ratioILl1ELl1EEEC2IlvEERKT_
FNL:7,593,594
FNA:7,48,_ZNKSt6chrono8durationIlSt5ratioILl1ELl1000000000EEE5countEv
FNA:7,42,_ZNKSt6chrono8durationIlSt5ratioILl1ELl1EEE5countEv
FNL:8,677,678
FNA:8,9,_ZNSt6chrono8durationIlSt5ratioILl1ELl1000000000EEE4zeroEv
FNA:8,6,_ZNSt6chrono8durationIlSt5ratioILl1ELl1EEE4zeroEv
FNL:9,714,721
FNA:9,15,_ZNSt6chronomiIlSt5ratioILl1ELl1000000000EElS2_EENSt11common_typeIJNS_8durationIT_T0_EENS4_IT1_T2_EEEE4typeERKS7_RKSA_
FNA:9,3,_ZNSt6chronomiIlSt5ratioILl1ELl1EElS2_EENSt11common_typeIJNS_8durationIT_T0_EENS4_IT1_T2_EEEE4typeERKS7_RKSA_
FNL:10,826,833
FNA:10,6,_ZNSt6chronoltIlSt5ratioILl1ELl1EElS2_EEbRKNS_8durationIT_T0_EERKNS3_IT1_T2_EE
FNL:11,859,861
FNA:11,3,_ZNSt6chronoleIlSt5ratioILl1ELl1EElS2_EEbRKNS_8durationIT_T0_EERKNS3_IT1_T2_EE
FNL:12,937,938
FNA:12,9,_ZNSt6chrono10time_pointINS_3_V212steady_clockENS_8durationIlSt5ratioILl1ELl1000000000EEEEEC2Ev
FNL:13,953,954
FNA:13,30,_ZNKSt6chrono10time_pointINS_3_V212steady_clockENS_8durationIlSt5ratioILl1ELl1000000000EEEEE16time_since_epochEv
FNF:14
FNH:14
BRDA:1536,0,0,0
BRDA:1536,0,1,3
BRDA:1556,0,0,0
BRDA:1556,0,1,3
BRDA:1563,0,0,3
BRDA:1563,e0,1,0
BRF:6
BRH:3
DA:214,15
DA:217,30
DA:218,15
DA:227,3
DA:230,6
DA:231,3
DA:279,21
DA:283,3
DA:293,18
DA:502,15
DA:503,15
DA:577,54
DA:578,54
DA:593,90
DA:594,90
DA:677,15
DA:678,15
DA:714,18
DA:720,18
DA:826,6
DA:832,6
DA:859,3
DA:861,3
DA:937,9
DA:938,9
DA:953,30
DA:954,30
DA:1145,15
DA:1147,15
DA:1532,3
DA:1534,3
DA:1536,3
DA:1537,0
DA:1550,3
DA:1555,3
DA:1556,3
DA:1558,0
DA:1559,0
DA:1563,3
DA:1569,3
DA:1570,3
DA:1571,3
LF:42
LH:39
end_of_record
TN:
SF:/usr/include/c++/16.1.1/bits/invoke.h
FNL:0,106,119
FNA:0,18,_ZSt10__invoke_rIdRN7testing10OnceActionIFdvEE18StdFunctionAdaptorINS0_8internal12ReturnActionIdE4ImplIdEEEEJEENSt9enable_ifIX16is_invocable_r_vIT_T0_JDpT1_EEESD_E4typeEOSE_DpOSF_
FNA:0,18,_ZSt10__invoke_rIdRN7testing8internal12ReturnActionIdE4ImplIdEEJEENSt9enable_ifIX16is_invocable_r_vIT_T0_JDpT1_EEES8_E4typeEOS9_DpOSA_
FNA:0,18,_ZSt10__invoke_rIdRN7testing8internal16TypedExpectationIFdvEE13ActionAdaptorEJEENSt9enable_ifIX16is_invocable_r_vIT_T0_JDpT1_EEES8_E4typeEOS9_DpOSA_
FNL:1,62,63
FNA:1,18,_ZSt13__invoke_implIdRN7testing10OnceActionIFdvEE18StdFunctionAdaptorINS0_8internal12ReturnActionIdE4ImplIdEEEEJEET_St14__invoke_otherOT0_DpOT1_
FNA:1,18,_ZSt13__invoke_implIdRN7testing8internal12ReturnActionIdE4ImplIdEEJEET_St14__invoke_otherOT0_DpOT1_
FNA:1,18,_ZSt13__invoke_implIdRN7testing8internal16TypedExpectationIFdvEE13ActionAdaptorEJEET_St14__invoke_otherOT0_DpOT1_
FNF:2
FNH:2
DA:62,54
DA:63,54
DA:106,54
DA:116,54
DA:118,54
LF:5
LH:5
end_of_record
TN:
SF:/usr/include/c++/16.1.1/bits/ios_base.h
FNL:0,765,766
FNA:0,0,_ZNKSt8ios_base9precisionEv
FNL:1,774,779
FNA:1,0,_ZNSt8ios_base9precisionEl
FNF:2
FNH:0
DA:765,0
DA:766,0
DA:774,0
DA:776,0
DA:777,0
DA:778,0
LF:6
LH:0
end_of_record
TN:
SF:/usr/include/c++/16.1.1/bits/move.h
FNL:0,230,241
FNA:0,36,_ZSt4swapIPFbRSt9_Any_dataRKS0_St18_Manager_operationEENSt9enable_ifIXsrSt6__and_IJSt6__not_ISt15__is_tuple_likeIT_EESt21is_move_constructibleISB_ESt18is_move_assignableISB_EEE5valueEvE4typeERSB_SL_
FNA:0,36,_ZSt4swapIPFdRKSt9_Any_dataEENSt9enable_ifIXsrSt6__and_IJSt6__not_ISt15__is_tuple_likeIT_EESt21is_move_constructibleIS9_ESt18is_move_assignableIS9_EEE5valueEvE4typeERS9_SJ_
FNA:0,36,_ZSt4swapISt9_Any_dataENSt9enable_ifIXsrSt6__and_IJSt6__not_ISt15__is_tuple_likeIT_EESt21is_move_constructibleIS5_ESt18is_move_assignableIS5_EEE5valueEvE4typeERS5_SF_
FNF:1
FNH:1
DA:53,72
DA:73,1068
DA:139,789
DA:177,1266
DA:230,108
DA:238,144
DA:239,108
DA:240,108
DA:241,108
LF:9
LH:9
end_of_record
TN:
SF:/usr/include/c++/16.1.1/bits/new_allocator.h
FNL:0,104,104
FNA:0,36,_ZNSt15__new_allocatorIPKvED2Ev
FNA:0,0,_ZNSt15__new_allocatorISt13_Rb_tree_nodeIN7testing11ExpectationEEED2Ev
FNA:0,36,_ZNSt15__new_allocatorISt23_Sp_counted_ptr_inplaceIN7testing10OnceActionIFdvEEESaIvELN9__gnu_cxx12_Lock_policyE2EEED2Ev
FNA:0,36,_ZNSt15__new_allocatorISt23_Sp_counted_ptr_inplaceIN7testing8internal12ReturnActionIdE4ImplIdEESaIvELN9__gnu_cxx12_Lock_policyE2EEED2Ev
FNA:0,546,_ZNSt15__new_allocatorIcED2Ev
FNL:1,129,163
FNA:1,18,_ZNSt15__new_allocatorIPKvE8allocateEmS1_
FNA:1,27,_ZNSt15__new_allocatorISt10shared_ptrIN7testing8internal15ExpectationBaseEEE8allocateEmPKv
FNA:1,18,_ZNSt15__new_allocatorISt23_Sp_counted_ptr_inplaceIN7testing10OnceActionIFdvEEESaIvELN9__gnu_cxx12_Lock_policyE2EEE8allocateEmPKv
FNA:1,18,_ZNSt15__new_allocatorISt23_Sp_counted_ptr_inplaceIN7testing8internal12ReturnActionIdE4ImplIdEESaIvELN9__gnu_cxx12_Lock_policyE2EEE8allocateEmPKv
FNA:1,180,_ZNSt15__new_allocatorIcE8allocateEmPKv
FNL:2,167,184
FNA:2,0,_ZNSt15__new_allocatorIPKvE10deallocateEPS1_m
FNA:2,9,_ZNSt15__new_allocatorISt10shared_ptrIN7testing8internal15ExpectationBaseEEE10deallocateEPS4_m
FNA:2,0,_ZNSt15__new_allocatorISt13_Rb_tree_nodeIN7testing11ExpectationEEE10deallocateEPS3_m
FNA:2,18,_ZNSt15__new_allocatorISt23_Sp_counted_ptr_inplaceIN7testing10OnceActionIFdvEEESaIvELN9__gnu_cxx12_Lock_policyE2EEE10deallocateEPS8_m
FNA:2,18,_ZNSt15__new_allocatorISt23_Sp_counted_ptr_inplaceIN7testing8internal12ReturnActionIdE4ImplIdEESaIvELN9__gnu_cxx12_Lock_policyE2EEE10deallocateEPSA_m
FNA:2,144,_ZNSt15__new_allocatorIcE10deallocateEPcm
FNF:3
FNH:3
BRDA:145,0,0,0
BRDA:145,0,1,261
BRDA:149,0,0,-
BRDA:149,0,1,-
BRDA:203,0,0,0
BRDA:203,0,1,12
BRDA:203,0,2,0
BRDA:203,0,3,18
BRDA:203,0,4,0
BRDA:203,0,5,0
BRDA:203,0,6,0
BRDA:203,0,7,27
BRDA:203,0,8,0
BRDA:203,0,9,0
BRF:14
BRH:4
DA:88,234
DA:92,378
DA:104,654
DA:129,261
DA:145,261
DA:149,0
DA:150,0
DA:151,0
DA:162,261
DA:167,189
DA:183,189
DA:184,189
DA:195,1506
DA:203,114
DA:210,12
DA:245,1767
LF:16
LH:13
end_of_record
TN:
SF:/usr/include/c++/16.1.1/bits/ptr_traits.h
FNL:0,134,135
FNA:0,777,_ZNSt19__ptr_traits_ptr_toIPKcS0_Lb0EE10pointer_toERS0_
FNA:0,453,_ZNSt19__ptr_traits_ptr_toIPccLb0EE10pointer_toERc
FNF:1
FNH:1
DA:134,1230
DA:135,1230
DA:211,81
LF:3
LH:3
end_of_record
TN:
SF:/usr/include/c++/16.1.1/bits/shared_ptr.h
FNL:0,1061,1067
FNA:0,18,_ZSt11make_sharedIN7testing10OnceActionIFdvEEEJS3_EESt10shared_ptrINSt9enable_ifIXntsrSt8is_arrayIT_E5valueES7_E4typeEEDpOT0_
FNA:0,18,_ZSt11make_sharedIN7testing8internal12ReturnActionIdE4ImplIdEEJS5_EESt10shared_ptrINSt9enable_ifIXntsrSt8is_arrayIT_E5valueES9_E4typeEEDpOT0_
FNL:1,203,203
FNA:1,18,_ZNSt10shared_ptrIN7testing10OnceActionIFdvEEEEC2ERKS4_
FNA:1,54,_ZNSt10shared_ptrIN7testing8internal12ReturnActionIdE4ImplIdE5StateEEC2ERKS7_
FNA:1,0,_ZNSt10shared_ptrIN7testing8internal12ReturnActionIdE4ImplIdEEEC2ERKS6_
FNA:1,27,_ZNSt10shared_ptrIN7testing8internal15ExpectationBaseEEC2ERKS3_
FNL:2,213,213
FNA:2,27,_ZNSt10shared_ptrIN7testing8internal12ReturnActionIdE4ImplIdE5StateEEC2IS6_vEEPT_
FNA:2,27,_ZNSt10shared_ptrIN7testing8internal15ExpectationBaseEEC2INS1_16TypedExpectationIFdvEEEvEEPT_
FNL:3,358,359
FNA:3,18,_ZNSt10shared_ptrIN7testing10OnceActionIFdvEEEEC2EOS4_
FNA:3,18,_ZNSt10shared_ptrIN7testing8internal12ReturnActionIdE4ImplIdEEEC2EOS6_
FNA:3,12,_ZNSt10shared_ptrIN7testing8internal15ExpectationBaseEEC2EOS3_
FNL:4,413,413
FNA:4,27,_ZNSt10shared_ptrIKN7testing20CardinalityInterfaceEEaSERKS3_
FNL:5,462,464
FNA:5,18,_ZNSt10shared_ptrIN7testing10OnceActionIFdvEEEEC2ISaIvEJS3_EEESt20_Sp_alloc_shared_tagIT_EDpOT0_
FNA:5,18,_ZNSt10shared_ptrIN7testing8internal12ReturnActionIdE4ImplIdEEEC2ISaIvEJS5_EEESt20_Sp_alloc_shared_tagIT_EDpOT0_
FNF:6
FNH:6
BRDA:1066,0,0,36
BRDA:1066,e0,1,0
BRF:2
BRH:1
DA:203,99
DA:213,54
DA:358,48
DA:359,96
DA:413,27
DA:462,36
DA:463,72
DA:464,36
DA:1061,36
DA:1066,72
LF:10
LH:10
end_of_record
TN:
SF:/usr/include/c++/16.1.1/bits/shared_ptr_base.h
FNL:0,1028,1041
FNA:0,18,_ZNSt14__shared_countILN9__gnu_cxx12_Lock_policyE2EEC2IN7testing10OnceActionIFdvEEESaIvEJS7_EEERPT_St20_Sp_alloc_shared_tagIT0_EDpOT1_
FNA:0,18,_ZNSt14__shared_countILN9__gnu_cxx12_Lock_policyE2EEC2IN7testing8internal12ReturnActionIdE4ImplIdEESaIvEJS9_EEERPT_St20_Sp_alloc_shared_tagIT0_EDpOT1_
FNL:1,1133,1137
FNA:1,237,_ZNSt14__shared_countILN9__gnu_cxx12_Lock_policyE2EED2Ev
FNL:2,1139,1144
FNA:2,99,_ZNSt14__shared_countILN9__gnu_cxx12_Lock_policyE2EEC2ERKS2_
FNL:3,1147,1159
FNA:3,27,_ZNSt14__shared_countILN9__gnu_cxx12_Lock_policyE2EEaSERKS2_
FNL:4,1162,1167
FNA:4,48,_ZNSt14__shared_countILN9__gnu_cxx12_Lock_policyE2EE7_M_swapERS2_
FNL:5,128,129
FNA:5,90,_ZNSt16_Sp_counted_baseILN9__gnu_cxx12_Lock_policyE2EEC2Ev
FNL:6,132,133
FNA:6,0,_ZNSt16_Sp_counted_baseILN9__gnu_cxx12_Lock_policyE2EED0Ev
FNA:6,90,_ZNSt16_Sp_counted_baseILN9__gnu_cxx12_Lock_policyE2EED2Ev
FNL:7,142,143
FNA:7,0,_ZNSt16_Sp_counted_baseILN9__gnu_cxx12_Lock_policyE2EE10_M_destroyEv
FNL:8,1436,1437
FNA:8,18,_ZNKSt19__shared_ptr_accessIN7testing10OnceActionIFdvEEELN9__gnu_cxx12_Lock_policyE2ELb0ELb0EEdeEv
FNA:8,18,_ZNKSt19__shared_ptr_accessIN7testing8internal12ReturnActionIdE4ImplIdEELN9__gnu_cxx12_Lock_policyE2ELb0ELb0EEdeEv
FNL:9,1440,1444
FNA:9,72,_ZNKSt19__shared_ptr_accessIKN7testing20CardinalityInterfaceELN9__gnu_cxx12_Lock_policyE2ELb0ELb0EEptEv
FNA:9,36,_ZNKSt19__shared_ptr_accessIN7testing8internal12ReturnActionIdE4ImplIdE5StateELN9__gnu_cxx12_Lock_policyE2ELb0ELb0EEptEv
FNA:9,0,_ZNKSt19__shared_ptr_accessIN7testing8internal15ExpectationBaseELN9__gnu_cxx12_Lock_policyE2ELb0ELb0EEptEv
FNL:10,1448,1449
FNA:10,72,_ZNKSt19__shared_ptr_accessIKN7testing20CardinalityInterfaceELN9__gnu_cxx12_Lock_policyE2ELb0ELb0EE6_M_getEv
FNA:10,18,_ZNKSt19__shared_ptr_accessIN7testing10OnceActionIFdvEEELN9__gnu_cxx12_Lock_policyE2ELb0ELb0EE6_M_getEv
FNA:10,36,_ZNKSt19__shared_ptr_accessIN7testing8internal12ReturnActionIdE4ImplIdE5StateELN9__gnu_cxx12_Lock_policyE2ELb0ELb0EE6_M_getEv
FNA:10,18,_ZNKSt19__shared_ptr_accessIN7testing8internal12ReturnActionIdE4ImplIdEELN9__gnu_cxx12_Lock_policyE2ELb0ELb0EE6_M_getEv
FNA:10,0,_ZNKSt19__shared_ptr_accessIN7testing8internal15ExpectationBaseELN9__gnu_cxx12_Lock_policyE2ELb0ELb0EE6_M_getEv
FNL:11,150,151
FNA:11,126,_ZNSt16_Sp_counted_baseILN9__gnu_cxx12_Lock_policyE2EE15_M_add_ref_copyEv
FNL:12,1554,1560
FNA:12,27,_ZNSt12__shared_ptrIN7testing8internal12ReturnActionIdE4ImplIdE5StateELN9__gnu_cxx12_Lock_policyE2EEC2IS6_vEEPT_
FNA:12,27,_ZNSt12__shared_ptrIN7testing8internal15ExpectationBaseELN9__gnu_cxx12_Lock_policyE2EEC2INS1_16TypedExpectationIFdvEEEvEEPT_
FNL:13,1608,1608
FNA:13,18,_ZNSt12__shared_ptrIN7testing10OnceActionIFdvEEELN9__gnu_cxx12_Lock_policyE2EEC2ERKS6_
FNA:13,54,_ZNSt12__shared_ptrIN7testing8internal12ReturnActionIdE4ImplIdE5StateELN9__gnu_cxx12_Lock_policyE2EEC2ERKS9_
FNA:13,0,_ZNSt12__shared_ptrIN7testing8internal12ReturnActionIdE4ImplIdEELN9__gnu_cxx12_Lock_policyE2EEC2ERKS8_
FNA:13,27,_ZNSt12__shared_ptrIN7testing8internal15ExpectationBaseELN9__gnu_cxx12_Lock_policyE2EEC2ERKS5_
FNL:14,1609,1609
FNA:14,27,_ZNSt12__shared_ptrIKN7testing20CardinalityInterfaceELN9__gnu_cxx12_Lock_policyE2EEaSERKS5_
FNL:15,1610,1610
FNA:15,27,_ZNSt12__shared_ptrIKN7testing20CardinalityInterfaceELN9__gnu_cxx12_Lock_policyE2EED2Ev
FNA:15,54,_ZNSt12__shared_ptrIN7testing10OnceActionIFdvEEELN9__gnu_cxx12_Lock_policyE2EED2Ev
FNA:15,81,_ZNSt12__shared_ptrIN7testing8internal12ReturnActionIdE4ImplIdE5StateELN9__gnu_cxx12_Lock_policyE2EED2Ev
FNA:15,36,_ZNSt12__shared_ptrIN7testing8internal12ReturnActionIdE4ImplIdEELN9__gnu_cxx12_Lock_policyE2EED2Ev
FNA:15,39,_ZNSt12__shared_ptrIN7testing8internal15ExpectationBaseELN9__gnu_cxx12_Lock_policyE2EED2Ev
FNL:16,1617,1622
FNA:16,18,_ZNSt12__shared_ptrIN7testing10OnceActionIFdvEEELN9__gnu_cxx12_Lock_policyE2EEC2EOS6_
FNA:16,18,_ZNSt12__shared_ptrIN7testing8internal12ReturnActionIdE4ImplIdEELN9__gnu_cxx12_Lock_policyE2EEC2EOS8_
FNA:16,12,_ZNSt12__shared_ptrIN7testing8internal15ExpectationBaseELN9__gnu_cxx12_Lock_policyE2EEC2EOS5_
FNL:17,171,192
FNA:17,0,_ZNSt16_Sp_counted_baseILN9__gnu_cxx12_Lock_policyE2EE19_M_release_last_useEv
FNL:18,1751,1752
FNA:18,72,_ZNKSt12__shared_ptrIKN7testing20CardinalityInterfaceELN9__gnu_cxx12_Lock_policyE2EE3getEv
FNA:18,18,_ZNKSt12__shared_ptrIN7testing10OnceActionIFdvEEELN9__gnu_cxx12_Lock_policyE2EE3getEv
FNA:18,36,_ZNKSt12__shared_ptrIN7testing8internal12ReturnActionIdE4ImplIdE5StateELN9__gnu_cxx12_Lock_policyE2EE3getEv
FNA:18,18,_ZNKSt12__shared_ptrIN7testing8internal12ReturnActionIdE4ImplIdEELN9__gnu_cxx12_Lock_policyE2EE3getEv
FNA:18,45,_ZNKSt12__shared_ptrIN7testing8internal15ExpectationBaseELN9__gnu_cxx12_Lock_policyE2EE3getEv
FNL:19,1811,1813
FNA:19,18,_ZNSt12__shared_ptrIN7testing10OnceActionIFdvEEELN9__gnu_cxx12_Lock_policyE2EEC2ISaIvEJS3_EEESt20_Sp_alloc_shared_tagIT_EDpOT0_
FNA:19,18,_ZNSt12__shared_ptrIN7testing8internal12ReturnActionIdE4ImplIdEELN9__gnu_cxx12_Lock_policyE2EEC2ISaIvEJS5_EEESt20_Sp_alloc_shared_tagIT_EDpOT0_
FNL:20,1865,1866
FNA:20,18,_ZNSt12__shared_ptrIN7testing10OnceActionIFdvEEELN9__gnu_cxx12_Lock_policyE2EE31_M_enable_shared_from_this_withIS3_S3_EENSt9enable_ifIXntsrNS6_15__has_esft_baseIT0_vEE5valueEvE4typeEPT_
FNA:20,27,_ZNSt12__shared_ptrIN7testing8internal12ReturnActionIdE4ImplIdE5StateELN9__gnu_cxx12_Lock_policyE2EE31_M_enable_shared_from_this_withIS6_S6_EENSt9enable_ifIXntsrNS9_15__has_esft_baseIT0_vEE5valueEvE4typeEPT_
FNA:20,18,_ZNSt12__shared_ptrIN7testing8internal12ReturnActionIdE4ImplIdEELN9__gnu_cxx12_Lock_policyE2EE31_M_enable_shared_from_this_withIS5_S5_EENSt9enable_ifIXntsrNS8_15__has_esft_baseIT0_vEE5valueEvE4typeEPT_
FNA:20,27,_ZNSt12__shared_ptrIN7testing8internal15ExpectationBaseELN9__gnu_cxx12_Lock_policyE2EE31_M_enable_shared_from_this_withINS1_16TypedExpectationIFdvEEES9_EENSt9enable_ifIXntsrNS5_15__has_esft_baseIT0_vEE5valueEvE4typeEPT_
FNL:21,197,198
FNA:21,0,_ZNSt16_Sp_counted_baseILN9__gnu_cxx12_Lock_policyE2EE24_M_release_last_use_coldEv
FNL:22,256,281
FNA:22,126,_ZNSt16_Sp_counted_baseILN9__gnu_cxx12_Lock_policyE2EE6_S_chkEi
FNL:23,392,441
FNA:23,216,_ZNSt16_Sp_counted_baseILN9__gnu_cxx12_Lock_policyE2EE10_M_releaseEv
FNL:24,482,483
FNA:24,27,_ZNSt15_Sp_counted_ptrIPN7testing8internal12ReturnActionIdE4ImplIdE5StateELN9__gnu_cxx12_Lock_policyE2EEC2ES7_
FNA:24,27,_ZNSt15_Sp_counted_ptrIPN7testing8internal16TypedExpectationIFdvEEELN9__gnu_cxx12_Lock_policyE2EEC2ES5_
FNL:25,486,487
FNA:25,27,_ZNSt15_Sp_counted_ptrIPN7testing8internal12ReturnActionIdE4ImplIdE5StateELN9__gnu_cxx12_Lock_policyE2EE10_M_disposeEv
FNA:25,27,_ZNSt15_Sp_counted_ptrIPN7testing8internal16TypedExpectationIFdvEEELN9__gnu_cxx12_Lock_policyE2EE10_M_disposeEv
FNL:26,490,491
FNA:26,27,_ZNSt15_Sp_counted_ptrIPN7testing8internal12ReturnActionIdE4ImplIdE5StateELN9__gnu_cxx12_Lock_policyE2EE10_M_destroyEv
FNA:26,27,_ZNSt15_Sp_counted_ptrIPN7testing8internal16TypedExpectationIFdvEEELN9__gnu_cxx12_Lock_policyE2EE10_M_destroyEv
FNL:27,494,495
FNA:27,0,_ZNSt15_Sp_counted_ptrIPN7testing8internal12ReturnActionIdE4ImplIdE5StateELN9__gnu_cxx12_Lock_policyE2EE14_M_get_deleterERKSt9type_info
FNA:27,0,_ZNSt15_Sp_counted_ptrIPN7testing8internal16TypedExpectationIFdvEEELN9__gnu_cxx12_Lock_policyE2EE14_M_get_deleterERKSt9type_info
FNL:28,529,529
FNA:28,36,_ZNSt14_Sp_ebo_helperILi0ESaIvELb1EEC2ERKS0_
FNL:29,533,533
FNA:29,72,_ZNSt14_Sp_ebo_helperILi0ESaIvELb1EE6_S_getERS1_
FNL:30,630,634
FNA:30,0,_ZNSt19_Sp_make_shared_tag5_S_tiEv
FNL:31,653,653
FNA:31,18,_ZNSt23_Sp_counted_ptr_inplaceIN7testing10OnceActionIFdvEEESaIvELN9__gnu_cxx12_Lock_policyE2EE5_ImplC2ES4_
FNA:31,18,_ZNSt23_Sp_counted_ptr_inplaceIN7testing8internal12ReturnActionIdE4ImplIdEESaIvELN9__gnu_cxx12_Lock_policyE2EE5_ImplC2ES6_
FNL:32,655,655
FNA:32,36,_ZNSt23_Sp_counted_ptr_inplaceIN7testing10OnceActionIFdvEEESaIvELN9__gnu_cxx12_Lock_policyE2EE5_Impl8_M_allocEv
FNA:32,36,_ZNSt23_Sp_counted_ptr_inplaceIN7testing8internal12ReturnActionIdE4ImplIdEESaIvELN9__gnu_cxx12_Lock_policyE2EE5_Impl8_M_allocEv
FNL:33,665,672
FNA:33,18,_ZNSt23_Sp_counted_ptr_inplaceIN7testing10OnceActionIFdvEEESaIvELN9__gnu_cxx12_Lock_policyE2EEC2IJS3_EEES4_DpOT_
FNA:33,18,_ZNSt23_Sp_counted_ptr_inplaceIN7testing8internal12ReturnActionIdE4ImplIdEESaIvELN9__gnu_cxx12_Lock_policyE2EEC2IJS5_EEES6_DpOT_
FNL:34,676,676
FNA:34,0,_ZNSt23_Sp_counted_ptr_inplaceIN7testing10OnceActionIFdvEEESaIvELN9__gnu_cxx12_Lock_policyE2EED0Ev
FNA:34,18,_ZNSt23_Sp_counted_ptr_inplaceIN7testing10OnceActionIFdvEEESaIvELN9__gnu_cxx12_Lock_policyE2EED2Ev
FNA:34,0,_ZNSt23_Sp_counted_ptr_inplaceIN7testing8internal12ReturnActionIdE4ImplIdEESaIvELN9__gnu_cxx12_Lock_policyE2EED0Ev
FNA:34,18,_ZNSt23_Sp_counted_ptr_inplaceIN7testing8internal12ReturnActionIdE4ImplIdEESaIvELN9__gnu_cxx12_Lock_policyE2EED2Ev
FNL:35,680,683
FNA:35,18,_ZNSt23_Sp_counted_ptr_inplaceIN7testing10OnceActionIFdvEEESaIvELN9__gnu_cxx12_Lock_policyE2EE10_M_disposeEv
FNA:35,18,_ZNSt23_Sp_counted_ptr_inplaceIN7testing8internal12ReturnActionIdE4ImplIdEESaIvELN9__gnu_cxx12_Lock_policyE2EE10_M_disposeEv
FNL:36,687,692
FNA:36,18,_ZNSt23_Sp_counted_ptr_inplaceIN7testing10OnceActionIFdvEEESaIvELN9__gnu_cxx12_Lock_policyE2EE10_M_destroyEv
FNA:36,18,_ZNSt23_Sp_counted_ptr_inplaceIN7testing8internal12ReturnActionIdE4ImplIdEESaIvELN9__gnu_cxx12_Lock_policyE2EE10_M_destroyEv
FNL:37,700,716
FNA:37,0,_ZNSt23_Sp_counted_ptr_inplaceIN7testing10OnceActionIFdvEEESaIvELN9__gnu_cxx12_Lock_policyE2EE14_M_get_deleterERKSt9type_info
FNA:37,0,_ZNSt23_Sp_counted_ptr_inplaceIN7testing8internal12ReturnActionIdE4ImplIdEESaIvELN9__gnu_cxx12_Lock_policyE2EE14_M_get_deleterERKSt9type_info
FNL:38,719,719
FNA:38,54,_ZNSt23_Sp_counted_ptr_inplaceIN7testing10OnceActionIFdvEEESaIvELN9__gnu_cxx12_Lock_policyE2EE6_M_ptrEv
FNA:38,54,_ZNSt23_Sp_counted_ptr_inplaceIN7testing8internal12ReturnActionIdE4ImplIdEESaIvELN9__gnu_cxx12_Lock_policyE2EE6_M_ptrEv
FNL:39,972,973
FNA:39,48,_ZNSt14__shared_countILN9__gnu_cxx12_Lock_policyE2EEC2Ev
FNL:40,977,988
FNA:40,27,_ZNSt14__shared_countILN9__gnu_cxx12_Lock_policyE2EEC2IPN7testing8internal12ReturnActionIdE4ImplIdE5StateEEET_
FNA:40,27,_ZNSt14__shared_countILN9__gnu_cxx12_Lock_policyE2EEC2IPN7testing8internal16TypedExpectationIFdvEEEEET_
FNL:41,991,993
FNA:41,27,_ZNSt14__shared_countILN9__gnu_cxx12_Lock_policyE2EEC2IPN7testing8internal12ReturnActionIdE4ImplIdE5StateEEET_St17integral_constantIbLb0EE
FNA:41,27,_ZNSt14__shared_countILN9__gnu_cxx12_Lock_policyE2EEC2IPN7testing8internal16TypedExpectationIFdvEEEEET_St17integral_constantIbLb0EE
FNF:42
FNH:36
BRDA:143,0,0,-
BRDA:143,0,1,-
BRDA:187,0,0,-
BRDA:187,0,1,-
BRDA:279,0,0,0
BRDA:279,0,1,126
BRDA:414,0,0,90
BRDA:414,0,1,126
BRDA:427,0,0,0
BRDA:427,0,1,126
BRDA:487,0,0,54
BRDA:487,0,1,0
BRDA:491,0,0,54
BRDA:491,0,1,0
BRDA:707,0,0,-
BRDA:707,0,1,-
BRDA:707,0,2,-
BRDA:707,0,3,-
BRDA:707,0,4,-
BRDA:707,0,5,-
BRDA:981,0,0,54
BRDA:981,e0,1,0
BRDA:981,0,2,0
BRDA:981,0,3,54
BRDA:985,0,0,0
BRDA:985,0,1,0
BRDA:1034,0,0,36
BRDA:1034,e0,1,0
BRDA:1036,0,0,0
BRDA:1036,0,1,36
BRDA:1135,0,0,189
BRDA:1135,0,1,48
BRDA:1142,0,0,99
BRDA:1142,0,1,0
BRDA:1150,0,0,27
BRDA:1150,0,1,0
BRDA:1152,0,0,27
BRDA:1152,0,1,0
BRDA:1154,0,0,27
BRDA:1154,0,1,0
BRDA:1423,0,0,0
BRDA:1423,0,1,18
BRDA:1423,0,2,0
BRDA:1423,0,3,18
BRF:44
BRH:18
DA:128,90
DA:129,90
DA:132,90
DA:133,90
DA:142,0
DA:143,0
DA:150,126
DA:151,252
DA:171,0
DA:174,0
DA:186,0
DA:187,0
DA:190,0
DA:192,0
DA:197,0
DA:198,0
DA:256,126
DA:258,126
DA:276,126
DA:279,126
DA:280,0
DA:281,126
DA:392,216
DA:398,216
DA:401,216
DA:405,216
DA:408,216
DA:409,216
DA:410,216
DA:411,216
DA:414,216
DA:420,90
DA:423,90
DA:424,90
DA:425,90
DA:427,252
DA:428,0
DA:430,0
DA:431,0
DA:482,54
DA:483,54
DA:486,54
DA:487,54
DA:490,54
DA:491,54
DA:494,0
DA:495,0
DA:529,36
DA:533,72
DA:630,0
DA:633,0
DA:653,36
DA:655,72
DA:665,36
DA:666,36
DA:670,36
DA:672,36
DA:676,36
DA:680,36
DA:682,36
DA:683,36
DA:687,36
DA:689,36
DA:690,36
DA:691,36
DA:692,36
DA:700,0
DA:706,0
DA:707,0
DA:709,0
DA:714,0
DA:715,0
DA:719,108
DA:972,48
DA:973,48
DA:977,54
DA:981,54
DA:983,0
DA:985,0
DA:986,0
DA:988,54
DA:991,54
DA:992,54
DA:993,54
DA:1028,36
DA:1033,36
DA:1034,36
DA:1035,36
DA:1036,72
DA:1038,36
DA:1039,36
DA:1040,36
DA:1041,72
DA:1133,237
DA:1135,237
DA:1136,189
DA:1137,237
DA:1139,99
DA:1140,99
DA:1142,99
DA:1143,99
DA:1144,99
DA:1147,27
DA:1149,27
DA:1150,27
DA:1152,27
DA:1153,27
DA:1154,27
DA:1155,27
DA:1156,27
DA:1158,27
DA:1162,48
DA:1164,48
DA:1165,48
DA:1166,48
DA:1167,48
DA:1423,36
DA:1424,36
DA:1436,36
DA:1437,72
DA:1440,108
DA:1443,108
DA:1448,144
DA:1449,144
DA:1554,54
DA:1555,54
DA:1559,54
DA:1560,54
DA:1608,99
DA:1609,27
DA:1610,237
DA:1617,48
DA:1618,48
DA:1620,48
DA:1621,48
DA:1622,48
DA:1751,189
DA:1752,189
DA:1811,36
DA:1812,72
DA:1813,36
DA:1865,90
DA:1866,90
LF:143
LH:116
end_of_record
TN:
SF:/usr/include/c++/16.1.1/bits/std_abs.h
FNL:0,77,78
FNA:0,15,_ZSt3absd
FNF:1
FNH:1
DA:77,15
DA:78,15
LF:2
LH:2
end_of_record
TN:
SF:/usr/include/c++/16.1.1/bits/std_function.h
FNL:0,136,148
FNA:0,18,_ZNSt14_Function_base13_Base_managerIN7testing10OnceActionIFdvEE18StdFunctionAdaptorINS1_8internal12ReturnActionIdE4ImplIdEEEEE14_M_get_pointerERKSt9_Any_data
FNA:0,45,_ZNSt14_Function_base13_Base_managerIN7testing8internal12ReturnActionIdE4ImplIdEEE14_M_get_pointerERKSt9_Any_data
FNA:0,36,_ZNSt14_Function_base13_Base_managerIN7testing8internal16TypedExpectationIFdvEE13ActionAdaptorEE14_M_get_pointerERKSt9_Any_data
FNL:1,163,167
FNA:1,0,_ZNSt14_Function_base13_Base_managerIN7testing10OnceActionIFdvEE18StdFunctionAdaptorINS1_8internal12ReturnActionIdE4ImplIdEEEEE9_M_createIRKSB_EEvRSt9_Any_dataOT_St17integral_constantIbLb0EE
FNA:1,18,_ZNSt14_Function_base13_Base_managerIN7testing10OnceActionIFdvEE18StdFunctionAdaptorINS1_8internal12ReturnActionIdE4ImplIdEEEEE9_M_createISB_EEvRSt9_Any_dataOT_St17integral_constantIbLb0EE
FNA:1,27,_ZNSt14_Function_base13_Base_managerIN7testing8internal12ReturnActionIdE4ImplIdEEE9_M_createIRKS6_EEvRSt9_Any_dataOT_St17integral_constantIbLb0EE
FNA:1,9,_ZNSt14_Function_base13_Base_managerIN7testing8internal12ReturnActionIdE4ImplIdEEE9_M_createIS6_EEvRSt9_Any_dataOT_St17integral_constantIbLb0EE
FNA:1,18,_ZNSt14_Function_base13_Base_managerIN7testing8internal16TypedExpectationIFdvEE13ActionAdaptorEE9_M_createIRKS6_EEvRSt9_Any_dataOT_St17integral_constantIbLb0EE
FNA:1,18,_ZNSt14_Function_base13_Base_managerIN7testing8internal16TypedExpectationIFdvEE13ActionAdaptorEE9_M_createIS6_EEvRSt9_Any_dataOT_St17integral_constantIbLb0EE
FNL:2,178,181
FNA:2,18,_ZNSt14_Function_base13_Base_managerIN7testing10OnceActionIFdvEE18StdFunctionAdaptorINS1_8internal12ReturnActionIdE4ImplIdEEEEE10_M_destroyERSt9_Any_dataSt17integral_constantIbLb0EE
FNA:2,36,_ZNSt14_Function_base13_Base_managerIN7testing8internal12ReturnActionIdE4ImplIdEEE10_M_destroyERSt9_Any_dataSt17integral_constantIbLb0EE
FNA:2,36,_ZNSt14_Function_base13_Base_managerIN7testing8internal16TypedExpectationIFdvEE13ActionAdaptorEE10_M_destroyERSt9_Any_dataSt17integral_constantIbLb0EE
FNL:3,185,212
FNA:3,18,_ZNSt14_Function_base13_Base_managerIN7testing10OnceActionIFdvEE18StdFunctionAdaptorINS1_8internal12ReturnActionIdE4ImplIdEEEEE10_M_managerERSt9_Any_dataRKSD_St18_Manager_operation
FNA:3,63,_ZNSt14_Function_base13_Base_managerIN7testing8internal12ReturnActionIdE4ImplIdEEE10_M_managerERSt9_Any_dataRKS8_St18_Manager_operation
FNA:3,54,_ZNSt14_Function_base13_Base_managerIN7testing8internal16TypedExpectationIFdvEE13ActionAdaptorEE10_M_managerERSt9_Any_dataRKS8_St18_Manager_operation
FNL:4,216,221
FNA:4,0,_ZNSt14_Function_base13_Base_managerIN7testing10OnceActionIFdvEE18StdFunctionAdaptorINS1_8internal12ReturnActionIdE4ImplIdEEEEE15_M_init_functorIRKSB_EEvRSt9_Any_dataOT_
FNA:4,18,_ZNSt14_Function_base13_Base_managerIN7testing10OnceActionIFdvEE18StdFunctionAdaptorINS1_8internal12ReturnActionIdE4ImplIdEEEEE15_M_init_functorISB_EEvRSt9_Any_dataOT_
FNA:4,27,_ZNSt14_Function_base13_Base_managerIN7testing8internal12ReturnActionIdE4ImplIdEEE15_M_init_functorIRKS6_EEvRSt9_Any_dataOT_
FNA:4,9,_ZNSt14_Function_base13_Base_managerIN7testing8internal12ReturnActionIdE4ImplIdEEE15_M_init_functorIS6_EEvRSt9_Any_dataOT_
FNA:4,18,_ZNSt14_Function_base13_Base_managerIN7testing8internal16TypedExpectationIFdvEE13ActionAdaptorEE15_M_init_functorIRKS6_EEvRSt9_Any_dataOT_
FNA:4,18,_ZNSt14_Function_base13_Base_managerIN7testing8internal16TypedExpectationIFdvEE13ActionAdaptorEE15_M_init_functorIS6_EEvRSt9_Any_dataOT_
FNL:5,240,241
FNA:5,18,_ZNSt14_Function_base13_Base_managerIN7testing10OnceActionIFdvEE18StdFunctionAdaptorINS1_8internal12ReturnActionIdE4ImplIdEEEEE21_M_not_empty_functionISB_EEbRKT_
FNA:5,9,_ZNSt14_Function_base13_Base_managerIN7testing8internal12ReturnActionIdE4ImplIdEEE21_M_not_empty_functionIS6_EEbRKT_
FNA:5,18,_ZNSt14_Function_base13_Base_managerIN7testing8internal16TypedExpectationIFdvEE13ActionAdaptorEE21_M_not_empty_functionIS6_EEbRKT_
FNL:6,244,244
FNA:6,180,_ZNSt14_Function_baseC2Ev
FNL:7,246,250
FNA:7,180,_ZNSt14_Function_baseD2Ev
FNL:8,252,252
FNA:8,207,_ZNKSt14_Function_base8_M_emptyEv
FNL:9,272,290
FNA:9,18,_ZNSt17_Function_handlerIFdvEN7testing10OnceActionIS0_E18StdFunctionAdaptorINS1_8internal12ReturnActionIdE4ImplIdEEEEE10_M_managerERSt9_Any_dataRKSC_St18_Manager_operation
FNA:9,63,_ZNSt17_Function_handlerIFdvEN7testing8internal12ReturnActionIdE4ImplIdEEE10_M_managerERSt9_Any_dataRKS8_St18_Manager_operation
FNA:9,54,_ZNSt17_Function_handlerIFdvEN7testing8internal16TypedExpectationIS0_E13ActionAdaptorEE10_M_managerERSt9_Any_dataRKS7_St18_Manager_operation
FNL:10,293,297
FNA:10,18,_ZNSt17_Function_handlerIFdvEN7testing10OnceActionIS0_E18StdFunctionAdaptorINS1_8internal12ReturnActionIdE4ImplIdEEEEE9_M_invokeERKSt9_Any_data
FNA:10,18,_ZNSt17_Function_handlerIFdvEN7testing8internal12ReturnActionIdE4ImplIdEEE9_M_invokeERKSt9_Any_data
FNA:10,18,_ZNSt17_Function_handlerIFdvEN7testing8internal16TypedExpectationIS0_E13ActionAdaptorEE9_M_invokeERKSt9_Any_data
FNL:11,358,359
FNA:11,54,_ZNSt8functionIFdvEEC2Ev
FNL:12,376,385
FNA:12,0,_ZNSt8functionIF9SpeedUnitvEEC2ERKS2_
FNA:12,45,_ZNSt8functionIFdvEEC2ERKS1_
FNA:12,0,_ZNSt8functionIFvdEEC2ERKS1_
FNL:13,394,404
FNA:13,36,_ZNSt8functionIFdvEEC2EOS1_
FNL:14,425,444
FNA:14,18,_ZNSt8functionIFdvEEC2IN7testing10OnceActionIS0_E18StdFunctionAdaptorINS3_8internal12ReturnActionIdE4ImplIdEEEEvEEOT_
FNA:14,9,_ZNSt8functionIFdvEEC2IN7testing8internal12ReturnActionIdE4ImplIdEEvEEOT_
FNA:14,18,_ZNSt8functionIFdvEEC2IN7testing8internal16TypedExpectationIS0_E13ActionAdaptorEvEEOT_
FNL:15,459,463
FNA:15,9,_ZNSt8functionIFdvEEaSERKS1_
FNL:16,521,526
FNA:16,9,_ZNSt8functionIFdvEEaSIN7testing8internal12ReturnActionIdE4ImplIdEEEENSt9enable_ifIXsrNS1_9_CallableIT_NS9_IXntsrSt7is_sameINSt9remove_cvINSt16remove_referenceISB_E4typeEE4typeES1_E5valueESt5decayISB_EE4type4typeESt15__invoke_resultIRSO_JEEEE5valueERS1_E4typeEOSB_
FNA:16,18,_ZNSt8functionIFdvEEaSIN7testing8internal16TypedExpectationIS0_E13ActionAdaptorEEENSt9enable_ifIXsrNS1_9_CallableIT_NS8_IXntsrSt7is_sameINSt9remove_cvINSt16remove_referenceISA_E4typeEE4typeES1_E5valueESt5decayISA_EE4type4typeESt15__invoke_resultIRSN_JEEEE5valueERS1_E4typeEOSA_
FNL:17,546,551
FNA:17,36,_ZNSt8functionIFdvEE4swapERS1_
FNL:18,563,564
FNA:18,0,_ZNKSt8functionIF9SpeedUnitvEEcvbEv
FNA:18,153,_ZNKSt8functionIFdvEEcvbEv
FNA:18,0,_ZNKSt8functionIFvdEEcvbEv
FNL:19,577,582
FNA:19,0,_ZNKSt8functionIF9SpeedUnitvEEclEv
FNA:19,54,_ZNKSt8functionIFdvEEclEv
FNA:19,0,_ZNKSt8functionIFvdEEclEd
FNL:20,734,735
FNA:20,0,_ZSteqI9SpeedUnitJEEbRKSt8functionIFT_DpT0_EEDn
FNA:20,72,_ZSteqIdJEEbRKSt8functionIFT_DpT0_EEDn
FNA:20,0,_ZSteqIvJdEEbRKSt8functionIFT_DpT0_EEDn
FNL:21,87,87
FNA:21,180,_ZNSt9_Any_data9_M_accessEv
FNL:22,88,88
FNA:22,99,_ZNKSt9_Any_data9_M_accessEv
FNL:23,92,93
FNA:23,0,_ZNSt9_Any_data9_M_accessIPKSt9type_infoEERT_v
FNA:23,36,_ZNSt9_Any_data9_M_accessIPN7testing10OnceActionIFdvEE18StdFunctionAdaptorINS1_8internal12ReturnActionIdE4ImplIdEEEEEERT_v
FNA:23,72,_ZNSt9_Any_data9_M_accessIPN7testing8internal12ReturnActionIdE4ImplIdEEEERT_v
FNA:23,72,_ZNSt9_Any_data9_M_accessIPN7testing8internal16TypedExpectationIFdvEE13ActionAdaptorEEERT_v
FNL:24,97,98
FNA:24,18,_ZNKSt9_Any_data9_M_accessIPN7testing10OnceActionIFdvEE18StdFunctionAdaptorINS1_8internal12ReturnActionIdE4ImplIdEEEEEERKT_v
FNA:24,45,_ZNKSt9_Any_data9_M_accessIPN7testing8internal12ReturnActionIdE4ImplIdEEEERKT_v
FNA:24,36,_ZNKSt9_Any_data9_M_accessIPN7testing8internal16TypedExpectationIFdvEE13ActionAdaptorEEERKT_v
FNF:25
FNH:25
BRDA:166,0,0,0
BRDA:166,0,1,90
BRDA:180,0,0,90
BRDA:180,0,1,0
BRDA:188,0,0,0
BRDA:188,0,1,0
BRDA:188,0,2,45
BRDA:188,0,3,90
BRDA:188,0,4,0
BRDA:248,0,0,90
BRDA:248,0,1,90
BRDA:275,0,0,0
BRDA:275,0,1,0
BRDA:275,0,2,135
BRDA:379,0,0,45
BRDA:379,0,1,0
BRDA:381,0,0,45
BRDA:381,e0,1,0
BRDA:397,0,0,36
BRDA:397,0,1,0
BRDA:437,0,0,45
BRDA:437,0,1,0
BRDA:439,0,0,45
BRDA:439,e0,1,0
BRDA:461,0,0,9
BRDA:461,e0,1,0
BRDA:524,0,0,27
BRDA:524,e0,1,0
BRDA:579,0,0,0
BRDA:579,0,1,54
BRF:30
BRH:15
DA:87,180
DA:88,99
DA:92,180
DA:93,180
DA:97,99
DA:98,99
DA:136,99
DA:146,99
DA:163,90
DA:165,90
DA:166,180
DA:167,90
DA:178,90
DA:180,90
DA:181,90
DA:185,135
DA:188,135
DA:190,0
DA:192,0
DA:196,0
DA:198,0
DA:199,0
DA:200,0
DA:202,45
DA:203,45
DA:204,45
DA:205,45
DA:207,90
DA:208,90
DA:209,90
DA:211,135
DA:216,90
DA:220,90
DA:221,90
DA:240,45
DA:241,45
DA:244,180
DA:246,180
DA:248,180
DA:249,90
DA:250,180
DA:252,207
DA:272,135
DA:275,135
DA:278,0
DA:279,0
DA:280,0
DA:282,0
DA:283,0
DA:284,0
DA:286,135
DA:287,135
DA:289,135
DA:293,54
DA:295,54
DA:296,54
DA:358,54
DA:359,54
DA:376,45
DA:377,45
DA:379,45
DA:381,45
DA:382,45
DA:383,45
DA:385,45
DA:394,36
DA:395,36
DA:397,36
DA:399,36
DA:400,36
DA:401,36
DA:402,36
DA:404,36
DA:425,45
DA:427,45
DA:437,45
DA:439,45
DA:441,45
DA:442,45
DA:444,45
DA:459,9
DA:461,9
DA:462,9
DA:521,27
DA:524,27
DA:525,27
DA:546,36
DA:548,36
DA:549,36
DA:550,36
DA:551,36
DA:563,153
DA:564,153
DA:577,54
DA:579,54
DA:580,0
DA:581,54
DA:734,72
DA:735,72
LF:99
LH:86
end_of_record
TN:
SF:/usr/include/c++/16.1.1/bits/stl_algobase.h
FNL:0,232,240
FNA:0,1506,_ZSt3minImERKT_S2_S2_
FNL:1,256,264
FNA:1,45,_ZSt3maxImERKT_S2_S2_
FNF:2
FNH:2
BRDA:237,0,0,0
BRDA:237,0,1,1506
BRDA:261,0,0,36
BRDA:261,0,1,9
BRF:4
BRH:3
DA:232,1506
DA:237,1506
DA:238,0
DA:239,1506
DA:256,45
DA:261,45
DA:262,36
DA:263,9
LF:8
LH:7
end_of_record
TN:
SF:/usr/include/c++/16.1.1/bits/stl_construct.h
FNL:0,123,134
FNA:0,18,_ZSt10_ConstructIN7testing10OnceActionIFdvEEEJS3_EEvPT_DpOT0_
FNA:0,18,_ZSt10_ConstructIN7testing8internal12ReturnActionIdE4ImplIdEEJS5_EEvPT_DpOT0_
FNL:1,161,168
FNA:1,18,_ZSt8_DestroyIN7testing10OnceActionIFdvEEEEvPT_
FNA:1,18,_ZSt8_DestroyIN7testing8internal12ReturnActionIdE4ImplIdEEEvPT_
FNL:2,219,236
FNA:2,36,_ZSt8_DestroyIPPKvEvT_S3_
FNF:3
FNH:3
BRDA:133,0,0,0
BRDA:133,0,1,36
BRF:2
BRH:1
DA:123,36
DA:133,72
DA:134,36
DA:161,36
DA:166,36
DA:168,36
DA:219,36
DA:236,36
LF:8
LH:8
end_of_record
TN:
SF:/usr/include/c++/16.1.1/bits/stl_function.h
FNL:0,451,458
FNA:0,0,_ZNKSt4lessIPKcEclES1_S1_
FNF:1
FNH:0
DA:451,0
DA:457,0
LF:2
LH:0
end_of_record
TN:
SF:/usr/include/c++/16.1.1/bits/stl_iterator.h
FNL:0,190,193
FNA:0,0,_ZNSt16reverse_iteratorIN9__gnu_cxx17__normal_iteratorIPKPKvSt6vectorIS3_SaIS3_EEEEEC2ES9_
FNA:0,81,_ZNSt16reverse_iteratorIN9__gnu_cxx17__normal_iteratorIPKSt10shared_ptrIN7testing8internal15ExpectationBaseEESt6vectorIS6_SaIS6_EEEEEC2ESC_
FNL:1,243,245
FNA:1,0,_ZNKSt16reverse_iteratorIN9__gnu_cxx17__normal_iteratorIPKPKvSt6vectorIS3_SaIS3_EEEEE4baseEv
FNA:1,90,_ZNKSt16reverse_iteratorIN9__gnu_cxx17__normal_iteratorIPKSt10shared_ptrIN7testing8internal15ExpectationBaseEESt6vectorIS6_SaIS6_EEEEE4baseEv
FNL:2,259,263
FNA:2,0,_ZNKSt16reverse_iteratorIN9__gnu_cxx17__normal_iteratorIPKPKvSt6vectorIS3_SaIS3_EEEEEdeEv
FNL:3,272,283
FNA:3,45,_ZNKSt16reverse_iteratorIN9__gnu_cxx17__normal_iteratorIPKSt10shared_ptrIN7testing8internal15ExpectationBaseEESt6vectorIS6_SaIS6_EEEEEptEv
FNL:4,291,295
FNA:4,0,_ZNSt16reverse_iteratorIN9__gnu_cxx17__normal_iteratorIPKPKvSt6vectorIS3_SaIS3_EEEEEppEv
FNA:4,9,_ZNSt16reverse_iteratorIN9__gnu_cxx17__normal_iteratorIPKSt10shared_ptrIN7testing8internal15ExpectationBaseEESt6vectorIS6_SaIS6_EEEEEppEv
FNL:5,425,426
FNA:5,45,_ZNSt16reverse_iteratorIN9__gnu_cxx17__normal_iteratorIPKSt10shared_ptrIN7testing8internal15ExpectationBaseEESt6vectorIS6_SaIS6_EEEEE13_S_to_pointerISC_EES8_T_
FNL:6,443,445
FNA:6,0,_ZSteqIN9__gnu_cxx17__normal_iteratorIPKPKvSt6vectorIS3_SaIS3_EEEEEbRKSt16reverse_iteratorIT_ESE_
FNA:6,45,_ZSteqIN9__gnu_cxx17__normal_iteratorIPKSt10shared_ptrIN7testing8internal15ExpectationBaseEESt6vectorIS6_SaIS6_EEEEEbRKSt16reverse_iteratorIT_ESH_
FNL:7,457,459
FNA:7,0,_ZStneIN9__gnu_cxx17__normal_iteratorIPKPKvSt6vectorIS3_SaIS3_EEEEEbRKSt16reverse_iteratorIT_ESE_
FNA:7,45,_ZStneIN9__gnu_cxx17__normal_iteratorIPKSt10shared_ptrIN7testing8internal15ExpectationBaseEESt6vectorIS6_SaIS6_EEEEEbRKSt16reverse_iteratorIT_ESH_
FNF:8
FNH:7
DA:190,81
DA:192,81
DA:193,81
DA:243,90
DA:245,90
DA:259,0
DA:261,0
DA:262,0
DA:272,45
DA:280,45
DA:282,45
DA:291,9
DA:293,9
DA:294,9
DA:425,45
DA:426,45
DA:443,45
DA:445,90
DA:457,45
DA:459,45
DA:1059,279
DA:1082,63
DA:1090,36
DA:1096,45
DA:1103,18
DA:1104,18
DA:1120,54
DA:1121,54
DA:1160,18
DA:1166,207
DA:1229,126
DA:1239,162
DA:3024,303
LF:33
LH:30
end_of_record
TN:
SF:/usr/include/c++/16.1.1/bits/stl_iterator_base_funcs.h
FNF:0
FNH:0
DA:108,168
DA:193,168
DA:194,168
LF:3
LH:3
end_of_record
TN:
SF:/usr/include/c++/16.1.1/bits/stl_set.h
FNL:0,173,173
FNA:0,0,_ZNSt3setIN7testing11ExpectationENS1_4LessESaIS1_EEC2Ev
FNL:1,306,306
FNA:1,0,_ZNSt3setIN7testing11ExpectationENS1_4LessESaIS1_EED2Ev
FNL:2,369,370
FNA:2,0,_ZNKSt3setIN7testing11ExpectationENS1_4LessESaIS1_EE5beginEv
FNL:3,378,379
FNA:3,0,_ZNKSt3setIN7testing11ExpectationENS1_4LessESaIS1_EE3endEv
FNF:4
FNH:0
DA:173,0
DA:306,0
DA:369,0
DA:370,0
DA:378,0
DA:379,0
LF:6
LH:0
end_of_record
TN:
SF:/usr/include/c++/16.1.1/bits/stl_tree.h
FNL:0,1154,1155
FNA:0,0,_ZNSt8_Rb_treeIN7testing11ExpectationES1_St9_IdentityIS1_ENS1_4LessESaIS1_EE21_M_get_Node_allocatorEv
FNL:1,1188,1207
FNA:1,0,_ZNSt8_Rb_treeIN7testing11ExpectationES1_St9_IdentityIS1_ENS1_4LessESaIS1_EE11_M_put_nodeEPSt13_Rb_tree_nodeIS1_E
FNL:2,1260,1268
FNA:2,0,_ZNSt8_Rb_treeIN7testing11ExpectationES1_St9_IdentityIS1_ENS1_4LessESaIS1_EE15_M_destroy_nodeEPSt13_Rb_tree_nodeIS1_E
FNL:3,1271,1275
FNA:3,0,_ZNSt8_Rb_treeIN7testing11ExpectationES1_St9_IdentityIS1_ENS1_4LessESaIS1_EE12_M_drop_nodeEPSt13_Rb_tree_nodeIS1_E
FNL:4,1310,1315
FNA:4,0,_ZNSt8_Rb_treeIN7testing11ExpectationES1_St9_IdentityIS1_ENS1_4LessESaIS1_EE13_Rb_tree_implIS4_Lb1EEC2Ev
FNL:5,134,135
FNA:5,0,_ZNKSt18_Rb_tree_node_base11_M_base_ptrEv
FNL:6,1381,1387
FNA:6,0,_ZNKSt8_Rb_treeIN7testing11ExpectationES1_St9_IdentityIS1_ENS1_4LessESaIS1_EE13_M_begin_nodeEv
FNL:7,1390,1391
FNA:7,0,_ZNKSt8_Rb_treeIN7testing11ExpectationES1_St9_IdentityIS1_ENS1_4LessESaIS1_EE6_M_endEv
FNL:8,1426,1431
FNA:8,0,_ZNSt8_Rb_treeIN7testing11ExpectationES1_St9_IdentityIS1_ENS1_4LessESaIS1_EE7_S_leftEPSt13_Rb_tree_nodeIS1_E
FNL:9,1438,1443
FNA:9,0,_ZNSt8_Rb_treeIN7testing11ExpectationES1_St9_IdentityIS1_ENS1_4LessESaIS1_EE8_S_rightEPSt13_Rb_tree_nodeIS1_E
FNL:10,144,148
FNA:10,0,_ZNSt20_Rb_tree_key_compareIN7testing11Expectation4LessEEC2Ev
FNL:11,1573,1573
FNA:11,0,_ZNSt8_Rb_treeIN7testing11ExpectationES1_St9_IdentityIS1_ENS1_4LessESaIS1_EEC2Ev
FNL:12,1628,1629
FNA:12,0,_ZNSt8_Rb_treeIN7testing11ExpectationES1_St9_IdentityIS1_ENS1_4LessESaIS1_EED2Ev
FNL:13,1644,1645
FNA:13,0,_ZNKSt8_Rb_treeIN7testing11ExpectationES1_St9_IdentityIS1_ENS1_4LessESaIS1_EE5beginEv
FNL:14,1652,1653
FNA:14,0,_ZNKSt8_Rb_treeIN7testing11ExpectationES1_St9_IdentityIS1_ENS1_4LessESaIS1_EE3endEv
FNL:15,171,175
FNA:15,0,_ZNSt15_Rb_tree_headerC2Ev
FNL:16,204,210
FNA:16,0,_ZNSt15_Rb_tree_header8_M_resetEv
FNL:17,230,231
FNA:17,0,_ZNSt13_Rb_tree_nodeIN7testing11ExpectationEE9_M_valptrEv
FNL:18,234,235
FNA:18,0,_ZNKSt13_Rb_tree_nodeIN7testing11ExpectationEE9_M_valptrEv
FNL:19,239,240
FNA:19,0,_ZNSt13_Rb_tree_nodeIN7testing11ExpectationEE11_M_node_ptrEv
FNL:20,2623,2634
FNA:20,0,_ZNSt8_Rb_treeIN7testing11ExpectationES1_St9_IdentityIS1_ENS1_4LessESaIS1_EE8_M_eraseEPSt13_Rb_tree_nodeIS1_E
FNL:21,463,464
FNA:21,0,_ZNSt23_Rb_tree_const_iteratorIN7testing11ExpectationEEC2EPSt18_Rb_tree_node_base
FNL:22,474,475
FNA:22,0,_ZNKSt23_Rb_tree_const_iteratorIN7testing11ExpectationEEptEv
FNL:23,478,482
FNA:23,0,_ZNSt23_Rb_tree_const_iteratorIN7testing11ExpectationEEppEv
FNL:24,514,516
FNA:24,0,_ZStneRKSt23_Rb_tree_const_iteratorIN7testing11ExpectationEES4_
FNF:25
FNH:0
BRDA:1385,0,0,-
BRDA:1385,0,1,-
BRDA:1429,0,0,-
BRDA:1429,0,1,-
BRDA:1441,0,0,-
BRDA:1441,0,1,-
BRDA:2627,0,0,-
BRDA:2627,0,1,-
BRF:8
BRH:0
DA:134,0
DA:135,0
DA:144,0
DA:148,0
DA:171,0
DA:173,0
DA:174,0
DA:175,0
DA:204,0
DA:206,0
DA:207,0
DA:208,0
DA:209,0
DA:210,0
DA:230,0
DA:231,0
DA:234,0
DA:235,0
DA:239,0
DA:240,0
DA:463,0
DA:464,0
DA:474,0
DA:475,0
DA:478,0
DA:480,0
DA:481,0
DA:514,0
DA:516,0
DA:1154,0
DA:1155,0
DA:1188,0
DA:1191,0
DA:1207,0
DA:1260,0
DA:1265,0
DA:1266,0
DA:1268,0
DA:1271,0
DA:1273,0
DA:1274,0
DA:1275,0
DA:1310,0
DA:1314,0
DA:1315,0
DA:1381,0
DA:1383,0
DA:1385,0
DA:1386,0
DA:1390,0
DA:1391,0
DA:1426,0
DA:1428,0
DA:1429,0
DA:1430,0
DA:1438,0
DA:1440,0
DA:1441,0
DA:1442,0
DA:1573,0
DA:1628,0
DA:1629,0
DA:1644,0
DA:1645,0
DA:1652,0
DA:1653,0
DA:2623,0
DA:2627,0
DA:2629,0
DA:2630,0
DA:2631,0
DA:2632,0
DA:2634,0
LF:73
LH:0
end_of_record
TN:
SF:/usr/include/c++/16.1.1/bits/stl_uninitialized.h
FNL:0,1331,1341
FNA:0,12,_ZSt19__relocate_object_aISt10shared_ptrIN7testing8internal15ExpectationBaseEES4_SaIS4_EEvPT_PT0_RT1_
FNL:1,1354,1371
FNA:1,27,_ZSt14__relocate_a_1IPSt10shared_ptrIN7testing8internal15ExpectationBaseEES5_SaIS4_EET0_T_S8_S7_RT1_
FNL:2,1377,1397
FNA:2,18,_ZSt14__relocate_a_1IPKvS1_ENSt9enable_ifIXsrSt24__is_bitwise_relocatableIT_vE5valueEPS4_E4typeES6_S6_S6_RSaIT0_E
FNL:3,1404,1413
FNA:3,18,_ZSt12__relocate_aIPPKvS2_SaIS1_EET0_T_S5_S4_RT1_
FNA:3,27,_ZSt12__relocate_aIPSt10shared_ptrIN7testing8internal15ExpectationBaseEES5_SaIS4_EET0_T_S8_S7_RT1_
FNF:4
FNH:4
BRDA:1367,0,0,12
BRDA:1367,0,1,27
BRDA:1382,0,0,0
BRDA:1382,0,1,18
BRF:4
BRH:3
DA:1331,12
DA:1339,12
DA:1340,12
DA:1341,12
DA:1354,27
DA:1366,27
DA:1367,39
DA:1368,24
DA:1370,27
DA:1377,18
DA:1381,18
DA:1382,18
DA:1394,0
DA:1396,18
DA:1404,45
DA:1410,135
DA:1412,45
LF:17
LH:16
end_of_record
TN:
SF:/usr/include/c++/16.1.1/bits/stl_vector.h
FNL:0,1008,1009
FNA:0,99,_ZNSt6vectorIPKvSaIS1_EE3endEv
FNL:1,1018,1019
FNA:1,18,_ZNKSt6vectorIPKvSaIS1_EE3endEv
FNA:1,36,_ZNKSt6vectorISt10shared_ptrIN7testing8internal15ExpectationBaseEESaIS4_EE3endEv
FNL:2,1038,1039
FNA:2,0,_ZNKSt6vectorIPKvSaIS1_EE6rbeginEv
FNA:2,36,_ZNKSt6vectorISt10shared_ptrIN7testing8internal15ExpectationBaseEESaIS4_EE6rbeginEv
FNL:3,105,107
FNA:3,72,_ZNSt12_Vector_baseIPKvSaIS1_EE17_Vector_impl_dataC2Ev
FNL:4,1058,1059
FNA:4,0,_ZNKSt6vectorIPKvSaIS1_EE4rendEv
FNA:4,45,_ZNKSt6vectorISt10shared_ptrIN7testing8internal15ExpectationBaseEESaIS4_EE4rendEv
FNL:5,1107,1113
FNA:5,171,_ZNKSt6vectorIPKvSaIS1_EE4sizeEv
FNA:5,171,_ZNKSt6vectorISt10shared_ptrIN7testing8internal15ExpectationBaseEESaIS4_EE4sizeEv
FNL:6,1118,1119
FNA:6,36,_ZNKSt6vectorIPKvSaIS1_EE8max_sizeEv
FNA:6,54,_ZNKSt6vectorISt10shared_ptrIN7testing8internal15ExpectationBaseEESaIS4_EE8max_sizeEv
FNL:7,119,124
FNA:7,108,_ZNSt12_Vector_baseIPKvSaIS1_EE17_Vector_impl_data12_M_copy_dataERKS4_
FNL:8,1213,1214
FNA:8,18,_ZNKSt6vectorIPKvSaIS1_EE5emptyEv
FNL:9,1270,1274
FNA:9,18,_ZNKSt6vectorIPKvSaIS1_EEixEm
FNA:9,0,_ZNKSt6vectorISt10shared_ptrIN7testing8internal15ExpectationBaseEESaIS4_EEixEm
FNL:10,128,136
FNA:10,36,_ZNSt12_Vector_baseIPKvSaIS1_EE17_Vector_impl_data12_M_swap_dataERS4_
FNL:11,1358,1362
FNA:11,18,_ZNSt6vectorIPKvSaIS1_EE4backEv
FNL:12,1406,1418
FNA:12,27,_ZNSt6vectorISt10shared_ptrIN7testing8internal15ExpectationBaseEESaIS4_EE9push_backERKS4_
FNL:13,1423,1424
FNA:13,18,_ZNSt6vectorIPKvSaIS1_EE9push_backEOS1_
FNL:14,143,149
FNA:14,36,_ZNSt12_Vector_baseIPKvSaIS1_EE12_Vector_implC2Ev
FNL:15,1834,1843
FNA:15,36,_ZNSt6vectorIPKvSaIS1_EE4swapERS3_
FNL:16,1865,1867
FNA:16,18,_ZNSt6vectorIPKvSaIS1_EE12_Guard_allocC2EPS1_mRSt12_Vector_baseIS1_S2_E
FNA:16,27,_ZNSt6vectorISt10shared_ptrIN7testing8internal15ExpectationBaseEESaIS4_EE12_Guard_allocC2EPS4_mRSt12_Vector_baseIS4_S5_E
FNL:17,1870,1874
FNA:17,18,_ZNSt6vectorIPKvSaIS1_EE12_Guard_allocD2Ev
FNA:17,27,_ZNSt6vectorISt10shared_ptrIN7testing8internal15ExpectationBaseEESaIS4_EE12_Guard_allocD2Ev
FNL:18,2192,2199
FNA:18,18,_ZNKSt6vectorIPKvSaIS1_EE12_M_check_lenEmPKc
FNA:18,27,_ZNKSt6vectorISt10shared_ptrIN7testing8internal15ExpectationBaseEESaIS4_EE12_M_check_lenEmPKc
FNL:19,2212,2221
FNA:19,36,_ZNSt6vectorIPKvSaIS1_EE11_S_max_sizeERKS2_
FNA:19,54,_ZNSt6vectorISt10shared_ptrIN7testing8internal15ExpectationBaseEESaIS4_EE11_S_max_sizeERKS5_
FNL:20,307,308
FNA:20,198,_ZNSt12_Vector_baseIPKvSaIS1_EE19_M_get_Tp_allocatorEv
FNA:20,27,_ZNSt12_Vector_baseISt10shared_ptrIN7testing8internal15ExpectationBaseEESaIS4_EE19_M_get_Tp_allocatorEv
FNL:21,312,313
FNA:21,36,_ZNKSt12_Vector_baseIPKvSaIS1_EE19_M_get_Tp_allocatorEv
FNA:21,54,_ZNKSt12_Vector_baseISt10shared_ptrIN7testing8internal15ExpectationBaseEESaIS4_EE19_M_get_Tp_allocatorEv
FNL:22,321,321
FNA:22,36,_ZNSt12_Vector_baseIPKvSaIS1_EEC2Ev
FNL:23,373,379
FNA:23,36,_ZNSt12_Vector_baseIPKvSaIS1_EED2Ev
FNL:24,386,390
FNA:24,18,_ZNSt12_Vector_baseIPKvSaIS1_EE11_M_allocateEm
FNA:24,27,_ZNSt12_Vector_baseISt10shared_ptrIN7testing8internal15ExpectationBaseEESaIS4_EE11_M_allocateEm
FNL:25,394,399
FNA:25,36,_ZNSt12_Vector_baseIPKvSaIS1_EE13_M_deallocateEPS1_m
FNA:25,9,_ZNSt12_Vector_baseISt10shared_ptrIN7testing8internal15ExpectationBaseEESaIS4_EE13_M_deallocateEPS4_m
FNL:26,551,551
FNA:26,36,_ZNSt6vectorIPKvSaIS1_EEC2Ev
FNL:27,790,795
FNA:27,36,_ZNSt6vectorIPKvSaIS1_EED2Ev
FNL:28,988,989
FNA:28,63,_ZNSt6vectorIPKvSaIS1_EE5beginEv
FNL:29,998,999
FNA:29,18,_ZNKSt6vectorIPKvSaIS1_EE5beginEv
FNA:29,45,_ZNKSt6vectorISt10shared_ptrIN7testing8internal15ExpectationBaseEESaIS4_EE5beginEv
FNF:30
FNH:30
BRDA:376,0,0,0
BRDA:376,0,1,36
BRDA:389,0,0,45
BRDA:389,0,1,0
BRDA:397,0,0,9
BRDA:397,0,1,36
BRDA:1110,0,0,0
BRDA:1110,0,1,342
BRDA:1272,0,0,0
BRDA:1272,0,1,18
BRDA:1360,0,0,0
BRDA:1360,0,1,18
BRDA:1408,0,0,0
BRDA:1408,0,1,27
BRDA:1837,0,0,0
BRDA:1837,0,1,36
BRDA:1872,0,0,9
BRDA:1872,0,1,36
BRDA:2194,0,0,0
BRDA:2194,0,1,45
BRDA:2198,0,0,45
BRDA:2198,0,1,0
BRDA:2198,0,2,0
BRDA:2198,0,3,45
BRF:24
BRH:14
DA:105,72
DA:106,72
DA:107,72
DA:119,108
DA:121,108
DA:122,108
DA:123,108
DA:124,108
DA:128,36
DA:132,36
DA:133,36
DA:134,36
DA:135,36
DA:136,36
DA:143,36
DA:148,36
DA:149,36
DA:307,225
DA:308,225
DA:312,90
DA:313,90
DA:321,36
DA:373,36
DA:375,36
DA:376,36
DA:377,0
DA:378,36
DA:379,36
DA:386,45
DA:389,90
DA:394,45
DA:397,45
DA:398,9
DA:399,45
DA:551,36
DA:790,36
DA:792,36
DA:793,36
DA:795,36
DA:988,63
DA:989,63
DA:998,63
DA:999,63
DA:1008,99
DA:1009,99
DA:1018,54
DA:1019,54
DA:1038,36
DA:1039,36
DA:1058,45
DA:1059,45
DA:1107,342
DA:1109,342
DA:1110,342
DA:1111,0
DA:1112,342
DA:1118,90
DA:1119,90
DA:1213,18
DA:1214,36
DA:1270,18
DA:1272,18
DA:1273,18
DA:1358,18
DA:1360,18
DA:1361,54
DA:1406,27
DA:1408,27
DA:1411,0
DA:1413,0
DA:1417,27
DA:1418,27
DA:1423,18
DA:1424,18
DA:1834,36
DA:1837,72
DA:1840,36
DA:1841,36
DA:1842,36
DA:1843,36
DA:1865,45
DA:1866,45
DA:1867,45
DA:1870,45
DA:1872,45
DA:1873,9
DA:1874,45
DA:2192,45
DA:2194,45
DA:2195,0
DA:2197,45
DA:2198,45
DA:2212,90
DA:2217,90
DA:2219,90
DA:2220,90
LF:96
LH:91
end_of_record
TN:
SF:/usr/include/c++/16.1.1/bits/this_thread_sleep.h
FNL:0,65,80
FNA:0,3,_ZNSt11this_thread9sleep_forIlSt5ratioILl1ELl1EEEEvRKNSt6chrono8durationIT_T0_EE
FNF:1
FNH:1
BRDA:67,0,0,3
BRDA:67,e0,1,0
BRDA:67,0,2,0
BRDA:67,0,3,3
BRDA:70,0,0,3
BRDA:70,e0,1,0
BRDA:72,0,0,3
BRDA:72,e0,1,0
BRDA:72,0,2,0
BRDA:72,0,3,3
BRDA:72,0,4,0
BRDA:72,0,5,0
BRDA:72,0,6,0
BRDA:72,0,7,3
BRF:14
BRH:6
DA:65,3
DA:67,3
DA:68,0
DA:70,3
DA:72,3
LF:5
LH:4
end_of_record
TN:
SF:/usr/include/c++/16.1.1/bits/unique_ptr.h
FNL:0,190,190
FNA:0,45,_ZNSt15__uniq_ptr_implINSt7__cxx1112basic_stringIcSt11char_traitsIcESaIcEEESt14default_deleteIS5_EE6_M_ptrEv
FNA:0,0,_ZNSt15__uniq_ptr_implINSt7__cxx1118basic_stringstreamIcSt11char_traitsIcESaIcEEESt14default_deleteIS5_EE6_M_ptrEv
FNL:1,192,192
FNA:1,3,_ZNKSt15__uniq_ptr_implIN7testing8internal11ThreadLocalIPNS0_8SequenceEE18ValueHolderFactoryESt14default_deleteIS6_EE6_M_ptrEv
FNA:1,0,_ZNKSt15__uniq_ptr_implINSt7__cxx1112basic_stringIcSt11char_traitsIcESaIcEEESt14default_deleteIS5_EE6_M_ptrEv
FNL:2,194,194
FNA:2,0,_ZNSt15__uniq_ptr_implINSt7__cxx1112basic_stringIcSt11char_traitsIcESaIcEEESt14default_deleteIS5_EE10_M_deleterEv
FNA:2,0,_ZNSt15__uniq_ptr_implINSt7__cxx1118basic_stringstreamIcSt11char_traitsIcESaIcEEESt14default_deleteIS5_EE10_M_deleterEv
FNL:3,392,400
FNA:3,45,_ZNSt10unique_ptrINSt7__cxx1112basic_stringIcSt11char_traitsIcESaIcEEESt14default_deleteIS5_EED2Ev
FNA:3,0,_ZNSt10unique_ptrINSt7__cxx1118basic_stringstreamIcSt11char_traitsIcESaIcEEESt14default_deleteIS5_EED2Ev
FNL:4,462,466
FNA:4,3,_ZNKSt10unique_ptrIN7testing8internal11ThreadLocalIPNS0_8SequenceEE18ValueHolderFactoryESt14default_deleteIS6_EEptEv
FNA:4,0,_ZNKSt10unique_ptrINSt7__cxx1112basic_stringIcSt11char_traitsIcESaIcEEESt14default_deleteIS5_EEptEv
FNL:5,471,472
FNA:5,3,_ZNKSt10unique_ptrIN7testing8internal11ThreadLocalIPNS0_8SequenceEE18ValueHolderFactoryESt14default_deleteIS6_EE3getEv
FNA:5,0,_ZNKSt10unique_ptrINSt7__cxx1112basic_stringIcSt11char_traitsIcESaIcEEESt14default_deleteIS5_EE3getEv
FNL:6,477,478
FNA:6,0,_ZNSt10unique_ptrINSt7__cxx1112basic_stringIcSt11char_traitsIcESaIcEEESt14default_deleteIS5_EE11get_deleterEv
FNA:6,0,_ZNSt10unique_ptrINSt7__cxx1118basic_stringstreamIcSt11char_traitsIcESaIcEEESt14default_deleteIS5_EE11get_deleterEv
FNL:7,488,489
FNA:7,0,_ZNKSt10unique_ptrINSt7__cxx1112basic_stringIcSt11char_traitsIcESaIcEEESt14default_deleteIS5_EEcvbEv
FNL:8,86,93
FNA:8,0,_ZNKSt14default_deleteINSt7__cxx1112basic_stringIcSt11char_traitsIcESaIcEEEEclEPS5_
FNA:8,0,_ZNKSt14default_deleteINSt7__cxx1118basic_stringstreamIcSt11char_traitsIcESaIcEEEEclEPS5_
FNL:9,879,880
FNA:9,0,_ZStneINSt7__cxx1112basic_stringIcSt11char_traitsIcESaIcEEESt14default_deleteIS5_EEbRKSt10unique_ptrIT_T0_EDn
FNF:10
FNH:5
BRDA:92,0,0,-
BRDA:92,0,1,-
BRDA:397,0,0,0
BRDA:397,0,1,45
BRF:4
BRH:1
DA:86,0
DA:92,0
DA:93,0
DA:190,45
DA:192,3
DA:194,0
DA:392,45
DA:396,45
DA:397,45
DA:398,0
DA:399,45
DA:400,45
DA:462,3
DA:465,3
DA:471,3
DA:472,3
DA:477,0
DA:478,0
DA:488,0
DA:489,0
DA:879,0
DA:880,0
LF:22
LH:11
end_of_record
TN:
SF:/usr/include/c++/16.1.1/bits/vector.tcc
FNL:0,115,131
FNA:0,18,_ZNSt6vectorIPKvSaIS1_EE12emplace_backIJS1_EEERS1_DpOT_
FNL:1,565,656
FNA:1,18,_ZNSt6vectorIPKvSaIS1_EE17_M_realloc_appendIJS1_EEEvDpOT_
FNA:1,27,_ZNSt6vectorISt10shared_ptrIN7testing8internal15ExpectationBaseEESaIS4_EE17_M_realloc_appendIJRKS4_EEEvDpOT_
FNF:2
FNH:2
BRDA:118,0,0,0
BRDA:118,0,1,18
BRDA:575,0,0,0
BRDA:575,0,1,45
BRF:4
BRH:2
DA:115,18
DA:118,18
DA:121,0
DA:123,0
DA:127,18
DA:129,18
DA:565,45
DA:574,45
DA:575,45
DA:576,0
DA:577,45
DA:578,45
DA:579,45
DA:580,45
DA:581,45
DA:584,45
DA:594,45
DA:595,45
DA:607,45
DA:609,45
DA:610,45
DA:647,45
DA:648,45
DA:649,45
DA:653,45
DA:654,45
DA:655,45
DA:656,45
LF:28
LH:25
end_of_record
TN:
SF:/usr/include/c++/16.1.1/ext/aligned_buffer.h
FNL:0,107,110
FNA:0,54,_ZN9__gnu_cxx16__aligned_bufferIN7testing10OnceActionIFdvEEEE7_M_addrEv
FNA:0,54,_ZN9__gnu_cxx16__aligned_bufferIN7testing8internal12ReturnActionIdE4ImplIdEEE7_M_addrEv
FNL:1,119,120
FNA:1,54,_ZN9__gnu_cxx16__aligned_bufferIN7testing10OnceActionIFdvEEEE6_M_ptrEv
FNA:1,54,_ZN9__gnu_cxx16__aligned_bufferIN7testing8internal12ReturnActionIdE4ImplIdEEE6_M_ptrEv
FNL:2,70,71
FNA:2,0,_ZN9__gnu_cxx16__aligned_membufIN7testing11ExpectationEE7_M_addrEv
FNL:3,74,75
FNA:3,0,_ZNK9__gnu_cxx16__aligned_membufIN7testing11ExpectationEE7_M_addrEv
FNL:4,78,79
FNA:4,0,_ZN9__gnu_cxx16__aligned_membufIN7testing11ExpectationEE6_M_ptrEv
FNL:5,82,83
FNA:5,0,_ZNK9__gnu_cxx16__aligned_membufIN7testing11ExpectationEE6_M_ptrEv
FNF:6
FNH:2
DA:70,0
DA:71,0
DA:74,0
DA:75,0
DA:78,0
DA:79,0
DA:82,0
DA:83,0
DA:107,108
DA:109,108
DA:119,108
DA:120,108
LF:12
LH:4
end_of_record
TN:
SF:/usr/include/c++/16.1.1/ext/alloc_traits.h
FNF:0
FNH:0
DA:100,27
DA:104,36
LF:2
LH:2
end_of_record
TN:
SF:/usr/include/c++/16.1.1/ext/atomicity.h
FNF:0
FNH:0
BRDA:141,0,0,126
BRDA:141,0,1,0
BRDA:141,0,2,0
BRDA:141,0,3,0
BRDA:141,0,4,126
BRDA:141,0,5,0
BRF:6
BRH:2
DA:57,252
DA:71,0
DA:116,252
DA:119,252
DA:120,252
DA:121,252
DA:122,252
DA:141,252
DA:142,252
DA:144,0
LF:10
LH:8
end_of_record
TN:
SF:/usr/include/c++/16.1.1/new
FNL:0,168,170
FNA:0,156,_ZnwmPv
FNL:1,177,179
FNA:1,0,_ZdlPvS_
FNF:2
FNH:1
DA:168,156
DA:170,156
DA:177,0
DA:179,0
LF:4
LH:2
end_of_record
TN:
SF:/usr/include/c++/16.1.1/tuple
FNL:0,137,137
FNA:0,0,_ZNSt10_Head_baseILm1ESt14default_deleteINSt7__cxx1112basic_stringIcSt11char_traitsIcESaIcEEEELb1EE7_M_headERS8_
FNA:0,0,_ZNSt10_Head_baseILm1ESt14default_deleteINSt7__cxx1118basic_stringstreamIcSt11char_traitsIcESaIcEEEELb1EE7_M_headERS8_
FNL:1,1488,1491
FNA:1,0,_ZNSt5tupleIJdEEC2IJdELb1ELb1EEEDpOT_
FNL:2,1504,1504
FNA:2,0,_ZNSt5tupleIJdEEC2EOS0_
FNL:3,212,213
FNA:3,0,_ZNSt10_Head_baseILm0EPKN7testing8internal11MatcherBaseIRKSt5tupleIJEEEELb0EEC2IS9_EEOT_
FNA:3,0,_ZNSt10_Head_baseILm0EdLb0EEC2IdEEOT_
FNA:3,0,_ZNSt10_Head_baseILm1EPKN7testing8internal15AnythingMatcherELb0EEC2IS4_EEOT_
FNL:4,2173,2176
FNA:4,0,_ZNSt5tupleIJPKN7testing8internal11MatcherBaseIRKS_IJEEEEPKNS1_15AnythingMatcherEEEC2IS8_SB_Lb1EEEOT_OT0_
FNL:5,246,246
FNA:5,0,_ZNSt10_Head_baseILm0EPKN7testing8internal11MatcherBaseIRKSt5tupleIJEEEELb0EE7_M_headERSA_
FNA:5,45,_ZNSt10_Head_baseILm0EPNSt7__cxx1112basic_stringIcSt11char_traitsIcESaIcEEELb0EE7_M_headERS7_
FNA:5,0,_ZNSt10_Head_baseILm0EPNSt7__cxx1118basic_stringstreamIcSt11char_traitsIcESaIcEEELb0EE7_M_headERS7_
FNA:5,0,_ZNSt10_Head_baseILm0EdLb0EE7_M_headERS0_
FNL:6,2483,2484
FNA:6,0,_ZSt12__get_helperILm0EPKN7testing8internal11MatcherBaseIRKSt5tupleIJEEEEJPKNS1_15AnythingMatcherEEERT0_RSt11_Tuple_implIXT_EJSD_DpT1_EE
FNA:6,45,_ZSt12__get_helperILm0EPNSt7__cxx1112basic_stringIcSt11char_traitsIcESaIcEEEJSt14default_deleteIS5_EEERT0_RSt11_Tuple_implIXT_EJS9_DpT1_EE
FNA:6,0,_ZSt12__get_helperILm0EPNSt7__cxx1118basic_stringstreamIcSt11char_traitsIcESaIcEEEJSt14default_deleteIS5_EEERT0_RSt11_Tuple_implIXT_EJS9_DpT1_EE
FNA:6,0,_ZSt12__get_helperILm0EdJEERT0_RSt11_Tuple_implIXT_EJS0_DpT1_EE
FNA:6,0,_ZSt12__get_helperILm1ESt14default_deleteINSt7__cxx1112basic_stringIcSt11char_traitsIcESaIcEEEEJEERT0_RSt11_Tuple_implIXT_EJS8_DpT1_EE
FNA:6,0,_ZSt12__get_helperILm1ESt14default_deleteINSt7__cxx1118basic_stringstreamIcSt11char_traitsIcESaIcEEEEJEERT0_RSt11_Tuple_implIXT_EJS8_DpT1_EE
FNL:7,2488,2489
FNA:7,0,_ZSt12__get_helperILm0EN7testing7MatcherIdEEJEERKT0_RKSt11_Tuple_implIXT_EJS3_DpT1_EE
FNA:7,3,_ZSt12__get_helperILm0EPN7testing8internal11ThreadLocalIPNS0_8SequenceEE18ValueHolderFactoryEJSt14default_deleteIS6_EEERKT0_RKSt11_Tuple_implIXT_EJSA_DpT1_EE
FNA:7,0,_ZSt12__get_helperILm0EPNSt7__cxx1112basic_stringIcSt11char_traitsIcESaIcEEEJSt14default_deleteIS5_EEERKT0_RKSt11_Tuple_implIXT_EJS9_DpT1_EE
FNA:7,0,_ZSt12__get_helperILm0EdJEERKT0_RKSt11_Tuple_implIXT_EJS0_DpT1_EE
FNL:8,249,249
FNA:8,0,_ZNSt10_Head_baseILm0EN7testing7MatcherIdEELb0EE7_M_headERKS3_
FNA:8,3,_ZNSt10_Head_baseILm0EPN7testing8internal11ThreadLocalIPNS0_8SequenceEE18ValueHolderFactoryELb0EE7_M_headERKS8_
FNA:8,0,_ZNSt10_Head_baseILm0EPNSt7__cxx1112basic_stringIcSt11char_traitsIcESaIcEEELb0EE7_M_headERKS7_
FNA:8,0,_ZNSt10_Head_baseILm0EdLb0EE7_M_headERKS0_
FNL:9,2499,2500
FNA:9,45,_ZSt3getILm0EJPNSt7__cxx1112basic_stringIcSt11char_traitsIcESaIcEEESt14default_deleteIS5_EEERNSt13tuple_elementIXT_ESt5tupleIJDpT0_EEE4typeERSD_
FNA:9,0,_ZSt3getILm0EJPNSt7__cxx1118basic_stringstreamIcSt11char_traitsIcESaIcEEESt14default_deleteIS5_EEERNSt13tuple_elementIXT_ESt5tupleIJDpT0_EEE4typeERSD_
FNA:9,0,_ZSt3getILm1EJPNSt7__cxx1112basic_stringIcSt11char_traitsIcESaIcEEESt14default_deleteIS5_EEERNSt13tuple_elementIXT_ESt5tupleIJDpT0_EEE4typeERSD_
FNA:9,0,_ZSt3getILm1EJPNSt7__cxx1118basic_stringstreamIcSt11char_traitsIcESaIcEEESt14default_deleteIS5_EEERNSt13tuple_elementIXT_ESt5tupleIJDpT0_EEE4typeERSD_
FNL:10,2505,2506
FNA:10,0,_ZSt3getILm0EJN7testing7MatcherIdEEEERKNSt13tuple_elementIXT_ESt5tupleIJDpT0_EEE4typeERKS7_
FNA:10,3,_ZSt3getILm0EJPN7testing8internal11ThreadLocalIPNS0_8SequenceEE18ValueHolderFactoryESt14default_deleteIS6_EEERKNSt13tuple_elementIXT_ESt5tupleIJDpT0_EEE4typeERKSE_
FNA:10,0,_ZSt3getILm0EJPNSt7__cxx1112basic_stringIcSt11char_traitsIcESaIcEEESt14default_deleteIS5_EEERKNSt13tuple_elementIXT_ESt5tupleIJDpT0_EEE4typeERKSD_
FNA:10,0,_ZSt3getILm0EJdEERKNSt13tuple_elementIXT_ESt5tupleIJDpT0_EEE4typeERKS4_
FNL:11,2511,2515
FNA:11,0,_ZSt3getILm0EJPKN7testing8internal11MatcherBaseIRKSt5tupleIJEEEEPKNS1_15AnythingMatcherEEEONSt13tuple_elementIXT_ES3_IJDpT0_EEE4typeEOSG_
FNA:11,0,_ZSt3getILm0EJdEEONSt13tuple_elementIXT_ESt5tupleIJDpT0_EEE4typeEOS4_
FNL:12,2723,2728
FNA:12,27,_ZSt10make_tupleIJEESt5tupleIJDpNSt25__strip_reference_wrapperINSt5decayIT_E4typeEE6__typeEEEDpOS3_
FNA:12,0,_ZSt10make_tupleIJPKN7testing8internal11MatcherBaseIRKSt5tupleIJEEEEPKNS1_15AnythingMatcherEEES3_IJDpNSt25__strip_reference_wrapperINSt5decayIT_E4typeEE6__typeEEEDpOSF_
FNL:13,291,291
FNA:13,0,_ZNSt11_Tuple_implILm0EJPKN7testing8internal11MatcherBaseIRKSt5tupleIJEEEEPKNS1_15AnythingMatcherEEE7_M_headERSD_
FNA:13,45,_ZNSt11_Tuple_implILm0EJPNSt7__cxx1112basic_stringIcSt11char_traitsIcESaIcEEESt14default_deleteIS5_EEE7_M_headERS9_
FNA:13,0,_ZNSt11_Tuple_implILm0EJPNSt7__cxx1118basic_stringstreamIcSt11char_traitsIcESaIcEEESt14default_deleteIS5_EEE7_M_headERS9_
FNL:14,294,294
FNA:14,3,_ZNSt11_Tuple_implILm0EJPN7testing8internal11ThreadLocalIPNS0_8SequenceEE18ValueHolderFactoryESt14default_deleteIS6_EEE7_M_headERKSA_
FNA:14,0,_ZNSt11_Tuple_implILm0EJPNSt7__cxx1112basic_stringIcSt11char_traitsIcESaIcEEESt14default_deleteIS5_EEE7_M_headERKS9_
FNL:15,313,316
FNA:15,0,_ZNSt11_Tuple_implILm0EJPKN7testing8internal11MatcherBaseIRKSt5tupleIJEEEEPKNS1_15AnythingMatcherEEEC2IS9_JSC_EvEEOT_DpOT0_
FNL:16,554,554
FNA:16,0,_ZNSt11_Tuple_implILm0EJdEE7_M_headERS0_
FNA:16,0,_ZNSt11_Tuple_implILm1EJSt14default_deleteINSt7__cxx1112basic_stringIcSt11char_traitsIcESaIcEEEEEE7_M_headERS8_
FNA:16,0,_ZNSt11_Tuple_implILm1EJSt14default_deleteINSt7__cxx1118basic_stringstreamIcSt11char_traitsIcESaIcEEEEEE7_M_headERS8_
FNL:17,557,557
FNA:17,0,_ZNSt11_Tuple_implILm0EJN7testing7MatcherIdEEEE7_M_headERKS3_
FNA:17,0,_ZNSt11_Tuple_implILm0EJdEE7_M_headERKS0_
FNL:18,570,572
FNA:18,0,_ZNSt11_Tuple_implILm0EJdEEC2IdEEOT_
FNA:18,0,_ZNSt11_Tuple_implILm1EJPKN7testing8internal15AnythingMatcherEEEC2IS4_EEOT_
FNL:19,584,587
FNA:19,0,_ZNSt11_Tuple_implILm0EJdEEC2EOS0_
FNF:20
FNH:9
DA:137,0
DA:212,0
DA:213,0
DA:246,45
DA:249,3
DA:291,45
DA:294,3
DA:313,0
DA:315,0
DA:316,0
DA:554,0
DA:557,0
DA:570,0
DA:571,0
DA:572,0
DA:584,0
DA:586,0
DA:587,0
DA:1488,0
DA:1490,0
DA:1491,0
DA:1504,0
DA:2173,0
DA:2175,0
DA:2176,0
DA:2483,45
DA:2484,45
DA:2488,3
DA:2489,3
DA:2499,45
DA:2500,45
DA:2505,3
DA:2506,3
DA:2511,0
DA:2514,0
DA:2723,27
DA:2727,27
LF:37
LH:14
end_of_record
TN:
SF:/usr/include/c++/16.1.1/typeinfo
FNL:0,104,105
FNA:0,0,_ZNKSt9type_info4nameEv
FNL:1,197,214
FNA:1,0,_ZNKSt9type_infoeqERKS_
FNF:2
FNH:0
BRDA:105,0,0,-
BRDA:105,0,1,-
BRDA:202,0,0,-
BRDA:202,0,1,-
BRDA:210,0,0,-
BRDA:210,0,1,-
BRDA:210,0,2,-
BRDA:210,0,3,-
BRF:8
BRH:0
DA:104,0
DA:105,0
DA:197,0
DA:202,0
DA:203,0
DA:210,0
LF:6
LH:0
end_of_record
TN:
SF:/usr/include/gmock/gmock-actions.h
FNL:0,1002,1010
FNA:0,18,_ZN7testing8internal12ReturnActionIdE4ImplIdE5StateC2EOd
FNL:1,1265,1267
FNA:1,27,_ZNK7testing8internal15DoDefaultActioncvNS_6ActionIT_EEIFdvEEEv
FNL:2,172,172
FNA:2,0,_ZN7testing8internal25BuiltInDefaultValueGetterI9SpeedUnitLb1EE3GetEv
FNL:3,1935,1937
[...]
DA:1003,18
DA:1007,36
DA:1008,18
DA:1009,36
DA:1010,18
DA:1018,18
DA:1019,36
DA:1020,36
DA:1022,18
DA:1024,36
DA:1026,18
DA:1027,18
DA:1029,18
DA:1033,9
DA:1034,9
DA:1035,0
DA:1036,0
DA:1039,18
DA:1040,27
DA:1043,9
DA:1044,9
DA:1046,9
DA:1047,9
DA:1048,9
DA:1053,9
DA:1054,9
DA:1081,18
DA:1085,0
DA:1086,0
DA:1087,0
DA:1088,0
DA:1089,0
DA:1091,0
DA:1102,18
DA:1103,36
DA:1109,0
DA:1116,36
DA:1118,36
DA:1119,36
DA:1124,45
DA:1126,45
DA:1132,45
DA:1133,45
DA:1138,0
DA:1140,0
DA:1142,0
DA:1144,0
DA:1145,0
DA:1146,0
DA:1147,0
DA:1149,0
DA:1150,0
DA:1151,0
DA:1152,0
DA:1153,0
DA:1155,0
DA:1156,0
DA:1158,0
DA:1161,0
DA:1162,0
DA:1163,0
DA:1164,0
DA:1165,0
DA:1166,0
DA:1167,0
DA:1168,0
DA:1170,0
DA:1171,0
DA:1176,0
DA:1178,0
DA:1181,36
DA:1184,36
DA:1185,36
DA:1186,36
DA:1187,72
DA:1190,36
DA:1191,36
DA:1195,0
DA:1196,0
DA:1198,0
DA:1200,0
DA:1201,0
DA:1202,0
DA:1203,0
DA:1206,36
DA:1207,18
DA:1208,72
DA:1218,36
DA:1223,36
DA:1224,36
DA:1225,36
DA:1227,0
DA:1228,0
DA:1229,0
DA:1230,0
DA:1232,0
DA:1233,0
DA:1234,0
DA:1236,0
DA:1239,36
DA:1240,36
DA:1242,36
DA:1243,0
DA:1247,36
DA:1248,36
DA:1249,0
DA:1251,36
DA:1252,36
DA:1290,27
DA:1292,27
DA:1306,27
DA:1309,54
DA:1311,27
DA:1312,54
DA:1313,54
DA:1314,27
DA:1319,27
DA:1320,27
DA:1381,0
DA:1382,0
DA:1384,0
DA:1385,0
DA:1406,0
DA:1407,0
DA:1408,0
DA:1419,0
DA:1420,0
DA:1422,0
DA:1424,0
DA:1425,0
DA:1427,0
DA:1428,0
DA:1432,0
DA:1434,0
DA:1449,36
DA:1469,36
DA:1470,36
DA:1471,36
DA:1472,36
DA:1473,36
DA:1474,72
DA:1479,0
DA:1480,0
DA:1482,0
DA:1483,0
DA:1484,0
DA:1487,0
DA:1497,0
DA:1499,0
DA:1500,0
DA:1501,0
DA:1503,0
DA:1508,0
DA:1509,0
DA:1514,0
DA:1515,0
DA:1519,36
DA:1521,36
DA:1530,36
DA:1531,36
DA:1533,36
DA:1534,72
DA:1535,72
DA:1536,0
DA:1541,36
DA:1542,36
DA:1547,36
DA:1548,36
DA:1551,27
DA:1552,27
DA:1570,27
DA:1574,27
DA:1575,27
DA:1576,27
DA:1577,27
DA:1580,27
DA:1583,27
DA:1584,27
DA:1585,9
DA:1588,27
DA:1589,27
DA:1600,0
DA:1602,0
DA:1604,0
DA:1605,0
DA:1609,0
DA:1611,0
DA:1616,0
DA:1619,0
DA:1621,0
DA:1622,0
DA:1623,0
DA:1624,0
DA:1625,0
DA:1643,36
DA:1647,36
DA:1649,36
DA:1650,36
DA:1651,36
DA:1652,0
DA:1653,0
DA:1659,36
DA:1660,36
DA:1661,36
DA:1662,0
DA:1663,36
DA:1664,36
DA:1665,36
DA:1668,0
DA:1670,0
DA:1672,0
DA:1673,0
DA:1677,36
DA:1679,36
DA:1682,36
DA:1684,45
DA:1686,45
DA:1687,45
DA:1688,36
DA:1691,0
DA:1695,0
DA:1699,0
DA:1700,0
DA:1701,0
DA:1702,0
DA:1703,0
DA:1707,0
DA:1710,0
DA:1711,0
DA:1712,0
DA:1715,0
DA:1716,0
DA:1718,0
DA:1719,0
DA:1720,0
DA:1721,0
DA:1722,0
DA:1724,0
DA:1725,0
DA:1726,0
DA:1728,0
DA:1733,36
DA:1735,36
DA:1736,0
DA:1741,36
DA:1742,36
DA:1743,36
DA:1758,0
DA:1762,0
DA:1764,0
DA:1765,0
DA:1773,0
DA:1777,0
DA:1789,36
DA:1793,36
DA:1802,0
DA:1807,0
DA:1810,0
DA:1814,0
DA:1820,0
DA:1822,0
DA:1823,0
DA:1827,0
DA:1828,0
DA:1841,0
DA:1844,0
DA:1845,0
DA:1847,36
DA:1848,36
DA:1849,36
DA:1850,36
DA:1851,36
DA:1857,36
DA:1859,36
DA:1865,36
DA:1866,36
DA:1867,36
DA:1869,108
DA:1872,0
DA:1873,0
DA:1877,0
DA:1878,0
DA:1891,0
DA:1894,0
DA:1895,0
DA:1896,36
LF:344
LH:166
end_of_record
TN:
SF:/usr/include/gmock/internal/gmock-internal-utils.h
FNL:0,243,249
FNA:0,36,_ZN7testing8internal6AssertEbPKciRKNSt7__cxx1112basic_stringIcSt11char_traitsIcESaIcEEE
FNL:1,256,262
FNA:1,27,_ZN7testing8internal6ExpectEbPKciRKNSt7__cxx1112basic_stringIcSt11char_traitsIcESaIcEEE
FNL:2,424,428
FNA:2,0,_ZN7testing8internal9ApplyImplIRKSt8functionIF9SpeedUnitvEESt5tupleIJEEJEEEDTclcl7forwardIT_Efp_Espcl3getIXT1_EEcl7forwardIT0_Efp0_EEEEOSA_OSB_St16integer_sequenceImJXspT1_EEE
FNA:2,36,_ZN7testing8internal9ApplyImplIRKSt8functionIFdvEESt5tupleIJEEJEEEDTclcl7forwardIT_Efp_Espcl3getIXT1_EEcl7forwardIT0_Efp0_EEEEOS9_OSA_St16integer_sequenceImJXspT1_EEE
FNA:2,0,_ZN7testing8internal9ApplyImplIRKSt8functionIFvdEESt5tupleIJdEEJLm0EEEEDTclcl7forwardIT_Efp_Espcl3getIXT1_EEcl7forwardIT0_Efp0_EEEEOS9_OSA_St16integer_sequenceImJXspT1_EEE
FNL:3,432,440
FNA:3,0,_ZN7testing8internal5ApplyIRKSt8functionIF9SpeedUnitvEESt5tupleIJEEEEDTcl9ApplyImplcl7forwardIT_Efp_Ecl7forwardIT0_Efp0_EcvSt16integer_sequenceImJXspcl14__integer_packsrSt10tuple_sizeINSt16remove_referenceISB_E4typeEE5valueEEEE_EEEOSA_OSB_
FNA:3,36,_ZN7testing8internal5ApplyIRKSt8functionIFdvEESt5tupleIJEEEEDTcl9ApplyImplcl7forwardIT_Efp_Ecl7forwardIT0_Efp0_EcvSt16integer_sequenceImJXspcl14__integer_packsrSt10tuple_sizeINSt16remove_referenceISA_E4typeEE5valueEEEE_EEEOS9_OSA_
FNA:3,0,_ZN7testing8internal5ApplyIRKSt8functionIFvdEESt5tupleIJdEEEEDTcl9ApplyImplcl7forwardIT_Efp_Ecl7forwardIT0_Efp0_EcvSt16integer_sequenceImJXspcl14__integer_packsrSt10tuple_sizeINSt16remove_referenceISA_E4typeEE5valueEEEE_EEEOS9_OSA_
FNF:4
FNH:4
BRDA:245,0,0,0
BRDA:245,0,1,36
BRDA:258,0,0,0
BRDA:258,0,1,27
BRF:4
BRH:2
DA:243,36
DA:245,36
DA:246,0
DA:249,36
DA:256,27
DA:258,27
DA:259,0
DA:262,27
DA:424,36
DA:427,36
DA:432,36
DA:437,72
DA:439,36
LF:13
LH:11
end_of_record
TN:
SF:/usr/include/gtest/gtest-assertion-result.h
FNL:0,181,181
FNA:0,45,_ZNK7testing15AssertionResultcvbEv
FNL:1,190,192
FNA:1,0,_ZNK7testing15AssertionResult7messageEv
FNL:2,194,194
FNA:2,0,_ZNK7testing15AssertionResult15failure_messageEv
FNF:3
FNH:1
BRDA:191,0,0,-
BRDA:191,0,1,-
BRF:2
BRH:0
DA:181,45
DA:190,0
DA:191,0
DA:194,0
LF:4
LH:1
end_of_record
TN:
SF:/usr/include/gtest/gtest-matchers.h
FNL:0,110,110
FNA:0,0,_ZN7testing19MatchResultListenerD0Ev
FNA:0,36,_ZN7testing19MatchResultListenerD2Ev
FNL:1,116,116
FNA:1,0,_ZN7testing25MatcherDescriberInterfaceD0Ev
FNA:1,27,_ZN7testing25MatcherDescriberInterfaceD2Ev
FNL:2,131,135
FNA:2,0,_ZNK7testing25MatcherDescriberInterface18DescribeNegationToEPSo
FNL:3,185,185
FNA:3,36,_ZN7testing8internal24DummyMatchResultListenerC2Ev
FNL:4,208,208
FNA:4,0,_ZN7testing8internal17SharedPayloadBase3RefEv
FNL:5,209,209
FNA:5,0,_ZN7testing8internal17SharedPayloadBase5UnrefEv
FNL:6,232,235
FNA:6,36,_ZNK7testing8internal11MatcherBaseIRKSt5tupleIJEEE15MatchAndExplainES5_PNS_19MatchResultListenerE
FNA:6,0,_ZNK7testing8internal11MatcherBaseIRKSt5tupleIJdEEE15MatchAndExplainES5_PNS_19MatchResultListenerE
FNA:6,0,_ZNK7testing8internal11MatcherBaseIdE15MatchAndExplainERKdPNS_19MatchResultListenerE
FNL:7,238,241
FNA:7,36,_ZNK7testing8internal11MatcherBaseIRKSt5tupleIJEEE7MatchesES5_
FNA:7,0,_ZNK7testing8internal11MatcherBaseIRKSt5tupleIJdEEE7MatchesES5_
FNA:7,0,_ZNK7testing8internal11MatcherBaseIdE7MatchesERKd
FNL:8,244,247
FNA:8,0,_ZNK7testing8internal11MatcherBaseIRKSt5tupleIJEEE10DescribeToEPSo
FNA:8,0,_ZNK7testing8internal11MatcherBaseIRKSt5tupleIJdEEE10DescribeToEPSo
FNA:8,0,_ZNK7testing8internal11MatcherBaseIdE10DescribeToEPSo
FNL:9,250,253
FNA:9,0,_ZNK7testing8internal11MatcherBaseIRKSt5tupleIJEEE18DescribeNegationToEPSo
FNA:9,0,_ZNK7testing8internal11MatcherBaseIRKSt5tupleIJdEEE18DescribeNegationToEPSo
FNA:9,0,_ZNK7testing8internal11MatcherBaseIdE18DescribeNegationToEPSo
FNL:10,281,283
FNA:10,27,_ZN7testing8internal11MatcherBaseIRKSt5tupleIJEEEC2IRKNS0_15AnythingMatcherEvEEOT_
FNL:11,285,288
FNA:11,0,_ZN7testing8internal11MatcherBaseIdEC2ERKS2_
FNL:12,313,313
FNA:12,0,_ZN7testing8internal11MatcherBaseIRKSt5tupleIJEEED0Ev
FNA:12,27,_ZN7testing8internal11MatcherBaseIRKSt5tupleIJEEED2Ev
FNA:12,0,_ZN7testing8internal11MatcherBaseIRKSt5tupleIJdEEED0Ev
FNA:12,0,_ZN7testing8internal11MatcherBaseIRKSt5tupleIJdEEED2Ev
FNA:12,0,_ZN7testing8internal11MatcherBaseIdED0Ev
FNA:12,0,_ZN7testing8internal11MatcherBaseIdED2Ev
FNL:13,327,329
FNA:13,27,_ZNK7testing8internal11MatcherBaseIRKSt5tupleIJEEE8IsSharedEv
FNA:13,0,_ZNK7testing8internal11MatcherBaseIRKSt5tupleIJdEEE8IsSharedEv
FNA:13,0,_ZNK7testing8internal11MatcherBaseIdE8IsSharedEv
FNL:14,333,337
FNA:14,36,_ZN7testing8internal11MatcherBaseIRKSt5tupleIJEEE19MatchAndExplainImplINS6_11ValuePolicyINS0_15AnythingMatcherELb1EEEEEDTcldtclsrT_3Getfp_E15MatchAndExplainfp0_clptfp1_L_ZNS_19MatchResultListener6streamEvEEEERKS6_S5_PSC_
FNL:15,347,354
FNA:15,0,_ZN7testing8internal11MatcherBaseIRKSt5tupleIJEEE12DescribeImplINS6_11ValuePolicyINS0_15AnythingMatcherELb1EEEEEvRKS6_PSob
FNL:16,357,370
FNA:16,0,_ZN7testing8internal11MatcherBaseIRKSt5tupleIJEEE16GetDescriberImplINS6_11ValuePolicyINS0_15AnythingMatcherELb1EEEEEPKNS_25MatcherDescriberInterfaceERKS6_
FNL:17,373,378
FNA:17,27,_ZN7testing8internal11MatcherBaseIRKSt5tupleIJEEE9GetVTableINS6_11ValuePolicyINS0_15AnythingMatcherELb1EEEEEPKNS6_6VTableEv
FNL:18,389,393
FNA:18,27,_ZN7testing8internal11MatcherBaseIRKSt5tupleIJEEE7DestroyEv
FNA:18,0,_ZN7testing8internal11MatcherBaseIRKSt5tupleIJdEEE7DestroyEv
FNA:18,0,_ZN7testing8internal11MatcherBaseIdE7DestroyEv
FNL:19,404,410
FNA:19,36,_ZN7testing8internal11MatcherBaseIRKSt5tupleIJEEE11ValuePolicyINS0_15AnythingMatcherELb1EE3GetERKS6_
FNL:20,411,413
FNA:20,27,_ZN7testing8internal11MatcherBaseIRKSt5tupleIJEEE11ValuePolicyINS0_15AnythingMatcherELb1EE4InitERS6_S8_
FNL:21,445,450
FNA:21,27,_ZN7testing8internal11MatcherBaseIRKSt5tupleIJEEE4InitIRKNS0_15AnythingMatcherEEEvOT_
FNL:22,483,483
FNA:22,27,_ZN7testing7MatcherIRKSt5tupleIJEEEC2IRKNS_8internal15AnythingMatcherEvEEOT_
FNL:23,83,83
FNA:23,36,_ZN7testing19MatchResultListenerC2EPSo
FNL:24,95,95
FNA:24,36,_ZN7testing19MatchResultListener6streamEv
FNF:25
FNH:17
BRDA:233,0,0,0
BRDA:233,0,1,36
BRDA:233,0,2,0
BRDA:233,e0,3,0
BRDA:233,0,4,0
BRDA:233,e0,5,0
BRDA:240,0,0,36
BRDA:240,e0,1,0
BRDA:245,0,0,-
BRDA:245,0,1,-
BRDA:245,0,2,-
BRDA:245,e0,3,-
BRDA:245,0,4,-
BRDA:245,e0,5,-
BRDA:251,0,0,-
BRDA:251,0,1,-
BRDA:251,0,2,-
BRDA:251,e0,3,-
BRDA:251,0,4,-
BRDA:251,e0,5,-
BRDA:282,0,0,27
BRDA:282,e0,1,0
BRDA:287,0,0,-
BRDA:287,0,1,-
BRDA:328,0,0,27
BRDA:328,0,1,0
BRDA:328,0,2,0
BRDA:328,0,3,27
BRDA:349,0,0,-
BRDA:349,0,1,-
BRDA:369,0,0,-
BRDA:369,e0,1,-
BRDA:390,0,0,0
BRDA:390,0,1,27
BRDA:390,0,2,0
BRDA:390,0,3,0
BRDA:390,0,4,0
BRDA:390,0,5,27
BRDA:412,0,0,0
BRDA:412,0,1,27
BRF:40
BRH:8
DA:83,36
DA:95,36
DA:110,36
DA:116,27
DA:131,0
DA:132,0
DA:133,0
DA:134,0
DA:135,0
DA:185,36
DA:208,0
DA:209,0
DA:232,36
DA:233,36
DA:234,36
DA:238,36
DA:239,36
DA:240,72
DA:241,36
DA:244,0
DA:245,0
DA:246,0
DA:247,0
DA:250,0
DA:251,0
DA:252,0
DA:253,0
DA:281,27
DA:282,27
DA:283,27
DA:285,0
DA:286,0
DA:287,0
DA:288,0
DA:313,27
DA:327,27
DA:328,27
DA:333,36
DA:336,36
DA:347,0
DA:349,0
DA:350,0
DA:352,0
DA:354,0
DA:357,0
DA:369,0
DA:373,27
DA:377,27
DA:389,27
DA:390,27
DA:391,0
DA:393,27
DA:404,36
DA:407,36
DA:409,36
DA:411,27
DA:412,27
DA:413,27
DA:445,27
DA:448,27
DA:449,27
DA:450,27
DA:483,54
LF:63
LH:36
end_of_record
TN:
SF:/usr/include/gtest/gtest-message.h
FNF:0
FNH:0
LF:0
LH:0
end_of_record
TN:
SF:/usr/include/gtest/gtest-printers.h
FNL:0,1064,1066
FNA:0,0,_ZN7testing8internal21UniversalTersePrinterIjE5PrintERKjPSo
FNL:1,1183,1188
FNA:1,0,_ZN7testing8internal14UniversalPrintISt5tupleIJEEEEvRKT_PSo
FNA:1,0,_ZN7testing8internal14UniversalPrintISt5tupleIJdEEEEvRKT_PSo
FNA:1,0,_ZN7testing8internal14UniversalPrintIdEEvRKT_PSo
FNA:1,0,_ZN7testing8internal14UniversalPrintIjEEvRKT_PSo
FNL:2,1223,1227
FNA:2,0,_ZN7testing13PrintToStringIjEENSt7__cxx1112basic_stringIcSt11char_traitsIcESaIcEEERKT_
FNL:3,248,253
FNA:3,0,_ZN7testing8internal52internal_stream_operator_without_lexical_name_lookup13StreamPrinter10PrintValueIjvEEDTcvvlsdefp0_fp_ERKT_PSo
FNL:4,315,321
FNA:4,0,_ZN7testing8internal15RawBytesPrinter10PrintValueI9SpeedUnitLm4EEEvRKT_PSo
FNL:5,352,363
FNA:5,0,_ZN7testing8internal17PrintWithFallbackI9SpeedUnitEEvRKT_PSo
FNA:5,0,_ZN7testing8internal17PrintWithFallbackIjEEvRKT_PSo
FNL:6,383,385
FNA:6,0,_ZN7testing8internal19FormatForComparisonIjjE6FormatB5cxx11ERKj
FNL:7,463,466
FNA:7,0,_ZN7testing8internal33FormatForComparisonFailureMessageIjjEENSt7__cxx1112basic_stringIcSt11char_traitsIcESaIcEEERKT_RKT0_
FNL:8,490,492
FNA:8,0,_ZN7testing8internal7PrintToI9SpeedUnitEEvRKT_PSo
FNA:8,0,_ZN7testing8internal7PrintToIjEEvRKT_PSo
FNL:9,555,617
FNA:9,0,_ZN7testing8internal21AppropriateResolutionIdEEiT_
FNL:10,626,631
FNA:10,0,_ZN7testing8internal7PrintToEdPSo
FNL:11,827,828
FNA:11,0,_ZN7testing8internal12PrintTupleToISt5tupleIJEEEEvRKT_St17integral_constantImLm0EEPSo
FNA:11,0,_ZN7testing8internal12PrintTupleToISt5tupleIJdEEEEvRKT_St17integral_constantImLm0EEPSo
FNL:12,831,841
FNA:12,0,_ZN7testing8internal12PrintTupleToISt5tupleIJdEELm1EEEvRKT_St17integral_constantImXT0_EEPSo
FNL:13,844,848
FNA:13,0,_ZN7testing8internal7PrintToIJEEEvRKSt5tupleIJDpT_EEPSo
FNA:13,0,_ZN7testing8internal7PrintToIJdEEEvRKSt5tupleIJDpT_EEPSo
FNL:14,874,884
FNA:14,0,_ZN7testing8internal16UniversalPrinterI9SpeedUnitE5PrintERKS2_PSo
FNA:14,0,_ZN7testing8internal16UniversalPrinterISt5tupleIJEEE5PrintERKS3_PSo
FNA:14,0,_ZN7testing8internal16UniversalPrinterISt5tupleIJdEEE5PrintERKS3_PSo
FNA:14,0,_ZN7testing8internal16UniversalPrinterIdE5PrintERKdPSo
FNA:14,0,_ZN7testing8internal16UniversalPrinterIjE5PrintERKjPSo
FNF:15
FNH:0
BRDA:557,0,0,-
BRDA:557,0,1,-
BRDA:563,0,0,-
BRDA:563,0,1,-
BRDA:568,0,0,-
BRDA:568,0,1,-
BRDA:570,0,0,-
BRDA:570,0,1,-
BRDA:572,0,0,-
BRDA:572,0,1,-
BRDA:574,0,0,-
BRDA:574,0,1,-
BRDA:576,0,0,-
BRDA:576,0,1,-
BRDA:578,0,0,-
BRDA:578,0,1,-
BRDA:580,0,0,-
BRDA:580,0,1,-
BRDA:582,0,0,-
BRDA:582,0,1,-
BRDA:584,0,0,-
BRDA:584,0,1,-
BRDA:586,0,0,-
BRDA:586,0,1,-
BRDA:590,0,0,-
BRDA:590,0,1,-
BRDA:594,0,0,-
BRDA:594,0,1,-
BRDA:596,0,0,-
BRDA:596,0,1,-
BRDA:598,0,0,-
BRDA:598,0,1,-
BRDA:601,0,0,-
BRDA:601,0,1,-
BRDA:604,0,0,-
BRDA:604,0,1,-
BRDA:608,0,0,-
BRDA:608,0,1,-
BRDA:1224,0,0,-
BRDA:1224,e0,1,-
BRDA:1225,0,0,-
BRDA:1225,e0,1,-
BRDA:1226,0,0,-
BRDA:1226,e0,1,-
BRF:44
BRH:0
DA:248,0
DA:252,0
DA:253,0
DA:315,0
DA:316,0
DA:319,0
DA:321,0
DA:352,0
DA:362,0
DA:363,0
DA:383,0
DA:384,0
DA:463,0
DA:465,0
DA:490,0
DA:491,0
DA:492,0
DA:555,0
DA:556,0
DA:557,0
DA:563,0
DA:564,0
DA:568,0
DA:569,0
DA:570,0
DA:571,0
DA:572,0
DA:573,0
DA:574,0
DA:575,0
DA:576,0
DA:577,0
DA:578,0
DA:579,0
DA:580,0
DA:581,0
DA:582,0
DA:583,0
DA:584,0
DA:585,0
DA:586,0
DA:587,0
DA:589,0
DA:590,0
DA:593,0
DA:594,0
DA:595,0
DA:596,0
DA:597,0
DA:598,0
DA:600,0
DA:601,0
DA:603,0
DA:604,0
DA:605,0
DA:607,0
DA:608,0
DA:611,0
DA:616,0
DA:626,0
DA:627,0
DA:628,0
DA:629,0
DA:630,0
DA:631,0
DA:827,0
DA:828,0
DA:831,0
DA:833,0
DA:839,0
DA:840,0
DA:841,0
DA:844,0
DA:845,0
DA:846,0
DA:847,0
DA:848,0
DA:874,0
DA:883,0
DA:884,0
DA:1064,0
DA:1065,0
DA:1066,0
DA:1183,0
DA:1187,0
DA:1188,0
DA:1223,0
DA:1224,0
DA:1225,0
DA:1226,0
DA:1227,0
LF:91
LH:0
end_of_record
TN:
SF:/usr/include/gtest/gtest.h
FNL:0,1374,1380
FNA:0,0,_ZN7testing8internal18CmpHelperEQFailureIjjEENS_15AssertionResultEPKcS4_RKT_RKT0_
FNL:1,1391,1399
FNA:1,45,_ZN7testing8internal11CmpHelperEQIjjEENS_15AssertionResultEPKcS4_RKT_RKT0_
FNL:2,1410,1414
FNA:2,45,_ZN7testing8internal8EqHelper7CompareIjjLPv0EEENS_15AssertionResultEPKcS6_RKT_RKT0_
FNL:3,255,255
FNA:3,0,_ZN7testing4Test14SetUpTestSuiteEv
FNL:4,263,263
FNA:4,0,_ZN7testing4Test17TearDownTestSuiteEv
FNL:5,268,268
FNA:5,0,_ZN7testing4Test16TearDownTestCaseEv
FNL:6,269,269
FNA:6,0,_ZN7testing4Test13SetUpTestCaseEv
FNL:7,356,356
FNA:7,0,_ZN7testing4Test5SetupEv
FNF:8
FNH:2
BRDA:1378,0,0,-
BRDA:1378,e0,1,-
BRDA:1379,0,0,-
BRDA:1379,e0,1,-
BRDA:1379,0,2,-
BRDA:1379,e0,3,-
BRDA:1394,0,0,45
BRDA:1394,0,1,0
BRF:8
BRH:1
DA:255,0
DA:263,0
DA:268,0
DA:269,0
DA:356,0
DA:1374,0
DA:1378,0
DA:1379,0
DA:1391,45
DA:1394,45
DA:1395,45
DA:1398,0
DA:1410,45
DA:1413,45
LF:14
LH:5
end_of_record
TN:
SF:/usr/include/gtest/internal/gtest-internal.h
FNL:0,429,429
FNA:0,0,_ZN7testing8internal15TestFactoryBaseD0Ev
FNA:0,21,_ZN7testing8internal15TestFactoryBaseD2Ev
FNL:1,436,436
FNA:1,21,_ZN7testing8internal15TestFactoryBaseC2Ev
FNL:2,448,448
FNA:2,3,_ZN7testing8internal15TestFactoryImplI47SpeedFormatterTest_ShouldUseCurrentUnit_R2_TestE10CreateTestEv
FNA:2,3,_ZN7testing8internal15TestFactoryImplI47SpeedSourceGmock_HysteresisLikeSequence_R3_TestE10CreateTestEv
FNA:2,3,_ZN7testing8internal15TestFactoryImplI48SpeedFormatterGmock_ShouldUseCurrentUnit_R2_TestE10CreateTestEv
FNA:2,3,_ZN7testing8internal15TestFactoryImplI52SpeedFormatterTest_ShouldRoundSpeedCorrectly_R1_TestE10CreateTestEv
FNA:2,3,_ZN7testing8internal15TestFactoryImplI53SpeedFormatterGmock_ShouldRoundSpeedCorrectly_R1_TestE10CreateTestEv
FNA:2,3,_ZN7testing8internal15TestFactoryImplI57SpeedSourceTest_ShouldHandleSmallChangesWithDelay_R3_TestE10CreateTestEv
FNA:2,3,_ZN7testing8internal15TestFactoryImplI61SpeedSourceTest_ShouldUpdateImmedaitelyForBingChanges_R3_TestE10CreateTestEv
FNL:3,469,470
FNA:3,21,_ZN7testing8internal12CodeLocationC2ENSt7__cxx1112basic_stringIcSt11char_traitsIcESaIcEEEi
FNL:4,482,485
FNA:4,84,_ZN7testing8internal19GetNotDefaultOrNullEPFvvES2_
FNL:5,497,516
FNA:5,21,_ZN7testing8internal16SuiteApiResolverINS_4TestEE19GetSetUpCaseOrSuiteEPKci
FNL:6,518,537
FNA:6,21,_ZN7testing8internal16SuiteApiResolverINS_4TestEE22GetTearDownCaseOrSuiteEPKci
FNF:7
FNH:7
BRDA:448,0,0,21
BRDA:448,e0,1,0
BRDA:448,0,2,0
BRDA:448,0,3,21
BRDA:448,0,4,0
BRDA:448,0,5,0
BRDA:484,0,0,0
BRDA:484,0,1,84
BRDA:505,0,0,0
BRDA:505,0,1,21
BRDA:505,0,2,0
BRDA:505,0,3,0
BRDA:505,0,4,0
BRDA:505,0,5,21
BRDA:505,0,6,0
BRDA:505,e0,7,0
BRDA:508,0,0,-
BRDA:508,e0,1,-
BRDA:508,0,2,-
BRDA:508,e0,3,-
BRDA:508,0,4,-
BRDA:508,e0,5,-
BRDA:508,0,6,-
BRDA:508,e0,7,-
BRDA:508,0,8,-
BRDA:508,e0,9,-
BRDA:510,0,0,0
BRDA:510,0,1,21
BRDA:526,0,0,0
BRDA:526,0,1,21
BRDA:526,0,2,0
BRDA:526,0,3,0
BRDA:526,0,4,0
BRDA:526,0,5,21
BRDA:526,0,6,0
BRDA:526,e0,7,0
BRDA:529,0,0,-
BRDA:529,e0,1,-
BRDA:529,0,2,-
BRDA:529,e0,3,-
BRDA:529,0,4,-
BRDA:529,e0,5,-
BRDA:529,0,6,-
BRDA:529,e0,7,-
BRDA:529,0,8,-
BRDA:529,e0,9,-
BRDA:531,0,0,0
BRDA:531,0,1,21
BRF:48
BRH:9
DA:429,21
DA:436,21
DA:448,42
DA:469,21
DA:470,42
DA:482,84
DA:484,84
DA:497,21
DA:501,21
DA:503,21
DA:505,21
DA:508,0
DA:510,42
DA:518,21
DA:522,21
DA:524,21
DA:526,21
DA:529,0
DA:531,42
LF:19
LH:17
end_of_record
TN:
SF:/usr/include/gtest/internal/gtest-port.h
FNL:0,1050,1050
FNA:0,0,_ZN7testing8internal8GTestLog9GetStreamEv
FNL:1,1148,1150
FNA:1,27,_ZN7testing8internal13ImplicitCast_IdEET_S2_
FNL:2,1158,1165
FNA:2,24,_ZN7testing8internal27CheckedDowncastToActualTypeINS0_11ThreadLocalIPNS_8SequenceEE11ValueHolderENS0_26ThreadLocalValueHolderBaseEEEPT_PT0_
FNL:3,1657,1661
FNA:3,108,_ZN7testing8internal9MutexBase4LockEv
FNL:4,1664,1671
FNA:4,108,_ZN7testing8internal9MutexBase6UnlockEv
FNL:5,1675,1678
FNA:5,414,_ZNK7testing8internal9MutexBase10AssertHeldEv
FNL:6,1732,1732
FNA:6,72,_ZN7testing8internal14GTestMutexLockC2EPNS0_9MutexBaseE
FNL:7,1734,1734
FNA:7,72,_ZN7testing8internal14GTestMutexLockD2Ev
FNL:8,1782,1782
FNA:8,27,_ZNK7testing8internal11ThreadLocalIPNS_8SequenceEE7pointerEv
FNL:9,1783,1783
FNA:9,27,_ZNK7testing8internal11ThreadLocalIPNS_8SequenceEE3getEv
FNL:10,1793,1793
FNA:10,27,_ZN7testing8internal11ThreadLocalIPNS_8SequenceEE11ValueHolder7pointerEv
FNL:11,1810,1821
FNA:11,27,_ZNK7testing8internal11ThreadLocalIPNS_8SequenceEE16GetOrCreateValueEv
FNF:12
FNH:11
BRDA:1162,0,0,24
BRDA:1162,0,1,0
BRDA:1162,0,2,24
BRDA:1162,0,3,0
BRDA:1162,0,4,24
BRDA:1162,0,5,0
BRDA:1162,0,6,0
BRDA:1162,0,7,24
BRDA:1162,0,8,0
BRDA:1162,e0,9,0
BRDA:1162,0,10,0
BRDA:1162,e0,11,0
BRDA:1658,0,0,0
BRDA:1658,0,1,108
BRDA:1658,0,2,0
BRDA:1658,e0,3,0
BRDA:1658,0,4,0
BRDA:1658,e0,5,0
BRDA:1658,0,6,0
BRDA:1658,e0,7,0
BRDA:1658,0,8,0
BRDA:1658,e0,9,0
BRDA:1670,0,0,0
BRDA:1670,0,1,108
BRDA:1670,0,2,0
BRDA:1670,e0,3,0
BRDA:1670,0,4,0
BRDA:1670,e0,5,0
BRDA:1670,0,6,0
BRDA:1670,e0,7,0
BRDA:1670,0,8,0
BRDA:1670,e0,9,0
BRDA:1676,0,0,414
BRDA:1676,0,1,0
BRDA:1676,0,2,414
BRDA:1676,0,3,0
BRDA:1676,0,4,0
BRDA:1676,0,5,414
BRDA:1676,0,6,0
BRDA:1676,e0,7,0
BRDA:1677,0,0,-
BRDA:1677,e0,1,-
BRDA:1677,0,2,-
BRDA:1677,e0,3,-
BRDA:1677,0,4,-
BRDA:1677,e0,5,-
BRDA:1813,0,0,24
BRDA:1813,0,1,3
BRDA:1819,0,0,0
BRDA:1819,0,1,3
BRDA:1819,0,2,0
BRDA:1819,e0,3,0
BRDA:1819,0,4,0
BRDA:1819,e0,5,0
BRDA:1819,0,6,0
BRDA:1819,e0,7,0
BRDA:1819,0,8,0
BRDA:1819,e0,9,0
BRF:58
BRH:12
DA:1050,0
DA:1148,27
DA:1149,27
DA:1158,24
DA:1162,24
DA:1164,24
DA:1657,108
DA:1658,108
DA:1659,108
DA:1660,108
DA:1661,108
DA:1664,108
DA:1669,108
DA:1670,108
DA:1671,108
DA:1675,414
DA:1676,414
DA:1677,0
DA:1678,414
DA:1732,72
DA:1734,72
DA:1782,27
DA:1783,27
DA:1793,27
DA:1810,27
DA:1812,27
DA:1813,27
DA:1814,24
DA:1817,3
DA:1818,3
DA:1819,3
DA:1820,3
LF:32
LH:30
end_of_record
