<?xml version="1.0" encoding="UTF-8"?>
<testsuites tests="11" failures="0" disabled="0" errors="0" time="3.001" timestamp="2026-05-12T10:59:07.480" name="AllTests">
  <testsuite name="SpeedFormatterTest" tests="2" failures="0" disabled="0" skipped="0" errors="0" time="0." timestamp="2026-05-12T10:59:07.480">
    <testcase name="ShouldRoundSpeedCorrectly_R1" file="test.cpp" line="12" status="run" result="completed" time="0." timestamp="2026-05-12T10:59:07.480" classname="SpeedFormatterTest" />
    <testcase name="ShouldUseCurrentUnit_R2" file="test.cpp" line="23" status="run" result="completed" time="0." timestamp="2026-05-12T10:59:07.480" classname="SpeedFormatterTest" />
  </testsuite>
  <testsuite name="SpeedSourceTest" tests="2" failures="0" disabled="0" skipped="0" errors="0" time="1." timestamp="2026-05-12T10:59:07.480">
    <testcase name="ShouldHandleSmallChangesWithDelay_R3" file="test.cpp" line="34" status="run" result="completed" time="1." timestamp="2026-05-12T10:59:07.480" classname="SpeedSourceTest" />
    <testcase name="ShouldUpdateImmedaitelyForBingChanges_R3" file="test.cpp" line="47" status="run" result="completed" time="0." timestamp="2026-05-12T10:59:08.480" classname="SpeedSourceTest" />
  </testsuite>
  <testsuite name="MockUnitsTest" tests="1" failures="0" disabled="0" skipped="0" errors="0" time="0." timestamp="2026-05-12T10:59:08.480">
    <testcase name="GetSpeedUnitAndMultiplier" file="test.cpp" line="59" status="run" result="completed" time="0." timestamp="2026-05-12T10:59:08.480" classname="MockUnitsTest" />
  </testsuite>
  <testsuite name="MockSpeedSourceTest" tests="1" failures="0" disabled="0" skipped="0" errors="0" time="1." timestamp="2026-05-12T10:59:08.480">
    <testcase name="PendingCommitAfterDelay" file="test.cpp" line="68" status="run" result="completed" time="1." timestamp="2026-05-12T10:59:08.480" classname="MockSpeedSourceTest" />
  </testsuite>
  <testsuite name="SpeedSourceReal" tests="2" failures="0" disabled="0" skipped="0" errors="0" time="1." timestamp="2026-05-12T10:59:09.481">
    <testcase name="ImmediateChangeApplied" file="test.cpp" line="79" status="run" result="completed" time="0." timestamp="2026-05-12T10:59:09.481" classname="SpeedSourceReal" />
    <testcase name="DelayedCommit" file="test.cpp" line="88" status="run" result="completed" time="1." timestamp="2026-05-12T10:59:09.481" classname="SpeedSourceReal" />
  </testsuite>
  <testsuite name="SpeedFormatterGmock" tests="2" failures="0" disabled="0" skipped="0" errors="0" time="0." timestamp="2026-05-12T10:59:10.481">
    <testcase name="ShouldRoundSpeedCorrectly_R1" file="test_gmock.cpp" line="20" status="run" result="completed" time="0." timestamp="2026-05-12T10:59:10.481" classname="SpeedFormatterGmock" />
    <testcase name="ShouldUseCurrentUnit_R2" file="test_gmock.cpp" line="32" status="run" result="completed" time="0." timestamp="2026-05-12T10:59:10.481" classname="SpeedFormatterGmock" />
  </testsuite>
  <testsuite name="SpeedSourceGmock" tests="1" failures="0" disabled="0" skipped="0" errors="0" time="0." timestamp="2026-05-12T10:59:10.481">
    <testcase name="HysteresisLikeSequence_R3" file="test_gmock.cpp" line="42" status="run" result="completed" time="0." timestamp="2026-05-12T10:59:10.481" classname="SpeedSourceGmock" />
  </testsuite>
</testsuites>
