<?xml version="1.0" encoding="UTF-8"?>
<robot generator="Robot 7.4.2 (Python 3.14.5 on win32)" generated="2026-06-02T15:46:01.217227" rpa="false" schemaversion="5">
<suite id="s1" name="Calculator Test" source="C:\Users\DudeQ\Documents\Programming\Python\Robot_framework\Testowanie_oprogramowania\Zadanie_2\calculator_test.robot">
<test id="s1-t1" name="Addition In Calculator" line="19">
<kw name="Open Calculator">
<kw name="Launch Application" owner="FlaUILibrary">
<msg time="2026-06-02T15:46:02.383620" level="INFO">${pid} = 5980</msg>
<var>${pid}</var>
<arg>${CALCULATOR_EXE}</arg>
<doc>Launches an application.</doc>
<status status="PASS" start="2026-06-02T15:46:02.233540" elapsed="0.150233"/>
</kw>
<kw name="Set Test Variable" owner="BuiltIn">
<msg time="2026-06-02T15:46:02.386090" level="INFO">${CALCULATOR_PID} = 5980</msg>
<arg>${CALCULATOR_PID}</arg>
<arg>${pid}</arg>
<doc>Makes a variable available everywhere within the scope of the current test.</doc>
<status status="PASS" start="2026-06-02T15:46:02.384982" elapsed="0.001254"/>
</kw>
<kw name="Wait Until Element Exist" owner="FlaUILibrary">
<arg>${CALCULATOR_WINDOW}</arg>
<doc>Waits until element exist or timeout was reached. If timeout was reached an FlaUIError occurred.</doc>
<status status="PASS" start="2026-06-02T15:46:02.386545" elapsed="1.202541"/>
</kw>
<status status="PASS" start="2026-06-02T15:46:02.232515" elapsed="1.356827"/>
</kw>
<kw name="Click Button By Automation Id">
<kw name="Click" owner="FlaUILibrary">
<arg>${CALCULATOR_WINDOW}/Pane/Button[@AutomationId="${automation_id}"]</arg>
<doc>Left click to element by an XPath.</doc>
<status status="PASS" start="2026-06-02T15:46:03.590853" elapsed="0.184458"/>
</kw>
<arg>${BUTTON_DIGIT_5}</arg>
<status status="PASS" start="2026-06-02T15:46:03.590077" elapsed="0.185597"/>
</kw>
<kw name="Click Button By Automation Id">
<kw name="Click" owner="FlaUILibrary">
<arg>${CALCULATOR_WINDOW}/Pane/Button[@AutomationId="${automation_id}"]</arg>
<doc>Left click to element by an XPath.</doc>
<status status="PASS" start="2026-06-02T15:46:03.777195" elapsed="0.198168"/>
</kw>
<arg>${BUTTON_ADD}</arg>
<status status="PASS" start="2026-06-02T15:46:03.776546" elapsed="0.199146"/>
</kw>
<kw name="Click Button By Automation Id">
<kw name="Click" owner="FlaUILibrary">
<arg>${CALCULATOR_WINDOW}/Pane/Button[@AutomationId="${automation_id}"]</arg>
<doc>Left click to element by an XPath.</doc>
<status status="PASS" start="2026-06-02T15:46:03.977179" elapsed="0.165306"/>
</kw>
<arg>${BUTTON_DIGIT_7}</arg>
<status status="PASS" start="2026-06-02T15:46:03.976582" elapsed="0.166227"/>
</kw>
<kw name="Click Button By Automation Id">
<kw name="Click" owner="FlaUILibrary">
<arg>${CALCULATOR_WINDOW}/Pane/Button[@AutomationId="${automation_id}"]</arg>
<doc>Left click to element by an XPath.</doc>
<status status="PASS" start="2026-06-02T15:46:04.143908" elapsed="0.194069"/>
</kw>
<arg>${BUTTON_EQUAL}</arg>
<status status="PASS" start="2026-06-02T15:46:04.143359" elapsed="0.194954"/>
</kw>
<kw name="Result Should Be">
<kw name="Get Name From Element" owner="FlaUILibrary">
<msg time="2026-06-02T15:46:04.366895" level="INFO">${result} = 12</msg>
<var>${result}</var>
<arg>${DISPLAY_VALUE}</arg>
<doc>Return name value from element.</doc>
<status status="PASS" start="2026-06-02T15:46:04.339655" elapsed="0.027354"/>
</kw>
<kw name="Should Be Equal As Strings" owner="BuiltIn">
<arg>${result}</arg>
<arg>${expected}</arg>
<doc>Fails if objects are unequal after converting them to strings.</doc>
<status status="PASS" start="2026-06-02T15:46:04.367400" elapsed="0.000673"/>
</kw>
<arg>12</arg>
<status status="PASS" start="2026-06-02T15:46:04.339163" elapsed="0.029029"/>
</kw>
<kw name="Close Calculator" type="TEARDOWN">
<kw name="Run Keyword If" owner="BuiltIn">
<kw name="Close Application" owner="FlaUILibrary">
<arg>${CALCULATOR_PID}</arg>
<doc>Closes the attached application.</doc>
<status status="PASS" start="2026-06-02T15:46:04.371061" elapsed="0.034802"/>
</kw>
<arg>'${CALCULATOR_PID}' != '${EMPTY}'</arg>
<arg>Close Application</arg>
<arg>${CALCULATOR_PID}</arg>
<doc>Runs the given keyword with the given arguments, if ``condition`` is true.</doc>
<status status="PASS" start="2026-06-02T15:46:04.369568" elapsed="0.036651"/>
</kw>
<kw name="Set Test Variable" owner="BuiltIn">
<msg time="2026-06-02T15:46:04.410416" level="INFO">${CALCULATOR_PID} = </msg>
<arg>${CALCULATOR_PID}</arg>
<arg>${EMPTY}</arg>
<doc>Makes a variable available everywhere within the scope of the current test.</doc>
<status status="PASS" start="2026-06-02T15:46:04.406651" elapsed="0.004142"/>
</kw>
<status status="PASS" start="2026-06-02T15:46:04.368880" elapsed="0.043547"/>
</kw>
<status status="PASS" start="2026-06-02T15:46:02.230986" elapsed="2.183860"/>
</test>
<test id="s1-t2" name="Subtraction In Calculator" line="28">
<kw name="Open Calculator">
<kw name="Launch Application" owner="FlaUILibrary">
<msg time="2026-06-02T15:46:04.475195" level="INFO">${pid} = 20276</msg>
<var>${pid}</var>
<arg>${CALCULATOR_EXE}</arg>
<doc>Launches an application.</doc>
<status status="PASS" start="2026-06-02T15:46:04.417678" elapsed="0.057636"/>
</kw>
<kw name="Set Test Variable" owner="BuiltIn">
<msg time="2026-06-02T15:46:04.476412" level="INFO">${CALCULATOR_PID} = 20276</msg>
<arg>${CALCULATOR_PID}</arg>
<arg>${pid}</arg>
<doc>Makes a variable available everywhere within the scope of the current test.</doc>
<status status="PASS" start="2026-06-02T15:46:04.475696" elapsed="0.000800"/>
</kw>
<kw name="Wait Until Element Exist" owner="FlaUILibrary">
<arg>${CALCULATOR_WINDOW}</arg>
<doc>Waits until element exist or timeout was reached. If timeout was reached an FlaUIError occurred.</doc>
<status status="PASS" start="2026-06-02T15:46:04.476691" elapsed="1.166988"/>
</kw>
<status status="PASS" start="2026-06-02T15:46:04.417238" elapsed="1.226665"/>
</kw>
<kw name="Click Button By Automation Id">
<kw name="Click" owner="FlaUILibrary">
<arg>${CALCULATOR_WINDOW}/Pane/Button[@AutomationId="${automation_id}"]</arg>
<doc>Left click to element by an XPath.</doc>
<status status="PASS" start="2026-06-02T15:46:05.645155" elapsed="0.160817"/>
</kw>
<arg>${BUTTON_DIGIT_7}</arg>
<status status="PASS" start="2026-06-02T15:46:05.644467" elapsed="0.161785"/>
</kw>
<kw name="Click Button By Automation Id">
<kw name="Click" owner="FlaUILibrary">
<arg>${CALCULATOR_WINDOW}/Pane/Button[@AutomationId="${automation_id}"]</arg>
<doc>Left click to element by an XPath.</doc>
<status status="PASS" start="2026-06-02T15:46:05.807611" elapsed="0.198507"/>
</kw>
<arg>${BUTTON_SUBTRACT}</arg>
<status status="PASS" start="2026-06-02T15:46:05.806952" elapsed="0.199401"/>
</kw>
<kw name="Click Button By Automation Id">
<kw name="Click" owner="FlaUILibrary">
<arg>${CALCULATOR_WINDOW}/Pane/Button[@AutomationId="${automation_id}"]</arg>
<doc>Left click to element by an XPath.</doc>
<status status="PASS" start="2026-06-02T15:46:06.007534" elapsed="0.159165"/>
</kw>
<arg>${BUTTON_DIGIT_5}</arg>
<status status="PASS" start="2026-06-02T15:46:06.006968" elapsed="0.160032"/>
</kw>
<kw name="Click Button By Automation Id">
<kw name="Click" owner="FlaUILibrary">
<arg>${CALCULATOR_WINDOW}/Pane/Button[@AutomationId="${automation_id}"]</arg>
<doc>Left click to element by an XPath.</doc>
<status status="PASS" start="2026-06-02T15:46:06.168370" elapsed="0.211377"/>
</kw>
<arg>${BUTTON_EQUAL}</arg>
<status status="PASS" start="2026-06-02T15:46:06.167838" elapsed="0.212218"/>
</kw>
<kw name="Result Should Be">
<kw name="Get Name From Element" owner="FlaUILibrary">
<msg time="2026-06-02T15:46:06.404069" level="INFO">${result} = 2</msg>
<var>${result}</var>
<arg>${DISPLAY_VALUE}</arg>
<doc>Return name value from element.</doc>
<status status="PASS" start="2026-06-02T15:46:06.381462" elapsed="0.022727"/>
</kw>
<kw name="Should Be Equal As Strings" owner="BuiltIn">
<arg>${result}</arg>
<arg>${expected}</arg>
<doc>Fails if objects are unequal after converting them to strings.</doc>
<status status="PASS" start="2026-06-02T15:46:06.404545" elapsed="0.001093"/>
</kw>
<arg>2</arg>
<status status="PASS" start="2026-06-02T15:46:06.380738" elapsed="0.025201"/>
</kw>
<kw name="Close Calculator" type="TEARDOWN">
<kw name="Run Keyword If" owner="BuiltIn">
<kw name="Close Application" owner="FlaUILibrary">
<arg>${CALCULATOR_PID}</arg>
<doc>Closes the attached application.</doc>
<status status="PASS" start="2026-06-02T15:46:06.408377" elapsed="0.054968"/>
</kw>
<arg>'${CALCULATOR_PID}' != '${EMPTY}'</arg>
<arg>Close Application</arg>
<arg>${CALCULATOR_PID}</arg>
<doc>Runs the given keyword with the given arguments, if ``condition`` is true.</doc>
<status status="PASS" start="2026-06-02T15:46:06.407337" elapsed="0.056297"/>
</kw>
<kw name="Set Test Variable" owner="BuiltIn">
<msg time="2026-06-02T15:46:06.465763" level="INFO">${CALCULATOR_PID} = </msg>
<arg>${CALCULATOR_PID}</arg>
<arg>${EMPTY}</arg>
<doc>Makes a variable available everywhere within the scope of the current test.</doc>
<status status="PASS" start="2026-06-02T15:46:06.464048" elapsed="0.001861"/>
</kw>
<status status="PASS" start="2026-06-02T15:46:06.406755" elapsed="0.059357"/>
</kw>
<status status="PASS" start="2026-06-02T15:46:04.416136" elapsed="2.050361"/>
</test>
<test id="s1-t3" name="Multiplication In Calculator" line="37">
<kw name="Open Calculator">
<kw name="Launch Application" owner="FlaUILibrary">
<msg time="2026-06-02T15:46:06.521435" level="INFO">${pid} = 3088</msg>
<var>${pid}</var>
<arg>${CALCULATOR_EXE}</arg>
<doc>Launches an application.</doc>
<status status="PASS" start="2026-06-02T15:46:06.469325" elapsed="0.052322"/>
</kw>
<kw name="Set Test Variable" owner="BuiltIn">
<msg time="2026-06-02T15:46:06.522976" level="INFO">${CALCULATOR_PID} = 3088</msg>
<arg>${CALCULATOR_PID}</arg>
<arg>${pid}</arg>
<doc>Makes a variable available everywhere within the scope of the current test.</doc>
<status status="PASS" start="2026-06-02T15:46:06.522167" elapsed="0.000904"/>
</kw>
<kw name="Wait Until Element Exist" owner="FlaUILibrary">
<arg>${CALCULATOR_WINDOW}</arg>
<doc>Waits until element exist or timeout was reached. If timeout was reached an FlaUIError occurred.</doc>
<status status="PASS" start="2026-06-02T15:46:06.523310" elapsed="1.152414"/>
</kw>
<status status="PASS" start="2026-06-02T15:46:06.468811" elapsed="1.207138"/>
</kw>
<kw name="Click Button By Automation Id">
<kw name="Click" owner="FlaUILibrary">
<arg>${CALCULATOR_WINDOW}/Pane/Button[@AutomationId="${automation_id}"]</arg>
<doc>Left click to element by an XPath.</doc>
<status status="PASS" start="2026-06-02T15:46:07.677052" elapsed="0.163264"/>
</kw>
<arg>${BUTTON_DIGIT_7}</arg>
<status status="PASS" start="2026-06-02T15:46:07.676499" elapsed="0.164128"/>
</kw>
<kw name="Click Button By Automation Id">
<kw name="Click" owner="FlaUILibrary">
<arg>${CALCULATOR_WINDOW}/Pane/Button[@AutomationId="${automation_id}"]</arg>
<doc>Left click to element by an XPath.</doc>
<status status="PASS" start="2026-06-02T15:46:07.842009" elapsed="0.204046"/>
</kw>
<arg>${BUTTON_MULTIPLY}</arg>
<status status="PASS" start="2026-06-02T15:46:07.841457" elapsed="0.204840"/>
</kw>
<kw name="Click Button By Automation Id">
<kw name="Click" owner="FlaUILibrary">
<arg>${CALCULATOR_WINDOW}/Pane/Button[@AutomationId="${automation_id}"]</arg>
<doc>Left click to element by an XPath.</doc>
<status status="PASS" start="2026-06-02T15:46:08.047896" elapsed="0.181275"/>
</kw>
<arg>${BUTTON_DIGIT_5}</arg>
<status status="PASS" start="2026-06-02T15:46:08.047141" elapsed="0.182275"/>
</kw>
<kw name="Click Button By Automation Id">
<kw name="Click" owner="FlaUILibrary">
<arg>${CALCULATOR_WINDOW}/Pane/Button[@AutomationId="${automation_id}"]</arg>
<doc>Left click to element by an XPath.</doc>
<status status="PASS" start="2026-06-02T15:46:08.231199" elapsed="0.211827"/>
</kw>
<arg>${BUTTON_EQUAL}</arg>
<status status="PASS" start="2026-06-02T15:46:08.230223" elapsed="0.213038"/>
</kw>
<kw name="Result Should Be">
<kw name="Get Name From Element" owner="FlaUILibrary">
<msg time="2026-06-02T15:46:08.469150" level="INFO">${result} = 35</msg>
<var>${result}</var>
<arg>${DISPLAY_VALUE}</arg>
<doc>Return name value from element.</doc>
<status status="PASS" start="2026-06-02T15:46:08.444491" elapsed="0.024748"/>
</kw>
<kw name="Should Be Equal As Strings" owner="BuiltIn">
<arg>${result}</arg>
<arg>${expected}</arg>
<doc>Fails if objects are unequal after converting them to strings.</doc>
<status status="PASS" start="2026-06-02T15:46:08.469514" elapsed="0.000579"/>
</kw>
<arg>35</arg>
<status status="PASS" start="2026-06-02T15:46:08.443888" elapsed="0.026330"/>
</kw>
<kw name="Close Calculator" type="TEARDOWN">
<kw name="Run Keyword If" owner="BuiltIn">
<kw name="Close Application" owner="FlaUILibrary">
<arg>${CALCULATOR_PID}</arg>
<doc>Closes the attached application.</doc>
<status status="PASS" start="2026-06-02T15:46:08.472997" elapsed="0.032151"/>
</kw>
<arg>'${CALCULATOR_PID}' != '${EMPTY}'</arg>
<arg>Close Application</arg>
<arg>${CALCULATOR_PID}</arg>
<doc>Runs the given keyword with the given arguments, if ``condition`` is true.</doc>
<status status="PASS" start="2026-06-02T15:46:08.471595" elapsed="0.034013"/>
</kw>
<kw name="Set Test Variable" owner="BuiltIn">
<msg time="2026-06-02T15:46:08.507484" level="INFO">${CALCULATOR_PID} = </msg>
<arg>${CALCULATOR_PID}</arg>
<arg>${EMPTY}</arg>
<doc>Makes a variable available everywhere within the scope of the current test.</doc>
<status status="PASS" start="2026-06-02T15:46:08.506064" elapsed="0.001502"/>
</kw>
<status status="PASS" start="2026-06-02T15:46:08.470981" elapsed="0.036708"/>
</kw>
<status status="PASS" start="2026-06-02T15:46:06.467917" elapsed="2.040125"/>
</test>
<test id="s1-t4" name="Division In Calculator" line="46">
<kw name="Open Calculator">
<kw name="Launch Application" owner="FlaUILibrary">
<msg time="2026-06-02T15:46:08.569457" level="INFO">${pid} = 19548</msg>
<var>${pid}</var>
<arg>${CALCULATOR_EXE}</arg>
<doc>Launches an application.</doc>
<status status="PASS" start="2026-06-02T15:46:08.511683" elapsed="0.057933"/>
</kw>
<kw name="Set Test Variable" owner="BuiltIn">
<msg time="2026-06-02T15:46:08.571055" level="INFO">${CALCULATOR_PID} = 19548</msg>
<arg>${CALCULATOR_PID}</arg>
<arg>${pid}</arg>
<doc>Makes a variable available everywhere within the scope of the current test.</doc>
<status status="PASS" start="2026-06-02T15:46:08.570096" elapsed="0.001073"/>
</kw>
<kw name="Wait Until Element Exist" owner="FlaUILibrary">
<arg>${CALCULATOR_WINDOW}</arg>
<doc>Waits until element exist or timeout was reached. If timeout was reached an FlaUIError occurred.</doc>
<status status="PASS" start="2026-06-02T15:46:08.571444" elapsed="1.147576"/>
</kw>
<status status="PASS" start="2026-06-02T15:46:08.509783" elapsed="1.209462"/>
</kw>
<kw name="Click Button By Automation Id">
<kw name="Click" owner="FlaUILibrary">
<arg>${CALCULATOR_WINDOW}/Pane/Button[@AutomationId="${automation_id}"]</arg>
<doc>Left click to element by an XPath.</doc>
<status status="PASS" start="2026-06-02T15:46:09.720401" elapsed="0.189900"/>
</kw>
<arg>${BUTTON_DIGIT_9}</arg>
<status status="PASS" start="2026-06-02T15:46:09.719867" elapsed="0.191164"/>
</kw>
<kw name="Click Button By Automation Id">
<kw name="Click" owner="FlaUILibrary">
<arg>${CALCULATOR_WINDOW}/Pane/Button[@AutomationId="${automation_id}"]</arg>
<doc>Left click to element by an XPath.</doc>
<status status="PASS" start="2026-06-02T15:46:09.912389" elapsed="0.182168"/>
</kw>
<arg>${BUTTON_DIVIDE}</arg>
<status status="PASS" start="2026-06-02T15:46:09.911769" elapsed="0.183220"/>
</kw>
<kw name="Click Button By Automation Id">
<kw name="Click" owner="FlaUILibrary">
<arg>${CALCULATOR_WINDOW}/Pane/Button[@AutomationId="${automation_id}"]</arg>
<doc>Left click to element by an XPath.</doc>
<status status="PASS" start="2026-06-02T15:46:10.096192" elapsed="0.180007"/>
</kw>
<arg>${BUTTON_DIGIT_3}</arg>
<status status="PASS" start="2026-06-02T15:46:10.095664" elapsed="0.180942"/>
</kw>
<kw name="Click Button By Automation Id">
<kw name="Click" owner="FlaUILibrary">
<arg>${CALCULATOR_WINDOW}/Pane/Button[@AutomationId="${automation_id}"]</arg>
<doc>Left click to element by an XPath.</doc>
<status status="PASS" start="2026-06-02T15:46:10.278338" elapsed="0.203051"/>
</kw>
<arg>${BUTTON_EQUAL}</arg>
<status status="PASS" start="2026-06-02T15:46:10.277819" elapsed="0.203834"/>
</kw>
<kw name="Result Should Be">
<kw name="Get Name From Element" owner="FlaUILibrary">
<msg time="2026-06-02T15:46:10.503346" level="INFO">${result} = 3</msg>
<var>${result}</var>
<arg>${DISPLAY_VALUE}</arg>
<doc>Return name value from element.</doc>
<status status="PASS" start="2026-06-02T15:46:10.482795" elapsed="0.020673"/>
</kw>
<kw name="Should Be Equal As Strings" owner="BuiltIn">
<arg>${result}</arg>
<arg>${expected}</arg>
<doc>Fails if objects are unequal after converting them to strings.</doc>
<status status="PASS" start="2026-06-02T15:46:10.503848" elapsed="0.000941"/>
</kw>
<arg>3</arg>
<status status="PASS" start="2026-06-02T15:46:10.482291" elapsed="0.022706"/>
</kw>
<kw name="Close Calculator" type="TEARDOWN">
<kw name="Run Keyword If" owner="BuiltIn">
<kw name="Close Application" owner="FlaUILibrary">
<arg>${CALCULATOR_PID}</arg>
<doc>Closes the attached application.</doc>
<status status="PASS" start="2026-06-02T15:46:10.507660" elapsed="0.028871"/>
</kw>
<arg>'${CALCULATOR_PID}' != '${EMPTY}'</arg>
<arg>Close Application</arg>
<arg>${CALCULATOR_PID}</arg>
<doc>Runs the given keyword with the given arguments, if ``condition`` is true.</doc>
<status status="PASS" start="2026-06-02T15:46:10.506250" elapsed="0.030685"/>
</kw>
<kw name="Set Test Variable" owner="BuiltIn">
<msg time="2026-06-02T15:46:10.539943" level="INFO">${CALCULATOR_PID} = </msg>
<arg>${CALCULATOR_PID}</arg>
<arg>${EMPTY}</arg>
<doc>Makes a variable available everywhere within the scope of the current test.</doc>
<status status="PASS" start="2026-06-02T15:46:10.537546" elapsed="0.002684"/>
</kw>
<status status="PASS" start="2026-06-02T15:46:10.505779" elapsed="0.035158"/>
</kw>
<status status="PASS" start="2026-06-02T15:46:08.508836" elapsed="2.032585"/>
</test>
<status status="PASS" start="2026-06-02T15:46:01.220246" elapsed="9.323221"/>
</suite>
<statistics>
<total>
<stat pass="4" fail="0" skip="0">All Tests</stat>
</total>
<tag>
</tag>
<suite>
<stat name="Calculator Test" id="s1" pass="4" fail="0" skip="0">Calculator Test</stat>
</suite>
</statistics>
<errors>
</errors>
</robot>
