<?xml version="1.0" encoding="UTF-8"?>
<robot generator="Robot 7.4.2 (Python 3.12.10 on win32)" generated="2026-05-06T09:04:51.948135" rpa="false" schemaversion="5">
<suite id="s1" name="calculator UWP horizon" source="D:\uczelnia\Wyk5_RF\calculator_UWP_horizon.robot">
<test id="s1-t1" name="Addition In UWP Calculator With Image Recognition" line="18">
<kw name="Configure Image Recognition">
<kw name="Directory Should Exist" owner="OperatingSystem">
<msg time="2026-05-06T09:04:52.158340" level="INFO" html="true">Directory '&lt;a href="file://D:\uczelnia\Wyk5_RF\images\calculator_uwp"&gt;D:\uczelnia\Wyk5_RF\images\calculator_uwp&lt;/a&gt;' exists.</msg>
<arg>${IMAGE_FOLDER}</arg>
<doc>Fails unless the given path points to an existing directory.</doc>
<status status="PASS" start="2026-05-06T09:04:52.157033" elapsed="0.001307"/>
</kw>
<kw name="Set Reference Folder" owner="ImageHorizonLibrary">
<arg>${IMAGE_FOLDER}</arg>
<doc>Sets where all reference images are stored.</doc>
<status status="PASS" start="2026-05-06T09:04:52.158340" elapsed="0.000000"/>
</kw>
<kw name="Set Screenshot Folder" owner="ImageHorizonLibrary">
<arg>${SCREENSHOT_FOLDER}</arg>
<doc>Sets the folder where screenshots are saved to.</doc>
<status status="PASS" start="2026-05-06T09:04:52.158340" elapsed="0.000000"/>
</kw>
<kw name="Set Confidence" owner="ImageHorizonLibrary">
<arg>0.9</arg>
<doc>Sets the accuracy when finding images.</doc>
<status status="PASS" start="2026-05-06T09:04:52.158340" elapsed="0.000000"/>
</kw>
<status status="PASS" start="2026-05-06T09:04:52.157033" elapsed="0.001307"/>
</kw>
<kw name="Open Calculator">
<kw name="Start Process" owner="Process">
<msg time="2026-05-06T09:04:52.159368" level="INFO">Starting process:
calc.exe</msg>
<arg>${CALCULATOR_APP}</arg>
<doc>Starts a new process on background.</doc>
<status status="PASS" start="2026-05-06T09:04:52.159368" elapsed="0.006498"/>
</kw>
<kw name="Set Test Variable" owner="BuiltIn">
<msg time="2026-05-06T09:04:52.165866" level="INFO">${CALCULATOR_STARTED} = True</msg>
<arg>${CALCULATOR_STARTED}</arg>
<arg>${TRUE}</arg>
<doc>Makes a variable available everywhere within the scope of the current test.</doc>
<status status="PASS" start="2026-05-06T09:04:52.165866" elapsed="0.001113"/>
</kw>
<kw name="Wait For Calculator Image">
<kw name="Wait Until Keyword Succeeds" owner="BuiltIn">
<kw name="Wait For" owner="ImageHorizonLibrary">
<msg time="2026-05-06T09:04:52.365975" level="FAIL">ImageNotFoundException</msg>
<arg>${image_name}</arg>
<arg>timeout=1</arg>
<doc>Tries to locate given image from the screen for given time.</doc>
<status status="FAIL" start="2026-05-06T09:04:52.168179" elapsed="0.203045">ImageNotFoundException</status>
</kw>
<kw name="Wait For" owner="ImageHorizonLibrary">
<msg time="2026-05-06T09:04:53.528712" level="INFO">Image "button_digit_7" found at (np.int64(1246), np.int64(876))</msg>
<arg>${image_name}</arg>
<arg>timeout=1</arg>
<doc>Tries to locate given image from the screen for given time.</doc>
<status status="PASS" start="2026-05-06T09:04:53.371624" elapsed="0.157088"/>
</kw>
<arg>10x</arg>
<arg>1s</arg>
<arg>Wait For</arg>
<arg>${image_name}</arg>
<arg>timeout=1</arg>
<doc>Runs the specified keyword and retries if it fails.</doc>
<status status="PASS" start="2026-05-06T09:04:52.166979" elapsed="1.361733"/>
</kw>
<arg>${BUTTON_DIGIT_7}</arg>
<status status="PASS" start="2026-05-06T09:04:52.166979" elapsed="1.361733"/>
</kw>
<status status="PASS" start="2026-05-06T09:04:52.159368" elapsed="1.369344"/>
</kw>
<kw name="Click Calculator Image">
<kw name="Wait For Calculator Image">
<kw name="Wait Until Keyword Succeeds" owner="BuiltIn">
<kw name="Wait For" owner="ImageHorizonLibrary">
<msg time="2026-05-06T09:04:53.663998" level="INFO">Image "button_digit_7" found at (np.int64(1246), np.int64(876))</msg>
<arg>${image_name}</arg>
<arg>timeout=1</arg>
<doc>Tries to locate given image from the screen for given time.</doc>
<status status="PASS" start="2026-05-06T09:04:53.529714" elapsed="0.135285"/>
</kw>
<arg>10x</arg>
<arg>1s</arg>
<arg>Wait For</arg>
<arg>${image_name}</arg>
<arg>timeout=1</arg>
<doc>Runs the specified keyword and retries if it fails.</doc>
<status status="PASS" start="2026-05-06T09:04:53.529714" elapsed="0.135285"/>
</kw>
<arg>${image_name}</arg>
<status status="PASS" start="2026-05-06T09:04:53.529714" elapsed="0.135285"/>
</kw>
<kw name="Click Image" owner="ImageHorizonLibrary">
<msg time="2026-05-06T09:04:53.794061" level="INFO">Image "D:\uczelnia\Wyk5_RF\images\calculator_uwp\button_digit_7.png" found at Box(left=np.int64(1186), top=np.int64(834), width=121, height=85)</msg>
<msg time="2026-05-06T09:04:53.794061" level="INFO">Clicking image "button_digit_7" in position (np.int64(1246), np.int64(876))</msg>
<arg>${image_name}</arg>
<doc>Finds the reference image on screen and clicks it once.</doc>
<status status="PASS" start="2026-05-06T09:04:53.664999" elapsed="0.239273"/>
</kw>
<arg>${BUTTON_DIGIT_7}</arg>
<status status="PASS" start="2026-05-06T09:04:53.529714" elapsed="0.374558"/>
</kw>
<kw name="Click Calculator Image">
<kw name="Wait For Calculator Image">
<kw name="Wait Until Keyword Succeeds" owner="BuiltIn">
<kw name="Wait For" owner="ImageHorizonLibrary">
<msg time="2026-05-06T09:04:54.062272" level="INFO">Image "button_add" found at (np.int64(1657), np.int64(1073))</msg>
<arg>${image_name}</arg>
<arg>timeout=1</arg>
<doc>Tries to locate given image from the screen for given time.</doc>
<status status="PASS" start="2026-05-06T09:04:53.904272" elapsed="0.158000"/>
</kw>
<arg>10x</arg>
<arg>1s</arg>
<arg>Wait For</arg>
<arg>${image_name}</arg>
<arg>timeout=1</arg>
<doc>Runs the specified keyword and retries if it fails.</doc>
<status status="PASS" start="2026-05-06T09:04:53.904272" elapsed="0.158000"/>
</kw>
<arg>${image_name}</arg>
<status status="PASS" start="2026-05-06T09:04:53.904272" elapsed="0.158000"/>
</kw>
<kw name="Click Image" owner="ImageHorizonLibrary">
<msg time="2026-05-06T09:04:54.208702" level="INFO">Image "D:\uczelnia\Wyk5_RF\images\calculator_uwp\button_add.png" found at Box(left=np.int64(1592), top=np.int64(1027), width=130, height=93)</msg>
<msg time="2026-05-06T09:04:54.209707" level="INFO">Clicking image "button_add" in position (np.int64(1657), np.int64(1073))</msg>
<arg>${image_name}</arg>
<doc>Finds the reference image on screen and clicks it once.</doc>
<status status="PASS" start="2026-05-06T09:04:54.062272" elapsed="0.261476"/>
</kw>
<arg>${BUTTON_ADD}</arg>
<status status="PASS" start="2026-05-06T09:04:53.904272" elapsed="0.419476"/>
</kw>
<kw name="Click Calculator Image">
<kw name="Wait For Calculator Image">
<kw name="Wait Until Keyword Succeeds" owner="BuiltIn">
<kw name="Wait For" owner="ImageHorizonLibrary">
<msg time="2026-05-06T09:04:54.706788" level="INFO">Image "button_digit_5" found at (np.int64(1382), np.int64(973))</msg>
<arg>${image_name}</arg>
<arg>timeout=1</arg>
<doc>Tries to locate given image from the screen for given time.</doc>
<status status="PASS" start="2026-05-06T09:04:54.327273" elapsed="0.380517"/>
</kw>
<arg>10x</arg>
<arg>1s</arg>
<arg>Wait For</arg>
<arg>${image_name}</arg>
<arg>timeout=1</arg>
<doc>Runs the specified keyword and retries if it fails.</doc>
<status status="PASS" start="2026-05-06T09:04:54.326263" elapsed="0.381527"/>
</kw>
<arg>${image_name}</arg>
<status status="PASS" start="2026-05-06T09:04:54.325757" elapsed="0.382033"/>
</kw>
<kw name="Click Image" owner="ImageHorizonLibrary">
<msg time="2026-05-06T09:04:55.107967" level="INFO">Image "D:\uczelnia\Wyk5_RF\images\calculator_uwp\button_digit_5.png" found at Box(left=np.int64(1317), top=np.int64(930), width=131, height=87)</msg>
<msg time="2026-05-06T09:04:55.108962" level="INFO">Clicking image "button_digit_5" in position (np.int64(1382), np.int64(973))</msg>
<arg>${image_name}</arg>
<doc>Finds the reference image on screen and clicks it once.</doc>
<status status="PASS" start="2026-05-06T09:04:54.708794" elapsed="0.512540"/>
</kw>
<arg>${BUTTON_DIGIT_5}</arg>
<status status="PASS" start="2026-05-06T09:04:54.324763" elapsed="0.897580"/>
</kw>
<kw name="Click Calculator Image">
<kw name="Wait For Calculator Image">
<kw name="Wait Until Keyword Succeeds" owner="BuiltIn">
<kw name="Wait For" owner="ImageHorizonLibrary">
<msg time="2026-05-06T09:04:55.662145" level="INFO">Image "button_equals" found at (np.int64(1657), np.int64(1171))</msg>
<arg>${image_name}</arg>
<arg>timeout=1</arg>
<doc>Tries to locate given image from the screen for given time.</doc>
<status status="PASS" start="2026-05-06T09:04:55.234408" elapsed="0.428750"/>
</kw>
<arg>10x</arg>
<arg>1s</arg>
<arg>Wait For</arg>
<arg>${image_name}</arg>
<arg>timeout=1</arg>
<doc>Runs the specified keyword and retries if it fails.</doc>
<status status="PASS" start="2026-05-06T09:04:55.225857" elapsed="0.437301"/>
</kw>
<arg>${image_name}</arg>
<status status="PASS" start="2026-05-06T09:04:55.224346" elapsed="0.438812"/>
</kw>
<kw name="Click Image" owner="ImageHorizonLibrary">
<msg time="2026-05-06T09:04:56.106019" level="INFO">Image "D:\uczelnia\Wyk5_RF\images\calculator_uwp\button_equals.png" found at Box(left=np.int64(1596), top=np.int64(1124), width=122, height=95)</msg>
<msg time="2026-05-06T09:04:56.107114" level="INFO">Clicking image "button_equals" in position (np.int64(1657), np.int64(1171))</msg>
<arg>${image_name}</arg>
<doc>Finds the reference image on screen and clicks it once.</doc>
<status status="PASS" start="2026-05-06T09:04:55.664155" elapsed="0.559037"/>
</kw>
<arg>${BUTTON_EQUALS}</arg>
<status status="PASS" start="2026-05-06T09:04:55.223345" elapsed="0.999847"/>
</kw>
<kw name="Result Image Should Be Visible">
<kw name="Wait For Calculator Image">
<kw name="Wait Until Keyword Succeeds" owner="BuiltIn">
<kw name="Wait For" owner="ImageHorizonLibrary">
<msg time="2026-05-06T09:04:56.644213" level="INFO">Image "result_12" found at (np.int64(1454), np.int64(482))</msg>
<arg>${image_name}</arg>
<arg>timeout=1</arg>
<doc>Tries to locate given image from the screen for given time.</doc>
<status status="PASS" start="2026-05-06T09:04:56.226712" elapsed="0.418505"/>
</kw>
<arg>10x</arg>
<arg>1s</arg>
<arg>Wait For</arg>
<arg>${image_name}</arg>
<arg>timeout=1</arg>
<doc>Runs the specified keyword and retries if it fails.</doc>
<status status="PASS" start="2026-05-06T09:04:56.226203" elapsed="0.419014"/>
</kw>
<arg>${image_name}</arg>
<status status="PASS" start="2026-05-06T09:04:56.225203" elapsed="0.420014"/>
</kw>
<arg>${RESULT_12}</arg>
<status status="PASS" start="2026-05-06T09:04:56.224206" elapsed="0.421011"/>
</kw>
<kw name="Close Calculator" type="TEARDOWN">
<if>
<branch type="IF" condition="${CALCULATOR_STARTED}">
<kw name="Run Keyword And Ignore Error" owner="BuiltIn">
<kw name="Run Process" owner="Process">
<msg time="2026-05-06T09:04:56.648458" level="INFO">Starting process:
taskkill /IM CalculatorApp.exe /F</msg>
<msg time="2026-05-06T09:04:56.660721" level="INFO">Waiting for process to complete.</msg>
<msg time="2026-05-06T09:04:56.812833" level="INFO">Process completed.</msg>
<arg>taskkill</arg>
<arg>/IM</arg>
<arg>CalculatorApp.exe</arg>
<arg>/F</arg>
<doc>Runs a process and waits for it to complete.</doc>
<status status="PASS" start="2026-05-06T09:04:56.647738" elapsed="0.165095"/>
</kw>
<arg>Run Process</arg>
<arg>taskkill</arg>
<arg>/IM</arg>
<arg>CalculatorApp.exe</arg>
<arg>/F</arg>
<doc>Runs the given keyword with the given arguments and ignores possible error.</doc>
<status status="PASS" start="2026-05-06T09:04:56.646725" elapsed="0.166108"/>
</kw>
<kw name="Run Keyword And Ignore Error" owner="BuiltIn">
<kw name="Run Process" owner="Process">
<msg time="2026-05-06T09:04:56.814322" level="INFO">Starting process:
taskkill /IM calc.exe /F</msg>
<msg time="2026-05-06T09:04:56.820050" level="INFO">Waiting for process to complete.</msg>
<msg time="2026-05-06T09:04:56.955001" level="INFO">Process completed.</msg>
<arg>taskkill</arg>
<arg>/IM</arg>
<arg>calc.exe</arg>
<arg>/F</arg>
<doc>Runs a process and waits for it to complete.</doc>
<status status="PASS" start="2026-05-06T09:04:56.812833" elapsed="0.142168"/>
</kw>
<arg>Run Process</arg>
<arg>taskkill</arg>
<arg>/IM</arg>
<arg>calc.exe</arg>
<arg>/F</arg>
<doc>Runs the given keyword with the given arguments and ignores possible error.</doc>
<status status="PASS" start="2026-05-06T09:04:56.812833" elapsed="0.142168"/>
</kw>
<kw name="Set Test Variable" owner="BuiltIn">
<msg time="2026-05-06T09:04:56.956012" level="INFO">${CALCULATOR_STARTED} = False</msg>
<arg>${CALCULATOR_STARTED}</arg>
<arg>${FALSE}</arg>
<doc>Makes a variable available everywhere within the scope of the current test.</doc>
<status status="PASS" start="2026-05-06T09:04:56.956012" elapsed="0.001346"/>
</kw>
<status status="PASS" start="2026-05-06T09:04:56.646725" elapsed="0.310633"/>
</branch>
<status status="PASS" start="2026-05-06T09:04:56.646725" elapsed="0.310633"/>
</if>
<status status="PASS" start="2026-05-06T09:04:56.646725" elapsed="0.310633"/>
</kw>
<status status="PASS" start="2026-05-06T09:04:52.153300" elapsed="4.804058"/>
</test>
<status status="PASS" start="2026-05-06T09:04:51.951222" elapsed="5.009494"/>
</suite>
<statistics>
<total>
<stat pass="1" fail="0" skip="0">All Tests</stat>
</total>
<tag>
</tag>
<suite>
<stat name="calculator UWP horizon" id="s1" pass="1" fail="0" skip="0">calculator UWP horizon</stat>
</suite>
</statistics>
<errors>
</errors>
</robot>
