<?xml version="1.0" encoding="UTF-8"?>
<robot generator="Robot 7.4.2 (Python 3.14.5 on win32)" generated="2026-06-03T22:13:00.038082" rpa="false" schemaversion="5">
<suite id="s1" name="Calculator Win32Calc" source="C:\Users\DudeQ\Documents\Programming\Python\Robot_framework\Testowanie_oprogramowania\Zadanie_2\Kalkulator_1\calculator_win32calc.robot">
<test id="s1-t1" name="Addition In Calculator" line="21">
<kw name="Open Calculator">
<kw name="Launch Application" owner="FlaUILibrary">
<msg time="2026-06-03T22:13:01.879606" level="INFO">${pid} = 21784</msg>
<var>${pid}</var>
<arg>${CALCULATOR_EXE}</arg>
<doc>Launches an application.</doc>
<status status="PASS" start="2026-06-03T22:13:01.420293" elapsed="0.459441"/>
</kw>
<kw name="Set Test Variable" owner="BuiltIn">
<msg time="2026-06-03T22:13:01.881447" level="INFO">${CALCULATOR_PID} = 21784</msg>
<arg>${CALCULATOR_PID}</arg>
<arg>${pid}</arg>
<doc>Makes a variable available everywhere within the scope of the current test.</doc>
<status status="PASS" start="2026-06-03T22:13:01.880424" elapsed="0.001160"/>
</kw>
<kw name="Wait Until Element Exist" owner="FlaUILibrary">
<arg>${CALCULATOR_WINDOW}</arg>
<doc>Waits until element exist or timeout was reached. If timeout was reached an FlaUIError occurred.</doc>
<status status="PASS" start="2026-06-03T22:13:01.881885" elapsed="1.171771"/>
</kw>
<status status="PASS" start="2026-06-03T22:13:01.419004" elapsed="1.634920"/>
</kw>
<kw name="Click Button By Automation Id">
<kw name="Click" owner="FlaUILibrary">
<arg>${CALCULATOR_WINDOW}/Pane/Button[@AutomationId="${automation_id}"]</arg>
<doc>Left click to element by an XPath.</doc>
<status status="PASS" start="2026-06-03T22:13:03.055238" elapsed="0.217333"/>
</kw>
<arg>${BUTTON_CLEAR}</arg>
<status status="PASS" start="2026-06-03T22:13:03.054492" elapsed="0.218332"/>
</kw>
<kw name="Click Button By Automation Id">
<kw name="Click" owner="FlaUILibrary">
<arg>${CALCULATOR_WINDOW}/Pane/Button[@AutomationId="${automation_id}"]</arg>
<doc>Left click to element by an XPath.</doc>
<status status="PASS" start="2026-06-03T22:13:03.273914" elapsed="0.166553"/>
</kw>
<arg>${BUTTON_DIGIT_5}</arg>
<status status="PASS" start="2026-06-03T22:13:03.273395" elapsed="0.167370"/>
</kw>
<kw name="Click Button By Automation Id">
<kw name="Click" owner="FlaUILibrary">
<arg>${CALCULATOR_WINDOW}/Pane/Button[@AutomationId="${automation_id}"]</arg>
<doc>Left click to element by an XPath.</doc>
<status status="PASS" start="2026-06-03T22:13:03.442331" elapsed="0.198072"/>
</kw>
<arg>${BUTTON_ADD}</arg>
<status status="PASS" start="2026-06-03T22:13:03.441552" elapsed="0.199277"/>
</kw>
<kw name="Click Button By Automation Id">
<kw name="Click" owner="FlaUILibrary">
<arg>${CALCULATOR_WINDOW}/Pane/Button[@AutomationId="${automation_id}"]</arg>
<doc>Left click to element by an XPath.</doc>
<status status="PASS" start="2026-06-03T22:13:03.642028" elapsed="0.166177"/>
</kw>
<arg>${BUTTON_DIGIT_7}</arg>
<status status="PASS" start="2026-06-03T22:13:03.641452" elapsed="0.166958"/>
</kw>
<kw name="Click Button By Automation Id">
<kw name="Click" owner="FlaUILibrary">
<arg>${CALCULATOR_WINDOW}/Pane/Button[@AutomationId="${automation_id}"]</arg>
<doc>Left click to element by an XPath.</doc>
<status status="PASS" start="2026-06-03T22:13:03.809646" elapsed="0.212998"/>
</kw>
<arg>${BUTTON_EQUAL}</arg>
<status status="PASS" start="2026-06-03T22:13:03.808973" elapsed="0.213854"/>
</kw>
<kw name="Result Should Be">
<kw name="Get Name From Element" owner="FlaUILibrary">
<msg time="2026-06-03T22:13:04.052122" level="INFO">${result} = 12</msg>
<var>${result}</var>
<arg>${DISPLAY_VALUE}</arg>
<doc>Return name value from element.</doc>
<status status="PASS" start="2026-06-03T22:13:04.023770" elapsed="0.028442"/>
</kw>
<kw name="Should Be Equal As Strings" owner="BuiltIn">
<arg>${result}</arg>
<arg>${expected}</arg>
<doc>Fails if objects are unequal after converting them to strings.</doc>
<status status="PASS" start="2026-06-03T22:13:04.052486" elapsed="0.000601"/>
</kw>
<arg>12</arg>
<status status="PASS" start="2026-06-03T22:13:04.023273" elapsed="0.029928"/>
</kw>
<kw name="Close Calculator" type="TEARDOWN">
<kw name="Run Keyword If" owner="BuiltIn">
<kw name="Close Application" owner="FlaUILibrary">
<arg>${CALCULATOR_PID}</arg>
<doc>Closes the attached application.</doc>
<status status="PASS" start="2026-06-03T22:13:04.055645" elapsed="0.021666"/>
</kw>
<arg>'${CALCULATOR_PID}' != '${EMPTY}'</arg>
<arg>Close Application</arg>
<arg>${CALCULATOR_PID}</arg>
<doc>Runs the given keyword with the given arguments, if ``condition`` is true.</doc>
<status status="PASS" start="2026-06-03T22:13:04.054278" elapsed="0.023273"/>
</kw>
<kw name="Set Test Variable" owner="BuiltIn">
<msg time="2026-06-03T22:13:04.079289" level="INFO">${CALCULATOR_PID} = </msg>
<arg>${CALCULATOR_PID}</arg>
<arg>${EMPTY}</arg>
<doc>Makes a variable available everywhere within the scope of the current test.</doc>
<status status="PASS" start="2026-06-03T22:13:04.077865" elapsed="0.001608"/>
</kw>
<status status="PASS" start="2026-06-03T22:13:04.053784" elapsed="0.025894"/>
</kw>
<status status="PASS" start="2026-06-03T22:13:01.417810" elapsed="2.662200"/>
</test>
<test id="s1-t2" name="Subtraction In Calculator" line="31">
<kw name="Open Calculator">
<kw name="Launch Application" owner="FlaUILibrary">
<msg time="2026-06-03T22:13:04.138446" level="INFO">${pid} = 2228</msg>
<var>${pid}</var>
<arg>${CALCULATOR_EXE}</arg>
<doc>Launches an application.</doc>
<status status="PASS" start="2026-06-03T22:13:04.083266" elapsed="0.055334"/>
</kw>
<kw name="Set Test Variable" owner="BuiltIn">
<msg time="2026-06-03T22:13:04.139778" level="INFO">${CALCULATOR_PID} = 2228</msg>
<arg>${CALCULATOR_PID}</arg>
<arg>${pid}</arg>
<doc>Makes a variable available everywhere within the scope of the current test.</doc>
<status status="PASS" start="2026-06-03T22:13:04.138931" elapsed="0.000966"/>
</kw>
<kw name="Wait Until Element Exist" owner="FlaUILibrary">
<arg>${CALCULATOR_WINDOW}</arg>
<doc>Waits until element exist or timeout was reached. If timeout was reached an FlaUIError occurred.</doc>
<status status="PASS" start="2026-06-03T22:13:04.140149" elapsed="1.164889"/>
</kw>
<status status="PASS" start="2026-06-03T22:13:04.082527" elapsed="1.222694"/>
</kw>
<kw name="Click Button By Automation Id">
<kw name="Click" owner="FlaUILibrary">
<arg>${CALCULATOR_WINDOW}/Pane/Button[@AutomationId="${automation_id}"]</arg>
<doc>Left click to element by an XPath.</doc>
<status status="PASS" start="2026-06-03T22:13:05.306242" elapsed="0.183946"/>
</kw>
<arg>${BUTTON_CLEAR}</arg>
<status status="PASS" start="2026-06-03T22:13:05.305739" elapsed="0.184810"/>
</kw>
<kw name="Click Button By Automation Id">
<kw name="Click" owner="FlaUILibrary">
<arg>${CALCULATOR_WINDOW}/Pane/Button[@AutomationId="${automation_id}"]</arg>
<doc>Left click to element by an XPath.</doc>
<status status="PASS" start="2026-06-03T22:13:05.491936" elapsed="0.167452"/>
</kw>
<arg>${BUTTON_DIGIT_7}</arg>
<status status="PASS" start="2026-06-03T22:13:05.491341" elapsed="0.168228"/>
</kw>
<kw name="Click Button By Automation Id">
<kw name="Click" owner="FlaUILibrary">
<arg>${CALCULATOR_WINDOW}/Pane/Button[@AutomationId="${automation_id}"]</arg>
<doc>Left click to element by an XPath.</doc>
<status status="PASS" start="2026-06-03T22:13:05.660967" elapsed="0.196445"/>
</kw>
<arg>${BUTTON_SUBTRACT}</arg>
<status status="PASS" start="2026-06-03T22:13:05.660197" elapsed="0.197551"/>
</kw>
<kw name="Click Button By Automation Id">
<kw name="Click" owner="FlaUILibrary">
<arg>${CALCULATOR_WINDOW}/Pane/Button[@AutomationId="${automation_id}"]</arg>
<doc>Left click to element by an XPath.</doc>
<status status="PASS" start="2026-06-03T22:13:05.858747" elapsed="0.173095"/>
</kw>
<arg>${BUTTON_DIGIT_5}</arg>
<status status="PASS" start="2026-06-03T22:13:05.858275" elapsed="0.173753"/>
</kw>
<kw name="Click Button By Automation Id">
<kw name="Click" owner="FlaUILibrary">
<arg>${CALCULATOR_WINDOW}/Pane/Button[@AutomationId="${automation_id}"]</arg>
<doc>Left click to element by an XPath.</doc>
<status status="PASS" start="2026-06-03T22:13:06.033027" elapsed="0.208320"/>
</kw>
<arg>${BUTTON_EQUAL}</arg>
<status status="PASS" start="2026-06-03T22:13:06.032545" elapsed="0.209136"/>
</kw>
<kw name="Result Should Be">
<kw name="Get Name From Element" owner="FlaUILibrary">
<msg time="2026-06-03T22:13:06.270542" level="INFO">${result} = 2</msg>
<var>${result}</var>
<arg>${DISPLAY_VALUE}</arg>
<doc>Return name value from element.</doc>
<status status="PASS" start="2026-06-03T22:13:06.242793" elapsed="0.027821"/>
</kw>
<kw name="Should Be Equal As Strings" owner="BuiltIn">
<arg>${result}</arg>
<arg>${expected}</arg>
<doc>Fails if objects are unequal after converting them to strings.</doc>
<status status="PASS" start="2026-06-03T22:13:06.270868" elapsed="0.000645"/>
</kw>
<arg>2</arg>
<status status="PASS" start="2026-06-03T22:13:06.242239" elapsed="0.029388"/>
</kw>
<kw name="Close Calculator" type="TEARDOWN">
<kw name="Run Keyword If" owner="BuiltIn">
<kw name="Close Application" owner="FlaUILibrary">
<arg>${CALCULATOR_PID}</arg>
<doc>Closes the attached application.</doc>
<status status="PASS" start="2026-06-03T22:13:06.275058" elapsed="0.032008"/>
</kw>
<arg>'${CALCULATOR_PID}' != '${EMPTY}'</arg>
<arg>Close Application</arg>
<arg>${CALCULATOR_PID}</arg>
<doc>Runs the given keyword with the given arguments, if ``condition`` is true.</doc>
<status status="PASS" start="2026-06-03T22:13:06.272565" elapsed="0.038899"/>
</kw>
<kw name="Set Test Variable" owner="BuiltIn">
<msg time="2026-06-03T22:13:06.313553" level="INFO">${CALCULATOR_PID} = </msg>
<arg>${CALCULATOR_PID}</arg>
<arg>${EMPTY}</arg>
<doc>Makes a variable available everywhere within the scope of the current test.</doc>
<status status="PASS" start="2026-06-03T22:13:06.311871" elapsed="0.001873"/>
</kw>
<status status="PASS" start="2026-06-03T22:13:06.272139" elapsed="0.041840"/>
</kw>
<status status="PASS" start="2026-06-03T22:13:04.081073" elapsed="2.235126"/>
</test>
<test id="s1-t3" name="Multiplication In Calculator" line="41">
<kw name="Open Calculator">
<kw name="Launch Application" owner="FlaUILibrary">
<msg time="2026-06-03T22:13:06.377893" level="INFO">${pid} = 428</msg>
<var>${pid}</var>
<arg>${CALCULATOR_EXE}</arg>
<doc>Launches an application.</doc>
<status status="PASS" start="2026-06-03T22:13:06.325682" elapsed="0.052323"/>
</kw>
<kw name="Set Test Variable" owner="BuiltIn">
<msg time="2026-06-03T22:13:06.379229" level="INFO">${CALCULATOR_PID} = 428</msg>
<arg>${CALCULATOR_PID}</arg>
<arg>${pid}</arg>
<doc>Makes a variable available everywhere within the scope of the current test.</doc>
<status status="PASS" start="2026-06-03T22:13:06.378326" elapsed="0.001012"/>
</kw>
<kw name="Wait Until Element Exist" owner="FlaUILibrary">
<arg>${CALCULATOR_WINDOW}</arg>
<doc>Waits until element exist or timeout was reached. If timeout was reached an FlaUIError occurred.</doc>
<status status="PASS" start="2026-06-03T22:13:06.379588" elapsed="1.158806"/>
</kw>
<status status="PASS" start="2026-06-03T22:13:06.324645" elapsed="1.213972"/>
</kw>
<kw name="Click Button By Automation Id">
<kw name="Click" owner="FlaUILibrary">
<arg>${CALCULATOR_WINDOW}/Pane/Button[@AutomationId="${automation_id}"]</arg>
<doc>Left click to element by an XPath.</doc>
<status status="PASS" start="2026-06-03T22:13:07.539683" elapsed="0.176332"/>
</kw>
<arg>${BUTTON_CLEAR}</arg>
<status status="PASS" start="2026-06-03T22:13:07.539151" elapsed="0.177106"/>
</kw>
<kw name="Click Button By Automation Id">
<kw name="Click" owner="FlaUILibrary">
<arg>${CALCULATOR_WINDOW}/Pane/Button[@AutomationId="${automation_id}"]</arg>
<doc>Left click to element by an XPath.</doc>
<status status="PASS" start="2026-06-03T22:13:07.717504" elapsed="0.143117"/>
</kw>
<arg>${BUTTON_DIGIT_7}</arg>
<status status="PASS" start="2026-06-03T22:13:07.716811" elapsed="0.143996"/>
</kw>
<kw name="Click Button By Automation Id">
<kw name="Click" owner="FlaUILibrary">
<arg>${CALCULATOR_WINDOW}/Pane/Button[@AutomationId="${automation_id}"]</arg>
<doc>Left click to element by an XPath.</doc>
<status status="PASS" start="2026-06-03T22:13:07.861872" elapsed="0.181283"/>
</kw>
<arg>${BUTTON_MULTIPLY}</arg>
<status status="PASS" start="2026-06-03T22:13:07.861307" elapsed="0.182084"/>
</kw>
<kw name="Click Button By Automation Id">
<kw name="Click" owner="FlaUILibrary">
<arg>${CALCULATOR_WINDOW}/Pane/Button[@AutomationId="${automation_id}"]</arg>
<doc>Left click to element by an XPath.</doc>
<status status="PASS" start="2026-06-03T22:13:08.044449" elapsed="0.179961"/>
</kw>
<arg>${BUTTON_DIGIT_5}</arg>
<status status="PASS" start="2026-06-03T22:13:08.043874" elapsed="0.180723"/>
</kw>
<kw name="Click Button By Automation Id">
<kw name="Click" owner="FlaUILibrary">
<arg>${CALCULATOR_WINDOW}/Pane/Button[@AutomationId="${automation_id}"]</arg>
<doc>Left click to element by an XPath.</doc>
<status status="PASS" start="2026-06-03T22:13:08.225655" elapsed="0.204875"/>
</kw>
<arg>${BUTTON_EQUAL}</arg>
<status status="PASS" start="2026-06-03T22:13:08.225094" elapsed="0.205640"/>
</kw>
<kw name="Result Should Be">
<kw name="Get Name From Element" owner="FlaUILibrary">
<msg time="2026-06-03T22:13:08.461229" level="INFO">${result} = 35</msg>
<var>${result}</var>
<arg>${DISPLAY_VALUE}</arg>
<doc>Return name value from element.</doc>
<status status="PASS" start="2026-06-03T22:13:08.431899" elapsed="0.029441"/>
</kw>
<kw name="Should Be Equal As Strings" owner="BuiltIn">
<arg>${result}</arg>
<arg>${expected}</arg>
<doc>Fails if objects are unequal after converting them to strings.</doc>
<status status="PASS" start="2026-06-03T22:13:08.461652" elapsed="0.000751"/>
</kw>
<arg>35</arg>
<status status="PASS" start="2026-06-03T22:13:08.431287" elapsed="0.031303"/>
</kw>
<kw name="Close Calculator" type="TEARDOWN">
<kw name="Run Keyword If" owner="BuiltIn">
<kw name="Close Application" owner="FlaUILibrary">
<arg>${CALCULATOR_PID}</arg>
<doc>Closes the attached application.</doc>
<status status="PASS" start="2026-06-03T22:13:08.465472" elapsed="0.022612"/>
</kw>
<arg>'${CALCULATOR_PID}' != '${EMPTY}'</arg>
<arg>Close Application</arg>
<arg>${CALCULATOR_PID}</arg>
<doc>Runs the given keyword with the given arguments, if ``condition`` is true.</doc>
<status status="PASS" start="2026-06-03T22:13:08.463812" elapsed="0.024918"/>
</kw>
<kw name="Set Test Variable" owner="BuiltIn">
<msg time="2026-06-03T22:13:08.491122" level="INFO">${CALCULATOR_PID} = </msg>
<arg>${CALCULATOR_PID}</arg>
<arg>${EMPTY}</arg>
<doc>Makes a variable available everywhere within the scope of the current test.</doc>
<status status="PASS" start="2026-06-03T22:13:08.489215" elapsed="0.002053"/>
</kw>
<status status="PASS" start="2026-06-03T22:13:08.463244" elapsed="0.028209"/>
</kw>
<status status="PASS" start="2026-06-03T22:13:06.320639" elapsed="2.171365"/>
</test>
<test id="s1-t4" name="Division In Calculator" line="51">
<kw name="Open Calculator">
<kw name="Launch Application" owner="FlaUILibrary">
<msg time="2026-06-03T22:13:08.537475" level="INFO">${pid} = 23884</msg>
<var>${pid}</var>
<arg>${CALCULATOR_EXE}</arg>
<doc>Launches an application.</doc>
<status status="PASS" start="2026-06-03T22:13:08.494835" elapsed="0.042756"/>
</kw>
<kw name="Set Test Variable" owner="BuiltIn">
<msg time="2026-06-03T22:13:08.539013" level="INFO">${CALCULATOR_PID} = 23884</msg>
<arg>${CALCULATOR_PID}</arg>
<arg>${pid}</arg>
<doc>Makes a variable available everywhere within the scope of the current test.</doc>
<status status="PASS" start="2026-06-03T22:13:08.538082" elapsed="0.001074"/>
</kw>
<kw name="Wait Until Element Exist" owner="FlaUILibrary">
<arg>${CALCULATOR_WINDOW}</arg>
<doc>Waits until element exist or timeout was reached. If timeout was reached an FlaUIError occurred.</doc>
<status status="PASS" start="2026-06-03T22:13:08.539455" elapsed="1.150445"/>
</kw>
<status status="PASS" start="2026-06-03T22:13:08.494299" elapsed="1.195971"/>
</kw>
<kw name="Click Button By Automation Id">
<kw name="Click" owner="FlaUILibrary">
<arg>${CALCULATOR_WINDOW}/Pane/Button[@AutomationId="${automation_id}"]</arg>
<doc>Left click to element by an XPath.</doc>
<status status="PASS" start="2026-06-03T22:13:09.691742" elapsed="0.176930"/>
</kw>
<arg>${BUTTON_CLEAR}</arg>
<status status="PASS" start="2026-06-03T22:13:09.690879" elapsed="0.177977"/>
</kw>
<kw name="Click Button By Automation Id">
<kw name="Click" owner="FlaUILibrary">
<arg>${CALCULATOR_WINDOW}/Pane/Button[@AutomationId="${automation_id}"]</arg>
<doc>Left click to element by an XPath.</doc>
<status status="PASS" start="2026-06-03T22:13:09.869900" elapsed="0.179736"/>
</kw>
<arg>${BUTTON_DIGIT_9}</arg>
<status status="PASS" start="2026-06-03T22:13:09.869332" elapsed="0.180574"/>
</kw>
<kw name="Click Button By Automation Id">
<kw name="Click" owner="FlaUILibrary">
<arg>${CALCULATOR_WINDOW}/Pane/Button[@AutomationId="${automation_id}"]</arg>
<doc>Left click to element by an XPath.</doc>
<status status="PASS" start="2026-06-03T22:13:10.050915" elapsed="0.197758"/>
</kw>
<arg>${BUTTON_DIVIDE}</arg>
<status status="PASS" start="2026-06-03T22:13:10.050384" elapsed="0.198507"/>
</kw>
<kw name="Click Button By Automation Id">
<kw name="Click" owner="FlaUILibrary">
<arg>${CALCULATOR_WINDOW}/Pane/Button[@AutomationId="${automation_id}"]</arg>
<doc>Left click to element by an XPath.</doc>
<status status="PASS" start="2026-06-03T22:13:10.250123" elapsed="0.189473"/>
</kw>
<arg>${BUTTON_DIGIT_3}</arg>
<status status="PASS" start="2026-06-03T22:13:10.249596" elapsed="0.190309"/>
</kw>
<kw name="Click Button By Automation Id">
<kw name="Click" owner="FlaUILibrary">
<arg>${CALCULATOR_WINDOW}/Pane/Button[@AutomationId="${automation_id}"]</arg>
<doc>Left click to element by an XPath.</doc>
<status status="PASS" start="2026-06-03T22:13:10.441500" elapsed="0.212662"/>
</kw>
<arg>${BUTTON_EQUAL}</arg>
<status status="PASS" start="2026-06-03T22:13:10.440728" elapsed="0.213644"/>
</kw>
<kw name="Result Should Be">
<kw name="Get Name From Element" owner="FlaUILibrary">
<msg time="2026-06-03T22:13:10.681403" level="INFO">${result} = 3</msg>
<var>${result}</var>
<arg>${DISPLAY_VALUE}</arg>
<doc>Return name value from element.</doc>
<status status="PASS" start="2026-06-03T22:13:10.655412" elapsed="0.026075"/>
</kw>
<kw name="Should Be Equal As Strings" owner="BuiltIn">
<arg>${result}</arg>
<arg>${expected}</arg>
<doc>Fails if objects are unequal after converting them to strings.</doc>
<status status="PASS" start="2026-06-03T22:13:10.681737" elapsed="0.000633"/>
</kw>
<arg>3</arg>
<status status="PASS" start="2026-06-03T22:13:10.654922" elapsed="0.027567"/>
</kw>
<kw name="Close Calculator" type="TEARDOWN">
<kw name="Run Keyword If" owner="BuiltIn">
<kw name="Close Application" owner="FlaUILibrary">
<arg>${CALCULATOR_PID}</arg>
<doc>Closes the attached application.</doc>
<status status="PASS" start="2026-06-03T22:13:10.684521" elapsed="0.021520"/>
</kw>
<arg>'${CALCULATOR_PID}' != '${EMPTY}'</arg>
<arg>Close Application</arg>
<arg>${CALCULATOR_PID}</arg>
<doc>Runs the given keyword with the given arguments, if ``condition`` is true.</doc>
<status status="PASS" start="2026-06-03T22:13:10.683372" elapsed="0.023665"/>
</kw>
<kw name="Set Test Variable" owner="BuiltIn">
<msg time="2026-06-03T22:13:10.709926" level="INFO">${CALCULATOR_PID} = </msg>
<arg>${CALCULATOR_PID}</arg>
<arg>${EMPTY}</arg>
<doc>Makes a variable available everywhere within the scope of the current test.</doc>
<status status="PASS" start="2026-06-03T22:13:10.707574" elapsed="0.002734"/>
</kw>
<status status="PASS" start="2026-06-03T22:13:10.682995" elapsed="0.027854"/>
</kw>
<status status="PASS" start="2026-06-03T22:13:08.493298" elapsed="2.217952"/>
</test>
<test id="s1-t5" name="Negation In Calculator" line="61">
<kw name="Open Calculator">
<kw name="Launch Application" owner="FlaUILibrary">
<msg time="2026-06-03T22:13:10.759731" level="INFO">${pid} = 15864</msg>
<var>${pid}</var>
<arg>${CALCULATOR_EXE}</arg>
<doc>Launches an application.</doc>
<status status="PASS" start="2026-06-03T22:13:10.717840" elapsed="0.042005"/>
</kw>
<kw name="Set Test Variable" owner="BuiltIn">
<msg time="2026-06-03T22:13:10.761295" level="INFO">${CALCULATOR_PID} = 15864</msg>
<arg>${CALCULATOR_PID}</arg>
<arg>${pid}</arg>
<doc>Makes a variable available everywhere within the scope of the current test.</doc>
<status status="PASS" start="2026-06-03T22:13:10.760364" elapsed="0.001050"/>
</kw>
<kw name="Wait Until Element Exist" owner="FlaUILibrary">
<arg>${CALCULATOR_WINDOW}</arg>
<doc>Waits until element exist or timeout was reached. If timeout was reached an FlaUIError occurred.</doc>
<status status="PASS" start="2026-06-03T22:13:10.761677" elapsed="1.152896"/>
</kw>
<status status="PASS" start="2026-06-03T22:13:10.717235" elapsed="1.197524"/>
</kw>
<kw name="Click Button By Automation Id">
<kw name="Click" owner="FlaUILibrary">
<arg>${CALCULATOR_WINDOW}/Pane/Button[@AutomationId="${automation_id}"]</arg>
<doc>Left click to element by an XPath.</doc>
<status status="PASS" start="2026-06-03T22:13:11.915753" elapsed="0.171050"/>
</kw>
<arg>${BUTTON_CLEAR}</arg>
<status status="PASS" start="2026-06-03T22:13:11.915220" elapsed="0.171894"/>
</kw>
<kw name="Click Button By Automation Id">
<kw name="Click" owner="FlaUILibrary">
<arg>${CALCULATOR_WINDOW}/Pane/Button[@AutomationId="${automation_id}"]</arg>
<doc>Left click to element by an XPath.</doc>
<status status="PASS" start="2026-06-03T22:13:12.088127" elapsed="0.172811"/>
</kw>
<arg>${BUTTON_DIGIT_5}</arg>
<status status="PASS" start="2026-06-03T22:13:12.087614" elapsed="0.173521"/>
</kw>
<kw name="Click Button By Automation Id">
<kw name="Click" owner="FlaUILibrary">
<arg>${CALCULATOR_WINDOW}/Pane/Button[@AutomationId="${automation_id}"]</arg>
<doc>Left click to element by an XPath.</doc>
<status status="PASS" start="2026-06-03T22:13:12.262557" elapsed="0.243674"/>
</kw>
<arg>${BUTTON_NEGATE}</arg>
<status status="PASS" start="2026-06-03T22:13:12.262061" elapsed="0.244424"/>
</kw>
<kw name="Click Button By Automation Id">
<kw name="Click" owner="FlaUILibrary">
<arg>${CALCULATOR_WINDOW}/Pane/Button[@AutomationId="${automation_id}"]</arg>
<doc>Left click to element by an XPath.</doc>
<status status="PASS" start="2026-06-03T22:13:12.507688" elapsed="0.207224"/>
</kw>
<arg>${BUTTON_ADD}</arg>
<status status="PASS" start="2026-06-03T22:13:12.507020" elapsed="0.208166"/>
</kw>
<kw name="Click Button By Automation Id">
<kw name="Click" owner="FlaUILibrary">
<arg>${CALCULATOR_WINDOW}/Pane/Button[@AutomationId="${automation_id}"]</arg>
<doc>Left click to element by an XPath.</doc>
<status status="PASS" start="2026-06-03T22:13:12.716366" elapsed="0.175214"/>
</kw>
<arg>${BUTTON_DIGIT_7}</arg>
<status status="PASS" start="2026-06-03T22:13:12.715757" elapsed="0.176172"/>
</kw>
<kw name="Click Button By Automation Id">
<kw name="Click" owner="FlaUILibrary">
<arg>${CALCULATOR_WINDOW}/Pane/Button[@AutomationId="${automation_id}"]</arg>
<doc>Left click to element by an XPath.</doc>
<status status="PASS" start="2026-06-03T22:13:12.893432" elapsed="0.236169"/>
</kw>
<arg>${BUTTON_EQUAL}</arg>
<status status="PASS" start="2026-06-03T22:13:12.892667" elapsed="0.237204"/>
</kw>
<kw name="Result Should Be">
<kw name="Get Name From Element" owner="FlaUILibrary">
<msg time="2026-06-03T22:13:13.157257" level="INFO">${result} = 2</msg>
<var>${result}</var>
<arg>${DISPLAY_VALUE}</arg>
<doc>Return name value from element.</doc>
<status status="PASS" start="2026-06-03T22:13:13.131314" elapsed="0.026042"/>
</kw>
<kw name="Should Be Equal As Strings" owner="BuiltIn">
<arg>${result}</arg>
<arg>${expected}</arg>
<doc>Fails if objects are unequal after converting them to strings.</doc>
<status status="PASS" start="2026-06-03T22:13:13.157688" elapsed="0.000834"/>
</kw>
<arg>2</arg>
<status status="PASS" start="2026-06-03T22:13:13.130668" elapsed="0.028106"/>
</kw>
<kw name="Close Calculator" type="TEARDOWN">
<kw name="Run Keyword If" owner="BuiltIn">
<kw name="Close Application" owner="FlaUILibrary">
<arg>${CALCULATOR_PID}</arg>
<doc>Closes the attached application.</doc>
<status status="PASS" start="2026-06-03T22:13:13.161354" elapsed="0.018388"/>
</kw>
<arg>'${CALCULATOR_PID}' != '${EMPTY}'</arg>
<arg>Close Application</arg>
<arg>${CALCULATOR_PID}</arg>
<doc>Runs the given keyword with the given arguments, if ``condition`` is true.</doc>
<status status="PASS" start="2026-06-03T22:13:13.160031" elapsed="0.019876"/>
</kw>
<kw name="Set Test Variable" owner="BuiltIn">
<msg time="2026-06-03T22:13:13.181215" level="INFO">${CALCULATOR_PID} = </msg>
<arg>${CALCULATOR_PID}</arg>
<arg>${EMPTY}</arg>
<doc>Makes a variable available everywhere within the scope of the current test.</doc>
<status status="PASS" start="2026-06-03T22:13:13.180131" elapsed="0.001169"/>
</kw>
<status status="PASS" start="2026-06-03T22:13:13.159491" elapsed="0.021924"/>
</kw>
<status status="PASS" start="2026-06-03T22:13:10.714115" elapsed="2.467748"/>
</test>
<status status="PASS" start="2026-06-03T22:13:00.041973" elapsed="13.140843"/>
</suite>
<statistics>
<total>
<stat pass="5" fail="0" skip="0">All Tests</stat>
</total>
<tag>
</tag>
<suite>
<stat name="Calculator Win32Calc" id="s1" pass="5" fail="0" skip="0">Calculator Win32Calc</stat>
</suite>
</statistics>
<errors>
</errors>
</robot>
