<?xml version="1.0" encoding="UTF-8"?>
<robot generator="Robot 7.4.2 (Python 3.14.5 on linux)" generated="2026-06-02T09:13:01.802751" rpa="false" schemaversion="5">
<suite id="s1" name="Kcalc Basic" source="/mnt/shared/Programming/Python/Testowanie_oprogramowania/RDY_Calculator/tests/kcalc_basic.robot">
<kw name="Open Calculator" type="SETUP">
<kw name="Start Process" owner="Process">
<msg time="2026-06-02T09:13:09.092362" level="INFO">Starting process:
kcalc</msg>
<msg time="2026-06-02T09:13:09.093704" level="INFO">${handle} = &lt;Popen: returncode: None args: ['kcalc']&gt;</msg>
<var>${handle}</var>
<arg>${KCALC_CMD}</arg>
<doc>Starts a new process on background.</doc>
<status status="PASS" start="2026-06-02T09:13:09.091779" elapsed="0.002003"/>
</kw>
<kw name="Set Suite Variable" owner="BuiltIn">
<msg time="2026-06-02T09:13:09.096303" level="INFO">${KCALC_HANDLE} = &lt;Popen: returncode: None args: ['kcalc']&gt;</msg>
<arg>${KCALC_HANDLE}</arg>
<arg>${handle}</arg>
<doc>Makes a variable available everywhere within the scope of the current suite.</doc>
<status status="PASS" start="2026-06-02T09:13:09.094058" elapsed="0.002374"/>
</kw>
<kw name="Wait Until Screen Contain" owner="Sikuli">
<msg time="2026-06-02T09:13:14.601079" level="INFO" html="true">&lt;img src='sikuli_captured/sikuliximage-1780384394326.png'/&gt;</msg>
<msg time="2026-06-02T09:13:14.601331" level="FAIL">com.github.rainmanwy.robotframework.sikulilib.exceptions.TimeoutException: Timeout happened, could not find P(/mnt/shared/Programming/Python/Testowanie_oprogramowania/RDY_Calculator/tests/../images/kcalc_window.png) S: 0.699999988079071</msg>
<arg>${IMG_WINDOW}</arg>
<arg>${TIMEOUT}</arg>
<doc>Wait until screen contain
 Wait until image shown in screen</doc>
<status status="FAIL" start="2026-06-02T09:13:09.096738" elapsed="5.504653">com.github.rainmanwy.robotframework.sikulilib.exceptions.TimeoutException: Timeout happened, could not find P(/mnt/shared/Programming/Python/Testowanie_oprogramowania/RDY_Calculator/tests/../images/kcalc_window.png) S: 0.699999988079071</status>
</kw>
<status status="FAIL" start="2026-06-02T09:13:09.090519" elapsed="5.511086">com.github.rainmanwy.robotframework.sikulilib.exceptions.TimeoutException: Timeout happened, could not find P(/mnt/shared/Programming/Python/Testowanie_oprogramowania/RDY_Calculator/tests/../images/kcalc_window.png) S: 0.699999988079071</status>
</kw>
<test id="s1-t1" name="Addition 2 + 3 = 5" line="36">
<status status="FAIL" start="2026-06-02T09:13:14.601727" elapsed="0.000523">Parent suite setup failed:
com.github.rainmanwy.robotframework.sikulilib.exceptions.TimeoutException: Timeout happened, could not find P(/mnt/shared/Programming/Python/Testowanie_oprogramowania/RDY_Calculator/tests/../images/kcalc_window.png) S: 0.699999988079071</status>
</test>
<test id="s1-t2" name="Subtraction 9 - 4 = 5" line="43">
<status status="FAIL" start="2026-06-02T09:13:14.602516" elapsed="0.000369">Parent suite setup failed:
com.github.rainmanwy.robotframework.sikulilib.exceptions.TimeoutException: Timeout happened, could not find P(/mnt/shared/Programming/Python/Testowanie_oprogramowania/RDY_Calculator/tests/../images/kcalc_window.png) S: 0.699999988079071</status>
</test>
<test id="s1-t3" name="Multiplication 6 * 7 = 42" line="50">
<status status="FAIL" start="2026-06-02T09:13:14.603128" elapsed="0.000280">Parent suite setup failed:
com.github.rainmanwy.robotframework.sikulilib.exceptions.TimeoutException: Timeout happened, could not find P(/mnt/shared/Programming/Python/Testowanie_oprogramowania/RDY_Calculator/tests/../images/kcalc_window.png) S: 0.699999988079071</status>
</test>
<test id="s1-t4" name="Division 8 / 2 = 4" line="57">
<status status="FAIL" start="2026-06-02T09:13:14.603631" elapsed="0.000276">Parent suite setup failed:
com.github.rainmanwy.robotframework.sikulilib.exceptions.TimeoutException: Timeout happened, could not find P(/mnt/shared/Programming/Python/Testowanie_oprogramowania/RDY_Calculator/tests/../images/kcalc_window.png) S: 0.699999988079071</status>
</test>
<test id="s1-t5" name="Division by zero shows error" line="64">
<status status="FAIL" start="2026-06-02T09:13:14.604112" elapsed="0.000288">Parent suite setup failed:
com.github.rainmanwy.robotframework.sikulilib.exceptions.TimeoutException: Timeout happened, could not find P(/mnt/shared/Programming/Python/Testowanie_oprogramowania/RDY_Calculator/tests/../images/kcalc_window.png) S: 0.699999988079071</status>
</test>
<kw name="Close Calculator" type="TEARDOWN">
<kw name="Terminate Process" owner="Process">
<msg time="2026-06-02T09:13:14.606643" level="INFO">Gracefully terminating process.</msg>
<msg time="2026-06-02T09:13:14.707187" level="INFO">Process completed.</msg>
<arg>${KCALC_HANDLE}</arg>
<doc>Stops the process gracefully or forcefully.</doc>
<status status="PASS" start="2026-06-02T09:13:14.605910" elapsed="0.101440"/>
</kw>
<status status="PASS" start="2026-06-02T09:13:14.605461" elapsed="0.102021"/>
</kw>
<status status="FAIL" start="2026-06-02T09:13:01.805735" elapsed="12.901797">Suite setup failed:
com.github.rainmanwy.robotframework.sikulilib.exceptions.TimeoutException: Timeout happened, could not find P(/mnt/shared/Programming/Python/Testowanie_oprogramowania/RDY_Calculator/tests/../images/kcalc_window.png) S: 0.699999988079071</status>
</suite>
<statistics>
<total>
<stat pass="0" fail="5" skip="0">All Tests</stat>
</total>
<tag>
</tag>
<suite>
<stat name="Kcalc Basic" id="s1" pass="0" fail="5" skip="0">Kcalc Basic</stat>
</suite>
</statistics>
<errors>
</errors>
</robot>
