<?xml version="1.0" encoding="UTF-8"?>
<robot generator="Robot 7.4.2 (Python 3.14.5 on win32)" generated="2026-06-03T23:58:58.092528" rpa="false" schemaversion="5">
<suite id="s1" name="Calculator Win11Calc" source="C:\Users\DudeQ\Documents\Programming\Python\Robot_framework\Testowanie_oprogramowania\Zadanie_2\Kalkulator_2\calculator_win11calc.robot">
<test id="s1-t1" name="Addition In Calculator" line="22">
<kw name="Open Calculator">
<kw name="Launch Application" owner="FlaUILibrary">
<msg time="2026-06-03T23:58:59.777429" level="INFO">${pid} = 16748</msg>
<var>${pid}</var>
<arg>${CALCULATOR_EXE}</arg>
<doc>Launches an application.</doc>
<status status="PASS" start="2026-06-03T23:58:59.429207" elapsed="0.348379"/>
</kw>
<kw name="Set Test Variable" owner="BuiltIn">
<msg time="2026-06-03T23:58:59.779063" level="INFO">${CALCULATOR_PID} = 16748</msg>
<arg>${CALCULATOR_PID}</arg>
<arg>${pid}</arg>
<doc>Makes a variable available everywhere within the scope of the current test.</doc>
<status status="PASS" start="2026-06-03T23:58:59.778331" elapsed="0.000820"/>
</kw>
<kw name="Wait Until Element Exist" owner="FlaUILibrary">
<arg>${CALCULATOR_WINDOW}</arg>
<doc>Waits until element exist or timeout was reached. If timeout was reached an FlaUIError occurred.</doc>
<status status="PASS" start="2026-06-03T23:58:59.779363" elapsed="1.237960"/>
</kw>
<status status="PASS" start="2026-06-03T23:58:59.393650" elapsed="1.623926"/>
</kw>
<kw name="Click Button By Automation Id">
<kw name="Click" owner="FlaUILibrary">
<arg>${CALCULATOR_WINDOW}//Button[@AutomationId="${automation_id}"]</arg>
<doc>Left click to element by an XPath.</doc>
<status status="PASS" start="2026-06-03T23:59:01.018826" elapsed="0.256413"/>
</kw>
<arg>${BUTTON_CLEAR}</arg>
<status status="PASS" start="2026-06-03T23:59:01.018240" elapsed="0.257255"/>
</kw>
<kw name="Click Button By Automation Id">
<kw name="Click" owner="FlaUILibrary">
<arg>${CALCULATOR_WINDOW}//Button[@AutomationId="${automation_id}"]</arg>
<doc>Left click to element by an XPath.</doc>
<status status="PASS" start="2026-06-03T23:59:01.276637" elapsed="0.194312"/>
</kw>
<arg>${BUTTON_DIGIT_5}</arg>
<status status="PASS" start="2026-06-03T23:59:01.276087" elapsed="0.195136"/>
</kw>
<kw name="Click Button By Automation Id">
<kw name="Click" owner="FlaUILibrary">
<arg>${CALCULATOR_WINDOW}//Button[@AutomationId="${automation_id}"]</arg>
<doc>Left click to element by an XPath.</doc>
<status status="PASS" start="2026-06-03T23:59:01.472321" elapsed="0.181860"/>
</kw>
<arg>${BUTTTON_ADD}</arg>
<status status="PASS" start="2026-06-03T23:59:01.471811" elapsed="0.182699"/>
</kw>
<kw name="Click Button By Automation Id">
<kw name="Click" owner="FlaUILibrary">
<arg>${CALCULATOR_WINDOW}//Button[@AutomationId="${automation_id}"]</arg>
<doc>Left click to element by an XPath.</doc>
<status status="PASS" start="2026-06-03T23:59:01.655642" elapsed="0.204951"/>
</kw>
<arg>${BUTTON_DIGIT_7}</arg>
<status status="PASS" start="2026-06-03T23:59:01.655127" elapsed="0.205784"/>
</kw>
<kw name="Click Button By Automation Id">
<kw name="Click" owner="FlaUILibrary">
<arg>${CALCULATOR_WINDOW}//Button[@AutomationId="${automation_id}"]</arg>
<doc>Left click to element by an XPath.</doc>
<status status="PASS" start="2026-06-03T23:59:01.862221" elapsed="0.179725"/>
</kw>
<arg>${BUTTON_EQUAL}</arg>
<status status="PASS" start="2026-06-03T23:59:01.861656" elapsed="0.180613"/>
</kw>
<kw name="Result Should Be">
<kw name="Get Name From Element" owner="FlaUILibrary">
<msg time="2026-06-03T23:59:02.092531" level="INFO">${result} = Display is 12</msg>
<var>${result}</var>
<arg>${DISPLAY_VALUE}</arg>
<doc>Return name value from element.</doc>
<status status="PASS" start="2026-06-03T23:59:02.043484" elapsed="0.049137"/>
</kw>
<kw name="Should Contain" owner="BuiltIn">
<arg>${result}</arg>
<arg>${expected}</arg>
<doc>Fails if ``container`` does not contain ``item`` one or more times.</doc>
<status status="PASS" start="2026-06-03T23:59:02.092907" elapsed="0.000927"/>
</kw>
<arg>12</arg>
<status status="PASS" start="2026-06-03T23:59:02.042980" elapsed="0.051130"/>
</kw>
<kw name="Close Calculator" type="TEARDOWN">
<kw name="Run Keyword And Return Status" owner="BuiltIn">
<kw name="Element Should Exist" owner="FlaUILibrary">
<arg>${CALCULATOR_WINDOW}</arg>
<doc>Checks if element exists. If element exists True will be returned otherwise False.
If element could not be found by xpath False will be returned.</doc>
<status status="PASS" start="2026-06-03T23:59:02.097099" elapsed="0.009635"/>
</kw>
<msg time="2026-06-03T23:59:02.106969" level="INFO">${exists} = True</msg>
<var>${exists}</var>
<arg>Element Should Exist</arg>
<arg>${CALCULATOR_WINDOW}</arg>
<doc>Runs the specified keyword and returns the status as a Boolean value.</doc>
<status status="PASS" start="2026-06-03T23:59:02.096218" elapsed="0.010798"/>
</kw>
<kw name="Run Keyword If" owner="BuiltIn">
<kw name="Close Window" owner="FlaUILibrary">
<arg>${CALCULATOR_WINDOW}</arg>
<doc>Try to close window from element.</doc>
<status status="PASS" start="2026-06-03T23:59:02.107731" elapsed="0.075342"/>
</kw>
<arg>${exists}</arg>
<arg>Close Window</arg>
<arg>${CALCULATOR_WINDOW}</arg>
<doc>Runs the given keyword with the given arguments, if ``condition`` is true.</doc>
<status status="PASS" start="2026-06-03T23:59:02.107214" elapsed="0.076086"/>
</kw>
<kw name="Set Test Variable" owner="BuiltIn">
<msg time="2026-06-03T23:59:02.184915" level="INFO">${CALCULATOR_PID} = </msg>
<arg>${CALCULATOR_PID}</arg>
<arg>${EMPTY}</arg>
<doc>Makes a variable available everywhere within the scope of the current test.</doc>
<status status="PASS" start="2026-06-03T23:59:02.183605" elapsed="0.001401"/>
</kw>
<kw name="Run Keyword If" owner="BuiltIn">
<arg>'${CALCULATOR_PID}' != '${EMPTY}'</arg>
<arg>Close Application</arg>
<arg>${CALCULATOR_PID}</arg>
<doc>Runs the given keyword with the given arguments, if ``condition`` is true.</doc>
<status status="PASS" start="2026-06-03T23:59:02.185278" elapsed="0.001197"/>
</kw>
<kw name="Set Test Variable" owner="BuiltIn">
<msg time="2026-06-03T23:59:02.188182" level="INFO">${CALCULATOR_PID} = </msg>
<arg>${CALCULATOR_PID}</arg>
<arg>${EMPTY}</arg>
<doc>Makes a variable available everywhere within the scope of the current test.</doc>
<status status="PASS" start="2026-06-03T23:59:02.186835" elapsed="0.001446"/>
</kw>
<status status="PASS" start="2026-06-03T23:59:02.095463" elapsed="0.093008"/>
</kw>
<status status="PASS" start="2026-06-03T23:58:59.392178" elapsed="2.796900"/>
</test>
<test id="s1-t2" name="Subtraction In Calculator" line="32">
<kw name="Open Calculator">
<kw name="Launch Application" owner="FlaUILibrary">
<msg time="2026-06-03T23:59:02.253162" level="INFO">${pid} = 23320</msg>
<var>${pid}</var>
<arg>${CALCULATOR_EXE}</arg>
<doc>Launches an application.</doc>
<status status="PASS" start="2026-06-03T23:59:02.192819" elapsed="0.060444"/>
</kw>
<kw name="Set Test Variable" owner="BuiltIn">
<msg time="2026-06-03T23:59:02.254259" level="INFO">${CALCULATOR_PID} = 23320</msg>
<arg>${CALCULATOR_PID}</arg>
<arg>${pid}</arg>
<doc>Makes a variable available everywhere within the scope of the current test.</doc>
<status status="PASS" start="2026-06-03T23:59:02.253591" elapsed="0.000761"/>
</kw>
<kw name="Wait Until Element Exist" owner="FlaUILibrary">
<arg>${CALCULATOR_WINDOW}</arg>
<doc>Waits until element exist or timeout was reached. If timeout was reached an FlaUIError occurred.</doc>
<status status="PASS" start="2026-06-03T23:59:02.254581" elapsed="1.264957"/>
</kw>
<status status="PASS" start="2026-06-03T23:59:02.192234" elapsed="1.327471"/>
</kw>
<kw name="Click Button By Automation Id">
<kw name="Click" owner="FlaUILibrary">
<arg>${CALCULATOR_WINDOW}//Button[@AutomationId="${automation_id}"]</arg>
<doc>Left click to element by an XPath.</doc>
<status status="PASS" start="2026-06-03T23:59:03.520642" elapsed="0.300521"/>
</kw>
<arg>${BUTTON_CLEAR}</arg>
<status status="PASS" start="2026-06-03T23:59:03.520155" elapsed="0.301185"/>
</kw>
<kw name="Click Button By Automation Id">
<kw name="Click" owner="FlaUILibrary">
<arg>${CALCULATOR_WINDOW}//Button[@AutomationId="${automation_id}"]</arg>
<doc>Left click to element by an XPath.</doc>
<status status="PASS" start="2026-06-03T23:59:03.822435" elapsed="0.267738"/>
</kw>
<arg>${BUTTON_DIGIT_7}</arg>
<status status="PASS" start="2026-06-03T23:59:03.821924" elapsed="0.268549"/>
</kw>
<kw name="Click Button By Automation Id">
<kw name="Click" owner="FlaUILibrary">
<arg>${CALCULATOR_WINDOW}//Button[@AutomationId="${automation_id}"]</arg>
<doc>Left click to element by an XPath.</doc>
<status status="PASS" start="2026-06-03T23:59:04.091583" elapsed="0.335650"/>
</kw>
<arg>${BUTTON_SUBTRACT}</arg>
<status status="PASS" start="2026-06-03T23:59:04.091110" elapsed="0.336616"/>
</kw>
<kw name="Click Button By Automation Id">
<kw name="Click" owner="FlaUILibrary">
<arg>${CALCULATOR_WINDOW}//Button[@AutomationId="${automation_id}"]</arg>
<doc>Left click to element by an XPath.</doc>
<status status="PASS" start="2026-06-03T23:59:04.429037" elapsed="0.195675"/>
</kw>
<arg>${BUTTON_DIGIT_5}</arg>
<status status="PASS" start="2026-06-03T23:59:04.428485" elapsed="0.196751"/>
</kw>
<kw name="Click Button By Automation Id">
<kw name="Click" owner="FlaUILibrary">
<arg>${CALCULATOR_WINDOW}//Button[@AutomationId="${automation_id}"]</arg>
<doc>Left click to element by an XPath.</doc>
<status status="PASS" start="2026-06-03T23:59:04.626619" elapsed="0.185571"/>
</kw>
<arg>${BUTTON_EQUAL}</arg>
<status status="PASS" start="2026-06-03T23:59:04.626077" elapsed="0.186368"/>
</kw>
<kw name="Result Should Be">
<kw name="Get Name From Element" owner="FlaUILibrary">
<msg time="2026-06-03T23:59:04.847209" level="INFO">${result} = Display is 5</msg>
<var>${result}</var>
<arg>${DISPLAY_VALUE}</arg>
<doc>Return name value from element.</doc>
<status status="PASS" start="2026-06-03T23:59:04.813869" elapsed="0.033437"/>
</kw>
<kw name="Should Contain" owner="BuiltIn">
<msg time="2026-06-03T23:59:04.848409" level="FAIL">'Display is 5' does not contain '2'</msg>
<arg>${result}</arg>
<arg>${expected}</arg>
<doc>Fails if ``container`` does not contain ``item`` one or more times.</doc>
<status status="FAIL" start="2026-06-03T23:59:04.847612" elapsed="0.001208">'Display is 5' does not contain '2'</status>
</kw>
<arg>2</arg>
<status status="FAIL" start="2026-06-03T23:59:04.813202" elapsed="0.035956">'Display is 5' does not contain '2'</status>
</kw>
<kw name="Close Calculator" type="TEARDOWN">
<kw name="Run Keyword And Return Status" owner="BuiltIn">
<kw name="Element Should Exist" owner="FlaUILibrary">
<arg>${CALCULATOR_WINDOW}</arg>
<doc>Checks if element exists. If element exists True will be returned otherwise False.
If element could not be found by xpath False will be returned.</doc>
<status status="PASS" start="2026-06-03T23:59:04.851125" elapsed="0.011284"/>
</kw>
<msg time="2026-06-03T23:59:04.862814" level="INFO">${exists} = True</msg>
<var>${exists}</var>
<arg>Element Should Exist</arg>
<arg>${CALCULATOR_WINDOW}</arg>
<doc>Runs the specified keyword and returns the status as a Boolean value.</doc>
<status status="PASS" start="2026-06-03T23:59:04.850709" elapsed="0.012187"/>
</kw>
<kw name="Run Keyword If" owner="BuiltIn">
<kw name="Close Window" owner="FlaUILibrary">
<arg>${CALCULATOR_WINDOW}</arg>
<doc>Try to close window from element.</doc>
<status status="PASS" start="2026-06-03T23:59:04.864214" elapsed="0.023527"/>
</kw>
<arg>${exists}</arg>
<arg>Close Window</arg>
<arg>${CALCULATOR_WINDOW}</arg>
<doc>Runs the given keyword with the given arguments, if ``condition`` is true.</doc>
<status status="PASS" start="2026-06-03T23:59:04.863270" elapsed="0.024724"/>
</kw>
<kw name="Set Test Variable" owner="BuiltIn">
<msg time="2026-06-03T23:59:04.889504" level="INFO">${CALCULATOR_PID} = </msg>
<arg>${CALCULATOR_PID}</arg>
<arg>${EMPTY}</arg>
<doc>Makes a variable available everywhere within the scope of the current test.</doc>
<status status="PASS" start="2026-06-03T23:59:04.888306" elapsed="0.001290"/>
</kw>
<kw name="Run Keyword If" owner="BuiltIn">
<arg>'${CALCULATOR_PID}' != '${EMPTY}'</arg>
<arg>Close Application</arg>
<arg>${CALCULATOR_PID}</arg>
<doc>Runs the given keyword with the given arguments, if ``condition`` is true.</doc>
<status status="PASS" start="2026-06-03T23:59:04.889815" elapsed="0.000982"/>
</kw>
<kw name="Set Test Variable" owner="BuiltIn">
<msg time="2026-06-03T23:59:04.891974" level="INFO">${CALCULATOR_PID} = </msg>
<arg>${CALCULATOR_PID}</arg>
<arg>${EMPTY}</arg>
<doc>Makes a variable available everywhere within the scope of the current test.</doc>
<status status="PASS" start="2026-06-03T23:59:04.890997" elapsed="0.001078"/>
</kw>
<status status="PASS" start="2026-06-03T23:59:04.850307" elapsed="0.041901"/>
</kw>
<status status="FAIL" start="2026-06-03T23:59:02.191281" elapsed="2.701311">'Display is 5' does not contain '2'</status>
</test>
<test id="s1-t3" name="Multiplication In Calculator" line="41">
<kw name="Open Calculator">
<kw name="Launch Application" owner="FlaUILibrary">
<msg time="2026-06-03T23:59:04.962103" level="INFO">${pid} = 23136</msg>
<var>${pid}</var>
<arg>${CALCULATOR_EXE}</arg>
<doc>Launches an application.</doc>
<status status="PASS" start="2026-06-03T23:59:04.898107" elapsed="0.064146"/>
</kw>
<kw name="Set Test Variable" owner="BuiltIn">
<msg time="2026-06-03T23:59:04.963813" level="INFO">${CALCULATOR_PID} = 23136</msg>
<arg>${CALCULATOR_PID}</arg>
<arg>${pid}</arg>
<doc>Makes a variable available everywhere within the scope of the current test.</doc>
<status status="PASS" start="2026-06-03T23:59:04.962768" elapsed="0.001197"/>
</kw>
<kw name="Wait Until Element Exist" owner="FlaUILibrary">
<arg>${CALCULATOR_WINDOW}</arg>
<doc>Waits until element exist or timeout was reached. If timeout was reached an FlaUIError occurred.</doc>
<status status="PASS" start="2026-06-03T23:59:04.964396" elapsed="1.143560"/>
</kw>
<status status="PASS" start="2026-06-03T23:59:04.897357" elapsed="1.210820"/>
</kw>
<kw name="Click Button By Automation Id">
<kw name="Click" owner="FlaUILibrary">
<arg>${CALCULATOR_WINDOW}//Button[@AutomationId="${automation_id}"]</arg>
<doc>Left click to element by an XPath.</doc>
<status status="PASS" start="2026-06-03T23:59:06.109476" elapsed="0.212842"/>
</kw>
<arg>${BUTTON_CLEAR}</arg>
<status status="PASS" start="2026-06-03T23:59:06.108818" elapsed="0.213728"/>
</kw>
<kw name="Click Button By Automation Id">
<kw name="Click" owner="FlaUILibrary">
<arg>${CALCULATOR_WINDOW}//Button[@AutomationId="${automation_id}"]</arg>
<doc>Left click to element by an XPath.</doc>
<status status="PASS" start="2026-06-03T23:59:06.323733" elapsed="0.189229"/>
</kw>
<arg>${BUTTON_DIGIT_7}</arg>
<status status="PASS" start="2026-06-03T23:59:06.323163" elapsed="0.190157"/>
</kw>
<kw name="Click Button By Automation Id">
<kw name="Click" owner="FlaUILibrary">
<arg>${CALCULATOR_WINDOW}//Button[@AutomationId="${automation_id}"]</arg>
<doc>Left click to element by an XPath.</doc>
<status status="PASS" start="2026-06-03T23:59:06.514725" elapsed="0.182327"/>
</kw>
<arg>${BUTTON_MULTIPLY}</arg>
<status status="PASS" start="2026-06-03T23:59:06.514028" elapsed="0.183330"/>
</kw>
<kw name="Click Button By Automation Id">
<kw name="Click" owner="FlaUILibrary">
<arg>${CALCULATOR_WINDOW}//Button[@AutomationId="${automation_id}"]</arg>
<doc>Left click to element by an XPath.</doc>
<status status="PASS" start="2026-06-03T23:59:06.698533" elapsed="0.190622"/>
</kw>
<arg>${BUTTON_DIGIT_5}</arg>
<status status="PASS" start="2026-06-03T23:59:06.697944" elapsed="0.191450"/>
</kw>
<kw name="Click Button By Automation Id">
<kw name="Click" owner="FlaUILibrary">
<arg>${CALCULATOR_WINDOW}//Button[@AutomationId="${automation_id}"]</arg>
<doc>Left click to element by an XPath.</doc>
<status status="PASS" start="2026-06-03T23:59:06.890528" elapsed="0.183817"/>
</kw>
<arg>${BUTTON_EQUAL}</arg>
<status status="PASS" start="2026-06-03T23:59:06.890003" elapsed="0.184640"/>
</kw>
<kw name="Result Should Be">
<kw name="Get Name From Element" owner="FlaUILibrary">
<msg time="2026-06-03T23:59:07.106273" level="INFO">${result} = Display is 35</msg>
<var>${result}</var>
<arg>${DISPLAY_VALUE}</arg>
<doc>Return name value from element.</doc>
<status status="PASS" start="2026-06-03T23:59:07.075738" elapsed="0.030627"/>
</kw>
<kw name="Should Contain" owner="BuiltIn">
<arg>${result}</arg>
<arg>${expected}</arg>
<doc>Fails if ``container`` does not contain ``item`` one or more times.</doc>
<status status="PASS" start="2026-06-03T23:59:07.106657" elapsed="0.000648"/>
</kw>
<arg>35</arg>
<status status="PASS" start="2026-06-03T23:59:07.075272" elapsed="0.032152"/>
</kw>
<kw name="Close Calculator" type="TEARDOWN">
<kw name="Run Keyword And Return Status" owner="BuiltIn">
<kw name="Element Should Exist" owner="FlaUILibrary">
<arg>${CALCULATOR_WINDOW}</arg>
<doc>Checks if element exists. If element exists True will be returned otherwise False.
If element could not be found by xpath False will be returned.</doc>
<status status="PASS" start="2026-06-03T23:59:07.109588" elapsed="0.009045"/>
</kw>
<msg time="2026-06-03T23:59:07.118896" level="INFO">${exists} = True</msg>
<var>${exists}</var>
<arg>Element Should Exist</arg>
<arg>${CALCULATOR_WINDOW}</arg>
<doc>Runs the specified keyword and returns the status as a Boolean value.</doc>
<status status="PASS" start="2026-06-03T23:59:07.109107" elapsed="0.009835"/>
</kw>
<kw name="Run Keyword If" owner="BuiltIn">
<kw name="Close Window" owner="FlaUILibrary">
<arg>${CALCULATOR_WINDOW}</arg>
<doc>Try to close window from element.</doc>
<status status="PASS" start="2026-06-03T23:59:07.119708" elapsed="0.036705"/>
</kw>
<arg>${exists}</arg>
<arg>Close Window</arg>
<arg>${CALCULATOR_WINDOW}</arg>
<doc>Runs the given keyword with the given arguments, if ``condition`` is true.</doc>
<status status="PASS" start="2026-06-03T23:59:07.119164" elapsed="0.037507"/>
</kw>
<kw name="Set Test Variable" owner="BuiltIn">
<msg time="2026-06-03T23:59:07.158487" level="INFO">${CALCULATOR_PID} = </msg>
<arg>${CALCULATOR_PID}</arg>
<arg>${EMPTY}</arg>
<doc>Makes a variable available everywhere within the scope of the current test.</doc>
<status status="PASS" start="2026-06-03T23:59:07.156948" elapsed="0.001634"/>
</kw>
<kw name="Run Keyword If" owner="BuiltIn">
<arg>'${CALCULATOR_PID}' != '${EMPTY}'</arg>
<arg>Close Application</arg>
<arg>${CALCULATOR_PID}</arg>
<doc>Runs the given keyword with the given arguments, if ``condition`` is true.</doc>
<status status="PASS" start="2026-06-03T23:59:07.158836" elapsed="0.001282"/>
</kw>
<kw name="Set Test Variable" owner="BuiltIn">
<msg time="2026-06-03T23:59:07.162183" level="INFO">${CALCULATOR_PID} = </msg>
<arg>${CALCULATOR_PID}</arg>
<arg>${EMPTY}</arg>
<doc>Makes a variable available everywhere within the scope of the current test.</doc>
<status status="PASS" start="2026-06-03T23:59:07.160834" elapsed="0.001477"/>
</kw>
<status status="PASS" start="2026-06-03T23:59:07.108251" elapsed="0.054257"/>
</kw>
<status status="PASS" start="2026-06-03T23:59:04.896207" elapsed="2.266874"/>
</test>
<test id="s1-t4" name="Division In Calculator" line="50">
<kw name="Open Calculator">
<kw name="Launch Application" owner="FlaUILibrary">
<msg time="2026-06-03T23:59:07.244650" level="INFO">${pid} = 15440</msg>
<var>${pid}</var>
<arg>${CALCULATOR_EXE}</arg>
<doc>Launches an application.</doc>
<status status="PASS" start="2026-06-03T23:59:07.167414" elapsed="0.077388"/>
</kw>
<kw name="Set Test Variable" owner="BuiltIn">
<msg time="2026-06-03T23:59:07.246213" level="INFO">${CALCULATOR_PID} = 15440</msg>
<arg>${CALCULATOR_PID}</arg>
<arg>${pid}</arg>
<doc>Makes a variable available everywhere within the scope of the current test.</doc>
<status status="PASS" start="2026-06-03T23:59:07.245256" elapsed="0.001105"/>
</kw>
<kw name="Wait Until Element Exist" owner="FlaUILibrary">
<arg>${CALCULATOR_WINDOW}</arg>
<doc>Waits until element exist or timeout was reached. If timeout was reached an FlaUIError occurred.</doc>
<status status="PASS" start="2026-06-03T23:59:07.246711" elapsed="1.114975"/>
</kw>
<status status="PASS" start="2026-06-03T23:59:07.166933" elapsed="1.194980"/>
</kw>
<kw name="Click Button By Automation Id">
<kw name="Click" owner="FlaUILibrary">
<arg>${CALCULATOR_WINDOW}//Button[@AutomationId="${automation_id}"]</arg>
<doc>Left click to element by an XPath.</doc>
<status status="PASS" start="2026-06-03T23:59:08.363042" elapsed="0.229667"/>
</kw>
<arg>${BUTTON_CLEAR}</arg>
<status status="PASS" start="2026-06-03T23:59:08.362479" elapsed="0.230466"/>
</kw>
<kw name="Click Button By Automation Id">
<kw name="Click" owner="FlaUILibrary">
<arg>${CALCULATOR_WINDOW}//Button[@AutomationId="${automation_id}"]</arg>
<doc>Left click to element by an XPath.</doc>
<status status="PASS" start="2026-06-03T23:59:08.594248" elapsed="0.200119"/>
</kw>
<arg>${BUTTON_DIGIT_9}</arg>
<status status="PASS" start="2026-06-03T23:59:08.593524" elapsed="0.201189"/>
</kw>
<kw name="Click Button By Automation Id">
<kw name="Click" owner="FlaUILibrary">
<arg>${CALCULATOR_WINDOW}//Button[@AutomationId="${automation_id}"]</arg>
<doc>Left click to element by an XPath.</doc>
<status status="PASS" start="2026-06-03T23:59:08.796019" elapsed="0.175178"/>
</kw>
<arg>${BUTTON_DIVIDE}</arg>
<status status="PASS" start="2026-06-03T23:59:08.795465" elapsed="0.175980"/>
</kw>
<kw name="Click Button By Automation Id">
<kw name="Click" owner="FlaUILibrary">
<arg>${CALCULATOR_WINDOW}//Button[@AutomationId="${automation_id}"]</arg>
<doc>Left click to element by an XPath.</doc>
<status status="PASS" start="2026-06-03T23:59:08.972526" elapsed="0.206225"/>
</kw>
<arg>${BUTTON_DIGIT_3}</arg>
<status status="PASS" start="2026-06-03T23:59:08.972019" elapsed="0.206976"/>
</kw>
<kw name="Click Button By Automation Id">
<kw name="Click" owner="FlaUILibrary">
<arg>${CALCULATOR_WINDOW}//Button[@AutomationId="${automation_id}"]</arg>
<doc>Left click to element by an XPath.</doc>
<status status="PASS" start="2026-06-03T23:59:09.180236" elapsed="0.183673"/>
</kw>
<arg>${BUTTON_EQUAL}</arg>
<status status="PASS" start="2026-06-03T23:59:09.179765" elapsed="0.184446"/>
</kw>
<kw name="Result Should Be">
<kw name="Get Name From Element" owner="FlaUILibrary">
<msg time="2026-06-03T23:59:09.396485" level="INFO">${result} = Display is 3</msg>
<var>${result}</var>
<arg>${DISPLAY_VALUE}</arg>
<doc>Return name value from element.</doc>
<status status="PASS" start="2026-06-03T23:59:09.365446" elapsed="0.031156"/>
</kw>
<kw name="Should Contain" owner="BuiltIn">
<arg>${result}</arg>
<arg>${expected}</arg>
<doc>Fails if ``container`` does not contain ``item`` one or more times.</doc>
<status status="PASS" start="2026-06-03T23:59:09.396969" elapsed="0.001020"/>
</kw>
<arg>3</arg>
<status status="PASS" start="2026-06-03T23:59:09.364845" elapsed="0.033283"/>
</kw>
<kw name="Close Calculator" type="TEARDOWN">
<kw name="Run Keyword And Return Status" owner="BuiltIn">
<kw name="Element Should Exist" owner="FlaUILibrary">
<arg>${CALCULATOR_WINDOW}</arg>
<doc>Checks if element exists. If element exists True will be returned otherwise False.
If element could not be found by xpath False will be returned.</doc>
<status status="PASS" start="2026-06-03T23:59:09.399672" elapsed="0.007367"/>
</kw>
<msg time="2026-06-03T23:59:09.407243" level="INFO">${exists} = True</msg>
<var>${exists}</var>
<arg>Element Should Exist</arg>
<arg>${CALCULATOR_WINDOW}</arg>
<doc>Runs the specified keyword and returns the status as a Boolean value.</doc>
<status status="PASS" start="2026-06-03T23:59:09.399252" elapsed="0.008032"/>
</kw>
<kw name="Run Keyword If" owner="BuiltIn">
<kw name="Close Window" owner="FlaUILibrary">
<arg>${CALCULATOR_WINDOW}</arg>
<doc>Try to close window from element.</doc>
<status status="PASS" start="2026-06-03T23:59:09.407919" elapsed="0.022348"/>
</kw>
<arg>${exists}</arg>
<arg>Close Window</arg>
<arg>${CALCULATOR_WINDOW}</arg>
<doc>Runs the given keyword with the given arguments, if ``condition`` is true.</doc>
<status status="PASS" start="2026-06-03T23:59:09.407462" elapsed="0.023229"/>
</kw>
<kw name="Set Test Variable" owner="BuiltIn">
<msg time="2026-06-03T23:59:09.432641" level="INFO">${CALCULATOR_PID} = </msg>
<arg>${CALCULATOR_PID}</arg>
<arg>${EMPTY}</arg>
<doc>Makes a variable available everywhere within the scope of the current test.</doc>
<status status="PASS" start="2026-06-03T23:59:09.431118" elapsed="0.001659"/>
</kw>
<kw name="Run Keyword If" owner="BuiltIn">
<arg>'${CALCULATOR_PID}' != '${EMPTY}'</arg>
<arg>Close Application</arg>
<arg>${CALCULATOR_PID}</arg>
<doc>Runs the given keyword with the given arguments, if ``condition`` is true.</doc>
<status status="PASS" start="2026-06-03T23:59:09.433098" elapsed="0.001190"/>
</kw>
<kw name="Set Test Variable" owner="BuiltIn">
<msg time="2026-06-03T23:59:09.435714" level="INFO">${CALCULATOR_PID} = </msg>
<arg>${CALCULATOR_PID}</arg>
<arg>${EMPTY}</arg>
<doc>Makes a variable available everywhere within the scope of the current test.</doc>
<status status="PASS" start="2026-06-03T23:59:09.434554" elapsed="0.001281"/>
</kw>
<status status="PASS" start="2026-06-03T23:59:09.398804" elapsed="0.037232"/>
</kw>
<status status="PASS" start="2026-06-03T23:59:07.165669" elapsed="2.272280"/>
</test>
<test id="s1-t5" name="Negation In Calculator" line="59">
<kw name="Open Calculator">
<kw name="Launch Application" owner="FlaUILibrary">
<msg time="2026-06-03T23:59:09.523279" level="INFO">${pid} = 24404</msg>
<var>${pid}</var>
<arg>${CALCULATOR_EXE}</arg>
<doc>Launches an application.</doc>
<status status="PASS" start="2026-06-03T23:59:09.442670" elapsed="0.080701"/>
</kw>
<kw name="Set Test Variable" owner="BuiltIn">
<msg time="2026-06-03T23:59:09.524518" level="INFO">${CALCULATOR_PID} = 24404</msg>
<arg>${CALCULATOR_PID}</arg>
<arg>${pid}</arg>
<doc>Makes a variable available everywhere within the scope of the current test.</doc>
<status status="PASS" start="2026-06-03T23:59:09.523721" elapsed="0.000935"/>
</kw>
<kw name="Wait Until Element Exist" owner="FlaUILibrary">
<arg>${CALCULATOR_WINDOW}</arg>
<doc>Waits until element exist or timeout was reached. If timeout was reached an FlaUIError occurred.</doc>
<status status="PASS" start="2026-06-03T23:59:09.524972" elapsed="1.077992"/>
</kw>
<status status="PASS" start="2026-06-03T23:59:09.442056" elapsed="1.161127"/>
</kw>
<kw name="Click Button By Automation Id">
<kw name="Click" owner="FlaUILibrary">
<arg>${CALCULATOR_WINDOW}//Button[@AutomationId="${automation_id}"]</arg>
<doc>Left click to element by an XPath.</doc>
<status status="PASS" start="2026-06-03T23:59:10.604201" elapsed="0.230208"/>
</kw>
<arg>${BUTTON_CLEAR}</arg>
<status status="PASS" start="2026-06-03T23:59:10.603679" elapsed="0.231001"/>
</kw>
<kw name="Click Button By Automation Id">
<kw name="Click" owner="FlaUILibrary">
<arg>${CALCULATOR_WINDOW}//Button[@AutomationId="${automation_id}"]</arg>
<doc>Left click to element by an XPath.</doc>
<status status="PASS" start="2026-06-03T23:59:10.835796" elapsed="0.191551"/>
</kw>
<arg>${BUTTON_DIGIT_5}</arg>
<status status="PASS" start="2026-06-03T23:59:10.835284" elapsed="0.192361"/>
</kw>
<kw name="Click Button By Automation Id">
<kw name="Click" owner="FlaUILibrary">
<arg>${CALCULATOR_WINDOW}//Button[@AutomationId="${automation_id}"]</arg>
<doc>Left click to element by an XPath.</doc>
<status status="PASS" start="2026-06-03T23:59:11.028897" elapsed="0.197656"/>
</kw>
<arg>${BUTTON_NEGATE}</arg>
<status status="PASS" start="2026-06-03T23:59:11.028253" elapsed="0.198530"/>
</kw>
<kw name="Click Button By Automation Id">
<kw name="Click" owner="FlaUILibrary">
<arg>${CALCULATOR_WINDOW}//Button[@AutomationId="${automation_id}"]</arg>
<doc>Left click to element by an XPath.</doc>
<status status="PASS" start="2026-06-03T23:59:11.227889" elapsed="0.180546"/>
</kw>
<arg>${BUTTTON_ADD}</arg>
<status status="PASS" start="2026-06-03T23:59:11.227417" elapsed="0.181285"/>
</kw>
<kw name="Click Button By Automation Id">
<kw name="Click" owner="FlaUILibrary">
<arg>${CALCULATOR_WINDOW}//Button[@AutomationId="${automation_id}"]</arg>
<doc>Left click to element by an XPath.</doc>
<status status="PASS" start="2026-06-03T23:59:11.409784" elapsed="0.182347"/>
</kw>
<arg>${BUTTON_DIGIT_7}</arg>
<status status="PASS" start="2026-06-03T23:59:11.409256" elapsed="0.183133"/>
</kw>
<kw name="Click Button By Automation Id">
<kw name="Click" owner="FlaUILibrary">
<arg>${CALCULATOR_WINDOW}//Button[@AutomationId="${automation_id}"]</arg>
<doc>Left click to element by an XPath.</doc>
<status status="PASS" start="2026-06-03T23:59:11.593435" elapsed="0.190572"/>
</kw>
<arg>${BUTTON_EQUAL}</arg>
<status status="PASS" start="2026-06-03T23:59:11.592945" elapsed="0.191534"/>
</kw>
<kw name="Result Should Be">
<kw name="Get Name From Element" owner="FlaUILibrary">
<msg time="2026-06-03T23:59:11.818029" level="INFO">${result} = Display is 2</msg>
<var>${result}</var>
<arg>${DISPLAY_VALUE}</arg>
<doc>Return name value from element.</doc>
<status status="PASS" start="2026-06-03T23:59:11.785772" elapsed="0.032347"/>
</kw>
<kw name="Should Contain" owner="BuiltIn">
<arg>${result}</arg>
<arg>${expected}</arg>
<doc>Fails if ``container`` does not contain ``item`` one or more times.</doc>
<status status="PASS" start="2026-06-03T23:59:11.818422" elapsed="0.000751"/>
</kw>
<arg>2</arg>
<status status="PASS" start="2026-06-03T23:59:11.785282" elapsed="0.034086"/>
</kw>
<kw name="Close Calculator" type="TEARDOWN">
<kw name="Run Keyword And Return Status" owner="BuiltIn">
<kw name="Element Should Exist" owner="FlaUILibrary">
<arg>${CALCULATOR_WINDOW}</arg>
<doc>Checks if element exists. If element exists True will be returned otherwise False.
If element could not be found by xpath False will be returned.</doc>
<status status="PASS" start="2026-06-03T23:59:11.821062" elapsed="0.009794"/>
</kw>
<msg time="2026-06-03T23:59:11.831120" level="INFO">${exists} = True</msg>
<var>${exists}</var>
<arg>Element Should Exist</arg>
<arg>${CALCULATOR_WINDOW}</arg>
<doc>Runs the specified keyword and returns the status as a Boolean value.</doc>
<status status="PASS" start="2026-06-03T23:59:11.820602" elapsed="0.010568"/>
</kw>
<kw name="Run Keyword If" owner="BuiltIn">
<kw name="Close Window" owner="FlaUILibrary">
<arg>${CALCULATOR_WINDOW}</arg>
<doc>Try to close window from element.</doc>
<status status="PASS" start="2026-06-03T23:59:11.831943" elapsed="0.020967"/>
</kw>
<arg>${exists}</arg>
<arg>Close Window</arg>
<arg>${CALCULATOR_WINDOW}</arg>
<doc>Runs the given keyword with the given arguments, if ``condition`` is true.</doc>
<status status="PASS" start="2026-06-03T23:59:11.831401" elapsed="0.021751"/>
</kw>
<kw name="Set Test Variable" owner="BuiltIn">
<msg time="2026-06-03T23:59:11.855298" level="INFO">${CALCULATOR_PID} = </msg>
<arg>${CALCULATOR_PID}</arg>
<arg>${EMPTY}</arg>
<doc>Makes a variable available everywhere within the scope of the current test.</doc>
<status status="PASS" start="2026-06-03T23:59:11.853466" elapsed="0.001967"/>
</kw>
<kw name="Run Keyword If" owner="BuiltIn">
<arg>'${CALCULATOR_PID}' != '${EMPTY}'</arg>
<arg>Close Application</arg>
<arg>${CALCULATOR_PID}</arg>
<doc>Runs the given keyword with the given arguments, if ``condition`` is true.</doc>
<status status="PASS" start="2026-06-03T23:59:11.855736" elapsed="0.001281"/>
</kw>
<kw name="Set Test Variable" owner="BuiltIn">
<msg time="2026-06-03T23:59:11.858546" level="INFO">${CALCULATOR_PID} = </msg>
<arg>${CALCULATOR_PID}</arg>
<arg>${EMPTY}</arg>
<doc>Makes a variable available everywhere within the scope of the current test.</doc>
<status status="PASS" start="2026-06-03T23:59:11.857305" elapsed="0.001339"/>
</kw>
<status status="PASS" start="2026-06-03T23:59:11.820095" elapsed="0.038713"/>
</kw>
<status status="PASS" start="2026-06-03T23:59:09.440378" elapsed="2.424972"/>
</test>
<status status="FAIL" start="2026-06-03T23:58:58.096791" elapsed="13.770129"/>
</suite>
<statistics>
<total>
<stat pass="4" fail="1" skip="0">All Tests</stat>
</total>
<tag>
</tag>
<suite>
<stat name="Calculator Win11Calc" id="s1" pass="4" fail="1" skip="0">Calculator Win11Calc</stat>
</suite>
</statistics>
<errors>
</errors>
</robot>
