<?xml version="1.0" encoding="UTF-8"?>
<robot generator="Robot 7.4.2 (Python 3.14.5 on win32)" generated="2026-06-08T21:18:14.371210" rpa="false" schemaversion="5">
<suite id="s1" name="Friend_Test" source="C:\Users\DudeQ\Documents\Programming\Python\Robot_framework\Testowanie_oprogramowania\Zadanie_3\Horizon\workinghorizonfromafriend.robot">
<test id="s1-t1" name="Test Dodawania Horizon" line="13">
<kw name="Start Process" owner="Process">
<msg time="2026-06-08T21:18:14.895502" level="INFO">Starting process:
C:\Users\DudeQ\Documents\Programming\Python\Robot_framework\Testowanie_oprogramowania\Zadanie_3\Horizon\calc.exe</msg>
<arg>${APP}</arg>
<doc>Starts a new process on background.</doc>
<status status="PASS" start="2026-06-08T21:18:14.895056" elapsed="0.042719"/>
</kw>
<kw name="Set Reference Folder" owner="ImageHorizonLibrary">
<arg>${IMAGE_FOLDER}</arg>
<doc>Sets where all reference images are stored.</doc>
<status status="PASS" start="2026-06-08T21:18:14.938181" elapsed="0.000444"/>
</kw>
<kw name="Run Keyword And Ignore Error" owner="BuiltIn">
<kw name="Set Confidence" owner="ImageHorizonLibrary">
<arg>0.8</arg>
<doc>Sets the accuracy when finding images.</doc>
<status status="PASS" start="2026-06-08T21:18:14.939305" elapsed="0.000121"/>
</kw>
<arg>Set Confidence</arg>
<arg>0.8</arg>
<doc>Runs the given keyword with the given arguments and ignores possible error.</doc>
<status status="PASS" start="2026-06-08T21:18:14.938812" elapsed="0.000683"/>
</kw>
<kw name="Sleep" owner="BuiltIn">
<msg time="2026-06-08T21:18:19.940649" level="INFO">Slept 5 seconds.</msg>
<arg>5s</arg>
<doc>Pauses the test executed for the given time.</doc>
<status status="PASS" start="2026-06-08T21:18:14.939659" elapsed="5.001326"/>
</kw>
<kw name="Click Image" owner="ImageHorizonLibrary">
<msg time="2026-06-08T21:18:20.197317" level="FAIL">ImageNotFoundException</msg>
<arg>6_2.png</arg>
<doc>Finds the reference image on screen and clicks it once.</doc>
<status status="FAIL" start="2026-06-08T21:18:19.941347" elapsed="0.260337">ImageNotFoundException</status>
</kw>
<kw name="Click Image" owner="ImageHorizonLibrary">
<arg>plus.png</arg>
<doc>Finds the reference image on screen and clicks it once.</doc>
<status status="NOT RUN" start="2026-06-08T21:18:20.201944" elapsed="0.000058"/>
</kw>
<kw name="Click Image" owner="ImageHorizonLibrary">
<arg>przycisk_2.png</arg>
<doc>Finds the reference image on screen and clicks it once.</doc>
<status status="NOT RUN" start="2026-06-08T21:18:20.202109" elapsed="0.000022"/>
</kw>
<kw name="Click Image" owner="ImageHorizonLibrary">
<arg>rownosc.png</arg>
<doc>Finds the reference image on screen and clicks it once.</doc>
<status status="NOT RUN" start="2026-06-08T21:18:20.202218" elapsed="0.000021"/>
</kw>
<kw name="Wait For" owner="ImageHorizonLibrary">
<arg>trzy.png</arg>
<doc>Tries to locate given image from the screen for given time.</doc>
<status status="NOT RUN" start="2026-06-08T21:18:20.202326" elapsed="0.000020"/>
</kw>
<status status="FAIL" start="2026-06-08T21:18:14.894029" elapsed="5.308569">ImageNotFoundException</status>
</test>
<test id="s1-t2" name="Test Odejmowania Horizon" line="30">
<kw name="Start Process" owner="Process">
<msg time="2026-06-08T21:18:20.204356" level="INFO">Starting process:
C:\Users\DudeQ\Documents\Programming\Python\Robot_framework\Testowanie_oprogramowania\Zadanie_3\Horizon\calc.exe</msg>
<arg>${APP}</arg>
<doc>Starts a new process on background.</doc>
<status status="PASS" start="2026-06-08T21:18:20.203455" elapsed="0.042725"/>
</kw>
<kw name="Set Reference Folder" owner="ImageHorizonLibrary">
<arg>${IMAGE_FOLDER}</arg>
<doc>Sets where all reference images are stored.</doc>
<status status="PASS" start="2026-06-08T21:18:20.246570" elapsed="0.000384"/>
</kw>
<kw name="Run Keyword And Ignore Error" owner="BuiltIn">
<kw name="Set Confidence" owner="ImageHorizonLibrary">
<arg>0.8</arg>
<doc>Sets the accuracy when finding images.</doc>
<status status="PASS" start="2026-06-08T21:18:20.247824" elapsed="0.000190"/>
</kw>
<arg>Set Confidence</arg>
<arg>0.8</arg>
<doc>Runs the given keyword with the given arguments and ignores possible error.</doc>
<status status="PASS" start="2026-06-08T21:18:20.247167" elapsed="0.000945"/>
</kw>
<kw name="Sleep" owner="BuiltIn">
<msg time="2026-06-08T21:18:25.249124" level="INFO">Slept 5 seconds.</msg>
<arg>5s</arg>
<doc>Pauses the test executed for the given time.</doc>
<status status="PASS" start="2026-06-08T21:18:20.248298" elapsed="5.001071"/>
</kw>
<kw name="Click Image" owner="ImageHorizonLibrary">
<msg time="2026-06-08T21:18:25.483459" level="FAIL">ImageNotFoundException</msg>
<arg>piec.png</arg>
<doc>Finds the reference image on screen and clicks it once.</doc>
<status status="FAIL" start="2026-06-08T21:18:25.249668" elapsed="0.236864">ImageNotFoundException</status>
</kw>
<kw name="Click Image" owner="ImageHorizonLibrary">
<arg>minus.png</arg>
<doc>Finds the reference image on screen and clicks it once.</doc>
<status status="NOT RUN" start="2026-06-08T21:18:25.486940" elapsed="0.000059"/>
</kw>
<kw name="Click Image" owner="ImageHorizonLibrary">
<arg>przycisk_1.png</arg>
<doc>Finds the reference image on screen and clicks it once.</doc>
<status status="NOT RUN" start="2026-06-08T21:18:25.487118" elapsed="0.000023"/>
</kw>
<kw name="Click Image" owner="ImageHorizonLibrary">
<arg>rownosc.png</arg>
<doc>Finds the reference image on screen and clicks it once.</doc>
<status status="NOT RUN" start="2026-06-08T21:18:25.487234" elapsed="0.000020"/>
</kw>
<kw name="Wait For" owner="ImageHorizonLibrary">
<arg>wynik_4.png</arg>
<doc>Tries to locate given image from the screen for given time.</doc>
<status status="NOT RUN" start="2026-06-08T21:18:25.487344" elapsed="0.000019"/>
</kw>
<status status="FAIL" start="2026-06-08T21:18:20.202998" elapsed="5.284669">ImageNotFoundException</status>
</test>
<test id="s1-t3" name="Test Mnozenia Horizon" line="47">
<kw name="Start Process" owner="Process">
<msg time="2026-06-08T21:18:25.489067" level="INFO">Starting process:
C:\Users\DudeQ\Documents\Programming\Python\Robot_framework\Testowanie_oprogramowania\Zadanie_3\Horizon\calc.exe</msg>
<arg>${APP}</arg>
<doc>Starts a new process on background.</doc>
<status status="PASS" start="2026-06-08T21:18:25.488568" elapsed="0.043199"/>
</kw>
<kw name="Set Reference Folder" owner="ImageHorizonLibrary">
<arg>${IMAGE_FOLDER}</arg>
<doc>Sets where all reference images are stored.</doc>
<status status="PASS" start="2026-06-08T21:18:25.532167" elapsed="0.000384"/>
</kw>
<kw name="Run Keyword And Ignore Error" owner="BuiltIn">
<kw name="Set Confidence" owner="ImageHorizonLibrary">
<arg>0.8</arg>
<doc>Sets the accuracy when finding images.</doc>
<status status="PASS" start="2026-06-08T21:18:25.533455" elapsed="0.000263"/>
</kw>
<arg>Set Confidence</arg>
<arg>0.8</arg>
<doc>Runs the given keyword with the given arguments and ignores possible error.</doc>
<status status="PASS" start="2026-06-08T21:18:25.532740" elapsed="0.001102"/>
</kw>
<kw name="Sleep" owner="BuiltIn">
<msg time="2026-06-08T21:18:30.535589" level="INFO">Slept 5 seconds.</msg>
<arg>5s</arg>
<doc>Pauses the test executed for the given time.</doc>
<status status="PASS" start="2026-06-08T21:18:25.534038" elapsed="5.001916"/>
</kw>
<kw name="Click Image" owner="ImageHorizonLibrary">
<msg time="2026-06-08T21:18:30.778524" level="FAIL">ImageNotFoundException</msg>
<arg>szesc.png</arg>
<doc>Finds the reference image on screen and clicks it once.</doc>
<status status="FAIL" start="2026-06-08T21:18:30.536340" elapsed="0.244164">ImageNotFoundException</status>
</kw>
<kw name="Click Image" owner="ImageHorizonLibrary">
<arg>mnozenie.png</arg>
<doc>Finds the reference image on screen and clicks it once.</doc>
<status status="NOT RUN" start="2026-06-08T21:18:30.780965" elapsed="0.000074"/>
</kw>
<kw name="Click Image" owner="ImageHorizonLibrary">
<arg>siedem.png</arg>
<doc>Finds the reference image on screen and clicks it once.</doc>
<status status="NOT RUN" start="2026-06-08T21:18:30.781242" elapsed="0.000064"/>
</kw>
<kw name="Click Image" owner="ImageHorizonLibrary">
<arg>rownosc.png</arg>
<doc>Finds the reference image on screen and clicks it once.</doc>
<status status="NOT RUN" start="2026-06-08T21:18:30.781486" elapsed="0.000025"/>
</kw>
<kw name="Wait For" owner="ImageHorizonLibrary">
<arg>czterydwa.png</arg>
<doc>Tries to locate given image from the screen for given time.</doc>
<status status="NOT RUN" start="2026-06-08T21:18:30.781608" elapsed="0.000020"/>
</kw>
<status status="FAIL" start="2026-06-08T21:18:25.488137" elapsed="5.293716">ImageNotFoundException</status>
</test>
<test id="s1-t4" name="Test Dzielenia Horizon" line="64">
<kw name="Start Process" owner="Process">
<msg time="2026-06-08T21:18:30.783187" level="INFO">Starting process:
C:\Users\DudeQ\Documents\Programming\Python\Robot_framework\Testowanie_oprogramowania\Zadanie_3\Horizon\calc.exe</msg>
<arg>${APP}</arg>
<doc>Starts a new process on background.</doc>
<status status="PASS" start="2026-06-08T21:18:30.782704" elapsed="0.044807"/>
</kw>
<kw name="Set Reference Folder" owner="ImageHorizonLibrary">
<arg>${IMAGE_FOLDER}</arg>
<doc>Sets where all reference images are stored.</doc>
<status status="PASS" start="2026-06-08T21:18:30.827834" elapsed="0.000329"/>
</kw>
<kw name="Run Keyword And Ignore Error" owner="BuiltIn">
<kw name="Set Confidence" owner="ImageHorizonLibrary">
<arg>0.8</arg>
<doc>Sets the accuracy when finding images.</doc>
<status status="PASS" start="2026-06-08T21:18:30.829015" elapsed="0.000223"/>
</kw>
<arg>Set Confidence</arg>
<arg>0.8</arg>
<doc>Runs the given keyword with the given arguments and ignores possible error.</doc>
<status status="PASS" start="2026-06-08T21:18:30.828323" elapsed="0.001035"/>
</kw>
<kw name="Sleep" owner="BuiltIn">
<msg time="2026-06-08T21:18:35.830434" level="INFO">Slept 5 seconds.</msg>
<arg>5s</arg>
<doc>Pauses the test executed for the given time.</doc>
<status status="PASS" start="2026-06-08T21:18:30.829551" elapsed="5.001092"/>
</kw>
<kw name="Click Image" owner="ImageHorizonLibrary">
<msg time="2026-06-08T21:18:36.041308" level="FAIL">ImageNotFoundException</msg>
<arg>szesc.png</arg>
<doc>Finds the reference image on screen and clicks it once.</doc>
<status status="FAIL" start="2026-06-08T21:18:35.830889" elapsed="0.213332">ImageNotFoundException</status>
</kw>
<kw name="Click Image" owner="ImageHorizonLibrary">
<arg>dziel.png</arg>
<doc>Finds the reference image on screen and clicks it once.</doc>
<status status="NOT RUN" start="2026-06-08T21:18:36.044572" elapsed="0.000058"/>
</kw>
<kw name="Click Image" owner="ImageHorizonLibrary">
<arg>p_3.png</arg>
<doc>Finds the reference image on screen and clicks it once.</doc>
<status status="NOT RUN" start="2026-06-08T21:18:36.044784" elapsed="0.000036"/>
</kw>
<kw name="Click Image" owner="ImageHorizonLibrary">
<arg>rownosc.png</arg>
<doc>Finds the reference image on screen and clicks it once.</doc>
<status status="NOT RUN" start="2026-06-08T21:18:36.044960" elapsed="0.000034"/>
</kw>
<kw name="Wait For" owner="ImageHorizonLibrary">
<arg>wynik_2.png</arg>
<doc>Tries to locate given image from the screen for given time.</doc>
<status status="NOT RUN" start="2026-06-08T21:18:36.045137" elapsed="0.000033"/>
</kw>
<status status="FAIL" start="2026-06-08T21:18:30.782283" elapsed="5.263190">ImageNotFoundException</status>
</test>
<status status="FAIL" start="2026-06-08T21:18:14.374160" elapsed="21.672178"/>
</suite>
<statistics>
<total>
<stat pass="0" fail="4" skip="0">All Tests</stat>
</total>
<tag>
</tag>
<suite>
<stat name="Friend_Test" id="s1" pass="0" fail="4" skip="0">Friend_Test</stat>
</suite>
</statistics>
<errors>
</errors>
</robot>
